ARM GAS  /tmp/ccfTZdt0.s 			page 1


   1              		.cpu cortex-m4
   2              		.arch armv7e-m
   3              		.fpu fpv4-sp-d16
   4              		.eabi_attribute 27, 1
   5              		.eabi_attribute 28, 1
   6              		.eabi_attribute 20, 1
   7              		.eabi_attribute 21, 1
   8              		.eabi_attribute 23, 3
   9              		.eabi_attribute 24, 1
  10              		.eabi_attribute 25, 1
  11              		.eabi_attribute 26, 1
  12              		.eabi_attribute 30, 6
  13              		.eabi_attribute 34, 1
  14              		.eabi_attribute 18, 4
  15              		.file	"list.c"
  16              		.text
  17              	.Ltext0:
  18              		.cfi_sections	.debug_frame
  19              		.file 1 "Middlewares/Third_Party/FreeRTOS/Source/list.c"
  20              		.section	.text.vListInitialise,"ax",%progbits
  21              		.align	1
  22              		.global	vListInitialise
  23              		.syntax unified
  24              		.thumb
  25              		.thumb_func
  27              	vListInitialise:
  28              	.LFB4:
   1:Middlewares/Third_Party/FreeRTOS/Source/list.c **** /*
   2:Middlewares/Third_Party/FreeRTOS/Source/list.c ****  * FreeRTOS Kernel V10.3.1
   3:Middlewares/Third_Party/FreeRTOS/Source/list.c ****  * Copyright (C) 2020 Amazon.com, Inc. or its affiliates.  All Rights Reserved.
   4:Middlewares/Third_Party/FreeRTOS/Source/list.c ****  *
   5:Middlewares/Third_Party/FreeRTOS/Source/list.c ****  * Permission is hereby granted, free of charge, to any person obtaining a copy of
   6:Middlewares/Third_Party/FreeRTOS/Source/list.c ****  * this software and associated documentation files (the "Software"), to deal in
   7:Middlewares/Third_Party/FreeRTOS/Source/list.c ****  * the Software without restriction, including without limitation the rights to
   8:Middlewares/Third_Party/FreeRTOS/Source/list.c ****  * use, copy, modify, merge, publish, distribute, sublicense, and/or sell copies of
   9:Middlewares/Third_Party/FreeRTOS/Source/list.c ****  * the Software, and to permit persons to whom the Software is furnished to do so,
  10:Middlewares/Third_Party/FreeRTOS/Source/list.c ****  * subject to the following conditions:
  11:Middlewares/Third_Party/FreeRTOS/Source/list.c ****  *
  12:Middlewares/Third_Party/FreeRTOS/Source/list.c ****  * The above copyright notice and this permission notice shall be included in all
  13:Middlewares/Third_Party/FreeRTOS/Source/list.c ****  * copies or substantial portions of the Software.
  14:Middlewares/Third_Party/FreeRTOS/Source/list.c ****  *
  15:Middlewares/Third_Party/FreeRTOS/Source/list.c ****  * THE SOFTWARE IS PROVIDED "AS IS", WITHOUT WARRANTY OF ANY KIND, EXPRESS OR
  16:Middlewares/Third_Party/FreeRTOS/Source/list.c ****  * IMPLIED, INCLUDING BUT NOT LIMITED TO THE WARRANTIES OF MERCHANTABILITY, FITNESS
  17:Middlewares/Third_Party/FreeRTOS/Source/list.c ****  * FOR A PARTICULAR PURPOSE AND NONINFRINGEMENT. IN NO EVENT SHALL THE AUTHORS OR
  18:Middlewares/Third_Party/FreeRTOS/Source/list.c ****  * COPYRIGHT HOLDERS BE LIABLE FOR ANY CLAIM, DAMAGES OR OTHER LIABILITY, WHETHER
  19:Middlewares/Third_Party/FreeRTOS/Source/list.c ****  * IN AN ACTION OF CONTRACT, TORT OR OTHERWISE, ARISING FROM, OUT OF OR IN
  20:Middlewares/Third_Party/FreeRTOS/Source/list.c ****  * CONNECTION WITH THE SOFTWARE OR THE USE OR OTHER DEALINGS IN THE SOFTWARE.
  21:Middlewares/Third_Party/FreeRTOS/Source/list.c ****  *
  22:Middlewares/Third_Party/FreeRTOS/Source/list.c ****  * http://www.FreeRTOS.org
  23:Middlewares/Third_Party/FreeRTOS/Source/list.c ****  * http://aws.amazon.com/freertos
  24:Middlewares/Third_Party/FreeRTOS/Source/list.c ****  *
  25:Middlewares/Third_Party/FreeRTOS/Source/list.c ****  * 1 tab == 4 spaces!
  26:Middlewares/Third_Party/FreeRTOS/Source/list.c ****  */
  27:Middlewares/Third_Party/FreeRTOS/Source/list.c **** 
  28:Middlewares/Third_Party/FreeRTOS/Source/list.c **** 
  29:Middlewares/Third_Party/FreeRTOS/Source/list.c **** #include <stdlib.h>
  30:Middlewares/Third_Party/FreeRTOS/Source/list.c **** #include "FreeRTOS.h"
ARM GAS  /tmp/ccfTZdt0.s 			page 2


  31:Middlewares/Third_Party/FreeRTOS/Source/list.c **** #include "list.h"
  32:Middlewares/Third_Party/FreeRTOS/Source/list.c **** 
  33:Middlewares/Third_Party/FreeRTOS/Source/list.c **** /*-----------------------------------------------------------
  34:Middlewares/Third_Party/FreeRTOS/Source/list.c ****  * PUBLIC LIST API documented in list.h
  35:Middlewares/Third_Party/FreeRTOS/Source/list.c ****  *----------------------------------------------------------*/
  36:Middlewares/Third_Party/FreeRTOS/Source/list.c **** 
  37:Middlewares/Third_Party/FreeRTOS/Source/list.c **** void vListInitialise( List_t * const pxList )
  38:Middlewares/Third_Party/FreeRTOS/Source/list.c **** {
  29              		.loc 1 38 1
  30              		.cfi_startproc
  31              		@ args = 0, pretend = 0, frame = 8
  32              		@ frame_needed = 1, uses_anonymous_args = 0
  33              		@ link register save eliminated.
  34 0000 80B4     		push	{r7}
  35              	.LCFI0:
  36              		.cfi_def_cfa_offset 4
  37              		.cfi_offset 7, -4
  38 0002 83B0     		sub	sp, sp, #12
  39              	.LCFI1:
  40              		.cfi_def_cfa_offset 16
  41 0004 00AF     		add	r7, sp, #0
  42              	.LCFI2:
  43              		.cfi_def_cfa_register 7
  44 0006 7860     		str	r0, [r7, #4]
  39:Middlewares/Third_Party/FreeRTOS/Source/list.c **** 	/* The list structure contains a list item which is used to mark the
  40:Middlewares/Third_Party/FreeRTOS/Source/list.c **** 	end of the list.  To initialise the list the list end is inserted
  41:Middlewares/Third_Party/FreeRTOS/Source/list.c **** 	as the only list entry. */
  42:Middlewares/Third_Party/FreeRTOS/Source/list.c **** 	pxList->pxIndex = ( ListItem_t * ) &( pxList->xListEnd );			/*lint !e826 !e740 !e9087 The mini lis
  45              		.loc 1 42 37
  46 0008 7B68     		ldr	r3, [r7, #4]
  47 000a 03F10802 		add	r2, r3, #8
  48              		.loc 1 42 18
  49 000e 7B68     		ldr	r3, [r7, #4]
  50 0010 5A60     		str	r2, [r3, #4]
  43:Middlewares/Third_Party/FreeRTOS/Source/list.c **** 
  44:Middlewares/Third_Party/FreeRTOS/Source/list.c **** 	/* The list end value is the highest possible value in the list to
  45:Middlewares/Third_Party/FreeRTOS/Source/list.c **** 	ensure it remains at the end of the list. */
  46:Middlewares/Third_Party/FreeRTOS/Source/list.c **** 	pxList->xListEnd.xItemValue = portMAX_DELAY;
  51              		.loc 1 46 30
  52 0012 7B68     		ldr	r3, [r7, #4]
  53 0014 4FF0FF32 		mov	r2, #-1
  54 0018 9A60     		str	r2, [r3, #8]
  47:Middlewares/Third_Party/FreeRTOS/Source/list.c **** 
  48:Middlewares/Third_Party/FreeRTOS/Source/list.c **** 	/* The list end next and previous pointers point to itself so we know
  49:Middlewares/Third_Party/FreeRTOS/Source/list.c **** 	when the list is empty. */
  50:Middlewares/Third_Party/FreeRTOS/Source/list.c **** 	pxList->xListEnd.pxNext = ( ListItem_t * ) &( pxList->xListEnd );	/*lint !e826 !e740 !e9087 The mi
  55              		.loc 1 50 45
  56 001a 7B68     		ldr	r3, [r7, #4]
  57 001c 03F10802 		add	r2, r3, #8
  58              		.loc 1 50 26
  59 0020 7B68     		ldr	r3, [r7, #4]
  60 0022 DA60     		str	r2, [r3, #12]
  51:Middlewares/Third_Party/FreeRTOS/Source/list.c **** 	pxList->xListEnd.pxPrevious = ( ListItem_t * ) &( pxList->xListEnd );/*lint !e826 !e740 !e9087 The
  61              		.loc 1 51 49
  62 0024 7B68     		ldr	r3, [r7, #4]
  63 0026 03F10802 		add	r2, r3, #8
  64              		.loc 1 51 30
ARM GAS  /tmp/ccfTZdt0.s 			page 3


  65 002a 7B68     		ldr	r3, [r7, #4]
  66 002c 1A61     		str	r2, [r3, #16]
  52:Middlewares/Third_Party/FreeRTOS/Source/list.c **** 
  53:Middlewares/Third_Party/FreeRTOS/Source/list.c **** 	pxList->uxNumberOfItems = ( UBaseType_t ) 0U;
  67              		.loc 1 53 26
  68 002e 7B68     		ldr	r3, [r7, #4]
  69 0030 0022     		movs	r2, #0
  70 0032 1A60     		str	r2, [r3]
  54:Middlewares/Third_Party/FreeRTOS/Source/list.c **** 
  55:Middlewares/Third_Party/FreeRTOS/Source/list.c **** 	/* Write known values into the list if
  56:Middlewares/Third_Party/FreeRTOS/Source/list.c **** 	configUSE_LIST_DATA_INTEGRITY_CHECK_BYTES is set to 1. */
  57:Middlewares/Third_Party/FreeRTOS/Source/list.c **** 	listSET_LIST_INTEGRITY_CHECK_1_VALUE( pxList );
  58:Middlewares/Third_Party/FreeRTOS/Source/list.c **** 	listSET_LIST_INTEGRITY_CHECK_2_VALUE( pxList );
  59:Middlewares/Third_Party/FreeRTOS/Source/list.c **** }
  71              		.loc 1 59 1
  72 0034 00BF     		nop
  73 0036 0C37     		adds	r7, r7, #12
  74              	.LCFI3:
  75              		.cfi_def_cfa_offset 4
  76 0038 BD46     		mov	sp, r7
  77              	.LCFI4:
  78              		.cfi_def_cfa_register 13
  79              		@ sp needed
  80 003a 5DF8047B 		ldr	r7, [sp], #4
  81              	.LCFI5:
  82              		.cfi_restore 7
  83              		.cfi_def_cfa_offset 0
  84 003e 7047     		bx	lr
  85              		.cfi_endproc
  86              	.LFE4:
  88              		.section	.text.vListInitialiseItem,"ax",%progbits
  89              		.align	1
  90              		.global	vListInitialiseItem
  91              		.syntax unified
  92              		.thumb
  93              		.thumb_func
  95              	vListInitialiseItem:
  96              	.LFB5:
  60:Middlewares/Third_Party/FreeRTOS/Source/list.c **** /*-----------------------------------------------------------*/
  61:Middlewares/Third_Party/FreeRTOS/Source/list.c **** 
  62:Middlewares/Third_Party/FreeRTOS/Source/list.c **** void vListInitialiseItem( ListItem_t * const pxItem )
  63:Middlewares/Third_Party/FreeRTOS/Source/list.c **** {
  97              		.loc 1 63 1
  98              		.cfi_startproc
  99              		@ args = 0, pretend = 0, frame = 8
 100              		@ frame_needed = 1, uses_anonymous_args = 0
 101              		@ link register save eliminated.
 102 0000 80B4     		push	{r7}
 103              	.LCFI6:
 104              		.cfi_def_cfa_offset 4
 105              		.cfi_offset 7, -4
 106 0002 83B0     		sub	sp, sp, #12
 107              	.LCFI7:
 108              		.cfi_def_cfa_offset 16
 109 0004 00AF     		add	r7, sp, #0
 110              	.LCFI8:
 111              		.cfi_def_cfa_register 7
ARM GAS  /tmp/ccfTZdt0.s 			page 4


 112 0006 7860     		str	r0, [r7, #4]
  64:Middlewares/Third_Party/FreeRTOS/Source/list.c **** 	/* Make sure the list item is not recorded as being on a list. */
  65:Middlewares/Third_Party/FreeRTOS/Source/list.c **** 	pxItem->pxContainer = NULL;
 113              		.loc 1 65 22
 114 0008 7B68     		ldr	r3, [r7, #4]
 115 000a 0022     		movs	r2, #0
 116 000c 1A61     		str	r2, [r3, #16]
  66:Middlewares/Third_Party/FreeRTOS/Source/list.c **** 
  67:Middlewares/Third_Party/FreeRTOS/Source/list.c **** 	/* Write known values into the list item if
  68:Middlewares/Third_Party/FreeRTOS/Source/list.c **** 	configUSE_LIST_DATA_INTEGRITY_CHECK_BYTES is set to 1. */
  69:Middlewares/Third_Party/FreeRTOS/Source/list.c **** 	listSET_FIRST_LIST_ITEM_INTEGRITY_CHECK_VALUE( pxItem );
  70:Middlewares/Third_Party/FreeRTOS/Source/list.c **** 	listSET_SECOND_LIST_ITEM_INTEGRITY_CHECK_VALUE( pxItem );
  71:Middlewares/Third_Party/FreeRTOS/Source/list.c **** }
 117              		.loc 1 71 1
 118 000e 00BF     		nop
 119 0010 0C37     		adds	r7, r7, #12
 120              	.LCFI9:
 121              		.cfi_def_cfa_offset 4
 122 0012 BD46     		mov	sp, r7
 123              	.LCFI10:
 124              		.cfi_def_cfa_register 13
 125              		@ sp needed
 126 0014 5DF8047B 		ldr	r7, [sp], #4
 127              	.LCFI11:
 128              		.cfi_restore 7
 129              		.cfi_def_cfa_offset 0
 130 0018 7047     		bx	lr
 131              		.cfi_endproc
 132              	.LFE5:
 134              		.section	.text.vListInsertEnd,"ax",%progbits
 135              		.align	1
 136              		.global	vListInsertEnd
 137              		.syntax unified
 138              		.thumb
 139              		.thumb_func
 141              	vListInsertEnd:
 142              	.LFB6:
  72:Middlewares/Third_Party/FreeRTOS/Source/list.c **** /*-----------------------------------------------------------*/
  73:Middlewares/Third_Party/FreeRTOS/Source/list.c **** 
  74:Middlewares/Third_Party/FreeRTOS/Source/list.c **** void vListInsertEnd( List_t * const pxList, ListItem_t * const pxNewListItem )
  75:Middlewares/Third_Party/FreeRTOS/Source/list.c **** {
 143              		.loc 1 75 1
 144              		.cfi_startproc
 145              		@ args = 0, pretend = 0, frame = 16
 146              		@ frame_needed = 1, uses_anonymous_args = 0
 147              		@ link register save eliminated.
 148 0000 80B4     		push	{r7}
 149              	.LCFI12:
 150              		.cfi_def_cfa_offset 4
 151              		.cfi_offset 7, -4
 152 0002 85B0     		sub	sp, sp, #20
 153              	.LCFI13:
 154              		.cfi_def_cfa_offset 24
 155 0004 00AF     		add	r7, sp, #0
 156              	.LCFI14:
 157              		.cfi_def_cfa_register 7
 158 0006 7860     		str	r0, [r7, #4]
ARM GAS  /tmp/ccfTZdt0.s 			page 5


 159 0008 3960     		str	r1, [r7]
  76:Middlewares/Third_Party/FreeRTOS/Source/list.c **** ListItem_t * const pxIndex = pxList->pxIndex;
 160              		.loc 1 76 20
 161 000a 7B68     		ldr	r3, [r7, #4]
 162 000c 5B68     		ldr	r3, [r3, #4]
 163 000e FB60     		str	r3, [r7, #12]
  77:Middlewares/Third_Party/FreeRTOS/Source/list.c **** 
  78:Middlewares/Third_Party/FreeRTOS/Source/list.c **** 	/* Only effective when configASSERT() is also defined, these tests may catch
  79:Middlewares/Third_Party/FreeRTOS/Source/list.c **** 	the list data structures being overwritten in memory.  They will not catch
  80:Middlewares/Third_Party/FreeRTOS/Source/list.c **** 	data errors caused by incorrect configuration or use of FreeRTOS. */
  81:Middlewares/Third_Party/FreeRTOS/Source/list.c **** 	listTEST_LIST_INTEGRITY( pxList );
  82:Middlewares/Third_Party/FreeRTOS/Source/list.c **** 	listTEST_LIST_ITEM_INTEGRITY( pxNewListItem );
  83:Middlewares/Third_Party/FreeRTOS/Source/list.c **** 
  84:Middlewares/Third_Party/FreeRTOS/Source/list.c **** 	/* Insert a new list item into pxList, but rather than sort the list,
  85:Middlewares/Third_Party/FreeRTOS/Source/list.c **** 	makes the new list item the last item to be removed by a call to
  86:Middlewares/Third_Party/FreeRTOS/Source/list.c **** 	listGET_OWNER_OF_NEXT_ENTRY(). */
  87:Middlewares/Third_Party/FreeRTOS/Source/list.c **** 	pxNewListItem->pxNext = pxIndex;
 164              		.loc 1 87 24
 165 0010 3B68     		ldr	r3, [r7]
 166 0012 FA68     		ldr	r2, [r7, #12]
 167 0014 5A60     		str	r2, [r3, #4]
  88:Middlewares/Third_Party/FreeRTOS/Source/list.c **** 	pxNewListItem->pxPrevious = pxIndex->pxPrevious;
 168              		.loc 1 88 37
 169 0016 FB68     		ldr	r3, [r7, #12]
 170 0018 9A68     		ldr	r2, [r3, #8]
 171              		.loc 1 88 28
 172 001a 3B68     		ldr	r3, [r7]
 173 001c 9A60     		str	r2, [r3, #8]
  89:Middlewares/Third_Party/FreeRTOS/Source/list.c **** 
  90:Middlewares/Third_Party/FreeRTOS/Source/list.c **** 	/* Only used during decision coverage testing. */
  91:Middlewares/Third_Party/FreeRTOS/Source/list.c **** 	mtCOVERAGE_TEST_DELAY();
  92:Middlewares/Third_Party/FreeRTOS/Source/list.c **** 
  93:Middlewares/Third_Party/FreeRTOS/Source/list.c **** 	pxIndex->pxPrevious->pxNext = pxNewListItem;
 174              		.loc 1 93 9
 175 001e FB68     		ldr	r3, [r7, #12]
 176 0020 9B68     		ldr	r3, [r3, #8]
 177              		.loc 1 93 30
 178 0022 3A68     		ldr	r2, [r7]
 179 0024 5A60     		str	r2, [r3, #4]
  94:Middlewares/Third_Party/FreeRTOS/Source/list.c **** 	pxIndex->pxPrevious = pxNewListItem;
 180              		.loc 1 94 22
 181 0026 FB68     		ldr	r3, [r7, #12]
 182 0028 3A68     		ldr	r2, [r7]
 183 002a 9A60     		str	r2, [r3, #8]
  95:Middlewares/Third_Party/FreeRTOS/Source/list.c **** 
  96:Middlewares/Third_Party/FreeRTOS/Source/list.c **** 	/* Remember which list the item is in. */
  97:Middlewares/Third_Party/FreeRTOS/Source/list.c **** 	pxNewListItem->pxContainer = pxList;
 184              		.loc 1 97 29
 185 002c 3B68     		ldr	r3, [r7]
 186 002e 7A68     		ldr	r2, [r7, #4]
 187 0030 1A61     		str	r2, [r3, #16]
  98:Middlewares/Third_Party/FreeRTOS/Source/list.c **** 
  99:Middlewares/Third_Party/FreeRTOS/Source/list.c **** 	( pxList->uxNumberOfItems )++;
 188              		.loc 1 99 10
 189 0032 7B68     		ldr	r3, [r7, #4]
 190 0034 1B68     		ldr	r3, [r3]
 191              		.loc 1 99 29
ARM GAS  /tmp/ccfTZdt0.s 			page 6


 192 0036 5A1C     		adds	r2, r3, #1
 193 0038 7B68     		ldr	r3, [r7, #4]
 194 003a 1A60     		str	r2, [r3]
 100:Middlewares/Third_Party/FreeRTOS/Source/list.c **** }
 195              		.loc 1 100 1
 196 003c 00BF     		nop
 197 003e 1437     		adds	r7, r7, #20
 198              	.LCFI15:
 199              		.cfi_def_cfa_offset 4
 200 0040 BD46     		mov	sp, r7
 201              	.LCFI16:
 202              		.cfi_def_cfa_register 13
 203              		@ sp needed
 204 0042 5DF8047B 		ldr	r7, [sp], #4
 205              	.LCFI17:
 206              		.cfi_restore 7
 207              		.cfi_def_cfa_offset 0
 208 0046 7047     		bx	lr
 209              		.cfi_endproc
 210              	.LFE6:
 212              		.section	.text.vListInsert,"ax",%progbits
 213              		.align	1
 214              		.global	vListInsert
 215              		.syntax unified
 216              		.thumb
 217              		.thumb_func
 219              	vListInsert:
 220              	.LFB7:
 101:Middlewares/Third_Party/FreeRTOS/Source/list.c **** /*-----------------------------------------------------------*/
 102:Middlewares/Third_Party/FreeRTOS/Source/list.c **** 
 103:Middlewares/Third_Party/FreeRTOS/Source/list.c **** void vListInsert( List_t * const pxList, ListItem_t * const pxNewListItem )
 104:Middlewares/Third_Party/FreeRTOS/Source/list.c **** {
 221              		.loc 1 104 1
 222              		.cfi_startproc
 223              		@ args = 0, pretend = 0, frame = 16
 224              		@ frame_needed = 1, uses_anonymous_args = 0
 225              		@ link register save eliminated.
 226 0000 80B4     		push	{r7}
 227              	.LCFI18:
 228              		.cfi_def_cfa_offset 4
 229              		.cfi_offset 7, -4
 230 0002 85B0     		sub	sp, sp, #20
 231              	.LCFI19:
 232              		.cfi_def_cfa_offset 24
 233 0004 00AF     		add	r7, sp, #0
 234              	.LCFI20:
 235              		.cfi_def_cfa_register 7
 236 0006 7860     		str	r0, [r7, #4]
 237 0008 3960     		str	r1, [r7]
 105:Middlewares/Third_Party/FreeRTOS/Source/list.c **** ListItem_t *pxIterator;
 106:Middlewares/Third_Party/FreeRTOS/Source/list.c **** const TickType_t xValueOfInsertion = pxNewListItem->xItemValue;
 238              		.loc 1 106 18
 239 000a 3B68     		ldr	r3, [r7]
 240 000c 1B68     		ldr	r3, [r3]
 241 000e BB60     		str	r3, [r7, #8]
 107:Middlewares/Third_Party/FreeRTOS/Source/list.c **** 
 108:Middlewares/Third_Party/FreeRTOS/Source/list.c **** 	/* Only effective when configASSERT() is also defined, these tests may catch
ARM GAS  /tmp/ccfTZdt0.s 			page 7


 109:Middlewares/Third_Party/FreeRTOS/Source/list.c **** 	the list data structures being overwritten in memory.  They will not catch
 110:Middlewares/Third_Party/FreeRTOS/Source/list.c **** 	data errors caused by incorrect configuration or use of FreeRTOS. */
 111:Middlewares/Third_Party/FreeRTOS/Source/list.c **** 	listTEST_LIST_INTEGRITY( pxList );
 112:Middlewares/Third_Party/FreeRTOS/Source/list.c **** 	listTEST_LIST_ITEM_INTEGRITY( pxNewListItem );
 113:Middlewares/Third_Party/FreeRTOS/Source/list.c **** 
 114:Middlewares/Third_Party/FreeRTOS/Source/list.c **** 	/* Insert the new list item into the list, sorted in xItemValue order.
 115:Middlewares/Third_Party/FreeRTOS/Source/list.c **** 
 116:Middlewares/Third_Party/FreeRTOS/Source/list.c **** 	If the list already contains a list item with the same item value then the
 117:Middlewares/Third_Party/FreeRTOS/Source/list.c **** 	new list item should be placed after it.  This ensures that TCBs which are
 118:Middlewares/Third_Party/FreeRTOS/Source/list.c **** 	stored in ready lists (all of which have the same xItemValue value) get a
 119:Middlewares/Third_Party/FreeRTOS/Source/list.c **** 	share of the CPU.  However, if the xItemValue is the same as the back marker
 120:Middlewares/Third_Party/FreeRTOS/Source/list.c **** 	the iteration loop below will not end.  Therefore the value is checked
 121:Middlewares/Third_Party/FreeRTOS/Source/list.c **** 	first, and the algorithm slightly modified if necessary. */
 122:Middlewares/Third_Party/FreeRTOS/Source/list.c **** 	if( xValueOfInsertion == portMAX_DELAY )
 242              		.loc 1 122 4
 243 0010 BB68     		ldr	r3, [r7, #8]
 244 0012 B3F1FF3F 		cmp	r3, #-1
 245 0016 03D1     		bne	.L5
 123:Middlewares/Third_Party/FreeRTOS/Source/list.c **** 	{
 124:Middlewares/Third_Party/FreeRTOS/Source/list.c **** 		pxIterator = pxList->xListEnd.pxPrevious;
 246              		.loc 1 124 14
 247 0018 7B68     		ldr	r3, [r7, #4]
 248 001a 1B69     		ldr	r3, [r3, #16]
 249 001c FB60     		str	r3, [r7, #12]
 250 001e 0CE0     		b	.L6
 251              	.L5:
 125:Middlewares/Third_Party/FreeRTOS/Source/list.c **** 	}
 126:Middlewares/Third_Party/FreeRTOS/Source/list.c **** 	else
 127:Middlewares/Third_Party/FreeRTOS/Source/list.c **** 	{
 128:Middlewares/Third_Party/FreeRTOS/Source/list.c **** 		/* *** NOTE ***********************************************************
 129:Middlewares/Third_Party/FreeRTOS/Source/list.c **** 		If you find your application is crashing here then likely causes are
 130:Middlewares/Third_Party/FreeRTOS/Source/list.c **** 		listed below.  In addition see https://www.freertos.org/FAQHelp.html for
 131:Middlewares/Third_Party/FreeRTOS/Source/list.c **** 		more tips, and ensure configASSERT() is defined!
 132:Middlewares/Third_Party/FreeRTOS/Source/list.c **** 		https://www.freertos.org/a00110.html#configASSERT
 133:Middlewares/Third_Party/FreeRTOS/Source/list.c **** 
 134:Middlewares/Third_Party/FreeRTOS/Source/list.c **** 			1) Stack overflow -
 135:Middlewares/Third_Party/FreeRTOS/Source/list.c **** 			   see https://www.freertos.org/Stacks-and-stack-overflow-checking.html
 136:Middlewares/Third_Party/FreeRTOS/Source/list.c **** 			2) Incorrect interrupt priority assignment, especially on Cortex-M
 137:Middlewares/Third_Party/FreeRTOS/Source/list.c **** 			   parts where numerically high priority values denote low actual
 138:Middlewares/Third_Party/FreeRTOS/Source/list.c **** 			   interrupt priorities, which can seem counter intuitive.  See
 139:Middlewares/Third_Party/FreeRTOS/Source/list.c **** 			   https://www.freertos.org/RTOS-Cortex-M3-M4.html and the definition
 140:Middlewares/Third_Party/FreeRTOS/Source/list.c **** 			   of configMAX_SYSCALL_INTERRUPT_PRIORITY on
 141:Middlewares/Third_Party/FreeRTOS/Source/list.c **** 			   https://www.freertos.org/a00110.html
 142:Middlewares/Third_Party/FreeRTOS/Source/list.c **** 			3) Calling an API function from within a critical section or when
 143:Middlewares/Third_Party/FreeRTOS/Source/list.c **** 			   the scheduler is suspended, or calling an API function that does
 144:Middlewares/Third_Party/FreeRTOS/Source/list.c **** 			   not end in "FromISR" from an interrupt.
 145:Middlewares/Third_Party/FreeRTOS/Source/list.c **** 			4) Using a queue or semaphore before it has been initialised or
 146:Middlewares/Third_Party/FreeRTOS/Source/list.c **** 			   before the scheduler has been started (are interrupts firing
 147:Middlewares/Third_Party/FreeRTOS/Source/list.c **** 			   before vTaskStartScheduler() has been called?).
 148:Middlewares/Third_Party/FreeRTOS/Source/list.c **** 		**********************************************************************/
 149:Middlewares/Third_Party/FreeRTOS/Source/list.c **** 
 150:Middlewares/Third_Party/FreeRTOS/Source/list.c **** 		for( pxIterator = ( ListItem_t * ) &( pxList->xListEnd ); pxIterator->pxNext->xItemValue <= xValu
 252              		.loc 1 150 19
 253 0020 7B68     		ldr	r3, [r7, #4]
 254 0022 0833     		adds	r3, r3, #8
 255 0024 FB60     		str	r3, [r7, #12]
 256              		.loc 1 150 3
ARM GAS  /tmp/ccfTZdt0.s 			page 8


 257 0026 02E0     		b	.L7
 258              	.L8:
 259              		.loc 1 150 125 discriminator 3
 260 0028 FB68     		ldr	r3, [r7, #12]
 261 002a 5B68     		ldr	r3, [r3, #4]
 262 002c FB60     		str	r3, [r7, #12]
 263              	.L7:
 264              		.loc 1 150 71 discriminator 1
 265 002e FB68     		ldr	r3, [r7, #12]
 266 0030 5B68     		ldr	r3, [r3, #4]
 267              		.loc 1 150 79 discriminator 1
 268 0032 1B68     		ldr	r3, [r3]
 269              		.loc 1 150 92 discriminator 1
 270 0034 BA68     		ldr	r2, [r7, #8]
 271 0036 9A42     		cmp	r2, r3
 272 0038 F6D2     		bcs	.L8
 273              	.L6:
 151:Middlewares/Third_Party/FreeRTOS/Source/list.c **** 		{
 152:Middlewares/Third_Party/FreeRTOS/Source/list.c **** 			/* There is nothing to do here, just iterating to the wanted
 153:Middlewares/Third_Party/FreeRTOS/Source/list.c **** 			insertion position. */
 154:Middlewares/Third_Party/FreeRTOS/Source/list.c **** 		}
 155:Middlewares/Third_Party/FreeRTOS/Source/list.c **** 	}
 156:Middlewares/Third_Party/FreeRTOS/Source/list.c **** 
 157:Middlewares/Third_Party/FreeRTOS/Source/list.c **** 	pxNewListItem->pxNext = pxIterator->pxNext;
 274              		.loc 1 157 36
 275 003a FB68     		ldr	r3, [r7, #12]
 276 003c 5A68     		ldr	r2, [r3, #4]
 277              		.loc 1 157 24
 278 003e 3B68     		ldr	r3, [r7]
 279 0040 5A60     		str	r2, [r3, #4]
 158:Middlewares/Third_Party/FreeRTOS/Source/list.c **** 	pxNewListItem->pxNext->pxPrevious = pxNewListItem;
 280              		.loc 1 158 15
 281 0042 3B68     		ldr	r3, [r7]
 282 0044 5B68     		ldr	r3, [r3, #4]
 283              		.loc 1 158 36
 284 0046 3A68     		ldr	r2, [r7]
 285 0048 9A60     		str	r2, [r3, #8]
 159:Middlewares/Third_Party/FreeRTOS/Source/list.c **** 	pxNewListItem->pxPrevious = pxIterator;
 286              		.loc 1 159 28
 287 004a 3B68     		ldr	r3, [r7]
 288 004c FA68     		ldr	r2, [r7, #12]
 289 004e 9A60     		str	r2, [r3, #8]
 160:Middlewares/Third_Party/FreeRTOS/Source/list.c **** 	pxIterator->pxNext = pxNewListItem;
 290              		.loc 1 160 21
 291 0050 FB68     		ldr	r3, [r7, #12]
 292 0052 3A68     		ldr	r2, [r7]
 293 0054 5A60     		str	r2, [r3, #4]
 161:Middlewares/Third_Party/FreeRTOS/Source/list.c **** 
 162:Middlewares/Third_Party/FreeRTOS/Source/list.c **** 	/* Remember which list the item is in.  This allows fast removal of the
 163:Middlewares/Third_Party/FreeRTOS/Source/list.c **** 	item later. */
 164:Middlewares/Third_Party/FreeRTOS/Source/list.c **** 	pxNewListItem->pxContainer = pxList;
 294              		.loc 1 164 29
 295 0056 3B68     		ldr	r3, [r7]
 296 0058 7A68     		ldr	r2, [r7, #4]
 297 005a 1A61     		str	r2, [r3, #16]
 165:Middlewares/Third_Party/FreeRTOS/Source/list.c **** 
 166:Middlewares/Third_Party/FreeRTOS/Source/list.c **** 	( pxList->uxNumberOfItems )++;
ARM GAS  /tmp/ccfTZdt0.s 			page 9


 298              		.loc 1 166 10
 299 005c 7B68     		ldr	r3, [r7, #4]
 300 005e 1B68     		ldr	r3, [r3]
 301              		.loc 1 166 29
 302 0060 5A1C     		adds	r2, r3, #1
 303 0062 7B68     		ldr	r3, [r7, #4]
 304 0064 1A60     		str	r2, [r3]
 167:Middlewares/Third_Party/FreeRTOS/Source/list.c **** }
 305              		.loc 1 167 1
 306 0066 00BF     		nop
 307 0068 1437     		adds	r7, r7, #20
 308              	.LCFI21:
 309              		.cfi_def_cfa_offset 4
 310 006a BD46     		mov	sp, r7
 311              	.LCFI22:
 312              		.cfi_def_cfa_register 13
 313              		@ sp needed
 314 006c 5DF8047B 		ldr	r7, [sp], #4
 315              	.LCFI23:
 316              		.cfi_restore 7
 317              		.cfi_def_cfa_offset 0
 318 0070 7047     		bx	lr
 319              		.cfi_endproc
 320              	.LFE7:
 322              		.section	.text.uxListRemove,"ax",%progbits
 323              		.align	1
 324              		.global	uxListRemove
 325              		.syntax unified
 326              		.thumb
 327              		.thumb_func
 329              	uxListRemove:
 330              	.LFB8:
 168:Middlewares/Third_Party/FreeRTOS/Source/list.c **** /*-----------------------------------------------------------*/
 169:Middlewares/Third_Party/FreeRTOS/Source/list.c **** 
 170:Middlewares/Third_Party/FreeRTOS/Source/list.c **** UBaseType_t uxListRemove( ListItem_t * const pxItemToRemove )
 171:Middlewares/Third_Party/FreeRTOS/Source/list.c **** {
 331              		.loc 1 171 1
 332              		.cfi_startproc
 333              		@ args = 0, pretend = 0, frame = 16
 334              		@ frame_needed = 1, uses_anonymous_args = 0
 335              		@ link register save eliminated.
 336 0000 80B4     		push	{r7}
 337              	.LCFI24:
 338              		.cfi_def_cfa_offset 4
 339              		.cfi_offset 7, -4
 340 0002 85B0     		sub	sp, sp, #20
 341              	.LCFI25:
 342              		.cfi_def_cfa_offset 24
 343 0004 00AF     		add	r7, sp, #0
 344              	.LCFI26:
 345              		.cfi_def_cfa_register 7
 346 0006 7860     		str	r0, [r7, #4]
 172:Middlewares/Third_Party/FreeRTOS/Source/list.c **** /* The list item knows which list it is in.  Obtain the list from the list
 173:Middlewares/Third_Party/FreeRTOS/Source/list.c **** item. */
 174:Middlewares/Third_Party/FreeRTOS/Source/list.c **** List_t * const pxList = pxItemToRemove->pxContainer;
 347              		.loc 1 174 16
 348 0008 7B68     		ldr	r3, [r7, #4]
ARM GAS  /tmp/ccfTZdt0.s 			page 10


 349 000a 1B69     		ldr	r3, [r3, #16]
 350 000c FB60     		str	r3, [r7, #12]
 175:Middlewares/Third_Party/FreeRTOS/Source/list.c **** 
 176:Middlewares/Third_Party/FreeRTOS/Source/list.c **** 	pxItemToRemove->pxNext->pxPrevious = pxItemToRemove->pxPrevious;
 351              		.loc 1 176 16
 352 000e 7B68     		ldr	r3, [r7, #4]
 353 0010 5B68     		ldr	r3, [r3, #4]
 354              		.loc 1 176 53
 355 0012 7A68     		ldr	r2, [r7, #4]
 356 0014 9268     		ldr	r2, [r2, #8]
 357              		.loc 1 176 37
 358 0016 9A60     		str	r2, [r3, #8]
 177:Middlewares/Third_Party/FreeRTOS/Source/list.c **** 	pxItemToRemove->pxPrevious->pxNext = pxItemToRemove->pxNext;
 359              		.loc 1 177 16
 360 0018 7B68     		ldr	r3, [r7, #4]
 361 001a 9B68     		ldr	r3, [r3, #8]
 362              		.loc 1 177 53
 363 001c 7A68     		ldr	r2, [r7, #4]
 364 001e 5268     		ldr	r2, [r2, #4]
 365              		.loc 1 177 37
 366 0020 5A60     		str	r2, [r3, #4]
 178:Middlewares/Third_Party/FreeRTOS/Source/list.c **** 
 179:Middlewares/Third_Party/FreeRTOS/Source/list.c **** 	/* Only used during decision coverage testing. */
 180:Middlewares/Third_Party/FreeRTOS/Source/list.c **** 	mtCOVERAGE_TEST_DELAY();
 181:Middlewares/Third_Party/FreeRTOS/Source/list.c **** 
 182:Middlewares/Third_Party/FreeRTOS/Source/list.c **** 	/* Make sure the index is left pointing to a valid item. */
 183:Middlewares/Third_Party/FreeRTOS/Source/list.c **** 	if( pxList->pxIndex == pxItemToRemove )
 367              		.loc 1 183 12
 368 0022 FB68     		ldr	r3, [r7, #12]
 369 0024 5B68     		ldr	r3, [r3, #4]
 370              		.loc 1 183 4
 371 0026 7A68     		ldr	r2, [r7, #4]
 372 0028 9A42     		cmp	r2, r3
 373 002a 03D1     		bne	.L10
 184:Middlewares/Third_Party/FreeRTOS/Source/list.c **** 	{
 185:Middlewares/Third_Party/FreeRTOS/Source/list.c **** 		pxList->pxIndex = pxItemToRemove->pxPrevious;
 374              		.loc 1 185 35
 375 002c 7B68     		ldr	r3, [r7, #4]
 376 002e 9A68     		ldr	r2, [r3, #8]
 377              		.loc 1 185 19
 378 0030 FB68     		ldr	r3, [r7, #12]
 379 0032 5A60     		str	r2, [r3, #4]
 380              	.L10:
 186:Middlewares/Third_Party/FreeRTOS/Source/list.c **** 	}
 187:Middlewares/Third_Party/FreeRTOS/Source/list.c **** 	else
 188:Middlewares/Third_Party/FreeRTOS/Source/list.c **** 	{
 189:Middlewares/Third_Party/FreeRTOS/Source/list.c **** 		mtCOVERAGE_TEST_MARKER();
 190:Middlewares/Third_Party/FreeRTOS/Source/list.c **** 	}
 191:Middlewares/Third_Party/FreeRTOS/Source/list.c **** 
 192:Middlewares/Third_Party/FreeRTOS/Source/list.c **** 	pxItemToRemove->pxContainer = NULL;
 381              		.loc 1 192 30
 382 0034 7B68     		ldr	r3, [r7, #4]
 383 0036 0022     		movs	r2, #0
 384 0038 1A61     		str	r2, [r3, #16]
 193:Middlewares/Third_Party/FreeRTOS/Source/list.c **** 	( pxList->uxNumberOfItems )--;
 385              		.loc 1 193 10
 386 003a FB68     		ldr	r3, [r7, #12]
ARM GAS  /tmp/ccfTZdt0.s 			page 11


 387 003c 1B68     		ldr	r3, [r3]
 388              		.loc 1 193 29
 389 003e 5A1E     		subs	r2, r3, #1
 390 0040 FB68     		ldr	r3, [r7, #12]
 391 0042 1A60     		str	r2, [r3]
 194:Middlewares/Third_Party/FreeRTOS/Source/list.c **** 
 195:Middlewares/Third_Party/FreeRTOS/Source/list.c **** 	return pxList->uxNumberOfItems;
 392              		.loc 1 195 15
 393 0044 FB68     		ldr	r3, [r7, #12]
 394 0046 1B68     		ldr	r3, [r3]
 196:Middlewares/Third_Party/FreeRTOS/Source/list.c **** }
 395              		.loc 1 196 1
 396 0048 1846     		mov	r0, r3
 397 004a 1437     		adds	r7, r7, #20
 398              	.LCFI27:
 399              		.cfi_def_cfa_offset 4
 400 004c BD46     		mov	sp, r7
 401              	.LCFI28:
 402              		.cfi_def_cfa_register 13
 403              		@ sp needed
 404 004e 5DF8047B 		ldr	r7, [sp], #4
 405              	.LCFI29:
 406              		.cfi_restore 7
 407              		.cfi_def_cfa_offset 0
 408 0052 7047     		bx	lr
 409              		.cfi_endproc
 410              	.LFE8:
 412              		.text
 413              	.Letext0:
 414              		.file 2 "/opt/arm-gnu-toolchain-12.2.rel1-x86_64-arm-none-eabi/arm-none-eabi/include/machine/_defa
 415              		.file 3 "/opt/arm-gnu-toolchain-12.2.rel1-x86_64-arm-none-eabi/arm-none-eabi/include/sys/_stdint.h
 416              		.file 4 "Middlewares/Third_Party/FreeRTOS/Source/portable/GCC/ARM_CM4F/portmacro.h"
 417              		.file 5 "Middlewares/Third_Party/FreeRTOS/Source/include/list.h"
ARM GAS  /tmp/ccfTZdt0.s 			page 12


DEFINED SYMBOLS
                            *ABS*:0000000000000000 list.c
     /tmp/ccfTZdt0.s:21     .text.vListInitialise:0000000000000000 $t
     /tmp/ccfTZdt0.s:27     .text.vListInitialise:0000000000000000 vListInitialise
     /tmp/ccfTZdt0.s:89     .text.vListInitialiseItem:0000000000000000 $t
     /tmp/ccfTZdt0.s:95     .text.vListInitialiseItem:0000000000000000 vListInitialiseItem
     /tmp/ccfTZdt0.s:135    .text.vListInsertEnd:0000000000000000 $t
     /tmp/ccfTZdt0.s:141    .text.vListInsertEnd:0000000000000000 vListInsertEnd
     /tmp/ccfTZdt0.s:213    .text.vListInsert:0000000000000000 $t
     /tmp/ccfTZdt0.s:219    .text.vListInsert:0000000000000000 vListInsert
     /tmp/ccfTZdt0.s:323    .text.uxListRemove:0000000000000000 $t
     /tmp/ccfTZdt0.s:329    .text.uxListRemove:0000000000000000 uxListRemove

NO UNDEFINED SYMBOLS
