ARM GAS  /tmp/ccxEM32e.s 			page 1


   1              		.cpu cortex-m4
   2              		.arch armv7e-m
   3              		.fpu fpv4-sp-d16
   4              		.eabi_attribute 27, 1
   5              		.eabi_attribute 28, 1
   6              		.eabi_attribute 20, 1
   7              		.eabi_attribute 21, 1
   8              		.eabi_attribute 23, 3
   9              		.eabi_attribute 24, 1
  10              		.eabi_attribute 25, 1
  11              		.eabi_attribute 26, 1
  12              		.eabi_attribute 30, 6
  13              		.eabi_attribute 34, 1
  14              		.eabi_attribute 18, 4
  15              		.file	"stm32f4xx_hal_exti.c"
  16              		.text
  17              	.Ltext0:
  18              		.cfi_sections	.debug_frame
  19              		.file 1 "Drivers/STM32F4xx_HAL_Driver/Src/stm32f4xx_hal_exti.c"
  20              		.section	.text.HAL_EXTI_SetConfigLine,"ax",%progbits
  21              		.align	1
  22              		.global	HAL_EXTI_SetConfigLine
  23              		.syntax unified
  24              		.thumb
  25              		.thumb_func
  27              	HAL_EXTI_SetConfigLine:
  28              	.LFB216:
   1:Drivers/STM32F4xx_HAL_Driver/Src/stm32f4xx_hal_exti.c **** /**
   2:Drivers/STM32F4xx_HAL_Driver/Src/stm32f4xx_hal_exti.c ****   ******************************************************************************
   3:Drivers/STM32F4xx_HAL_Driver/Src/stm32f4xx_hal_exti.c ****   * @file    stm32f4xx_hal_exti.c
   4:Drivers/STM32F4xx_HAL_Driver/Src/stm32f4xx_hal_exti.c ****   * @author  MCD Application Team
   5:Drivers/STM32F4xx_HAL_Driver/Src/stm32f4xx_hal_exti.c ****   * @brief   EXTI HAL module driver.
   6:Drivers/STM32F4xx_HAL_Driver/Src/stm32f4xx_hal_exti.c ****   *          This file provides firmware functions to manage the following
   7:Drivers/STM32F4xx_HAL_Driver/Src/stm32f4xx_hal_exti.c ****   *          functionalities of the Extended Interrupts and events controller (EXTI) peripheral:
   8:Drivers/STM32F4xx_HAL_Driver/Src/stm32f4xx_hal_exti.c ****   *           + Initialization and de-initialization functions
   9:Drivers/STM32F4xx_HAL_Driver/Src/stm32f4xx_hal_exti.c ****   *           + IO operation functions
  10:Drivers/STM32F4xx_HAL_Driver/Src/stm32f4xx_hal_exti.c ****   *
  11:Drivers/STM32F4xx_HAL_Driver/Src/stm32f4xx_hal_exti.c ****   ******************************************************************************
  12:Drivers/STM32F4xx_HAL_Driver/Src/stm32f4xx_hal_exti.c ****   * @attention
  13:Drivers/STM32F4xx_HAL_Driver/Src/stm32f4xx_hal_exti.c ****   *
  14:Drivers/STM32F4xx_HAL_Driver/Src/stm32f4xx_hal_exti.c ****   * Copyright (c) 2018 STMicroelectronics.
  15:Drivers/STM32F4xx_HAL_Driver/Src/stm32f4xx_hal_exti.c ****   * All rights reserved.
  16:Drivers/STM32F4xx_HAL_Driver/Src/stm32f4xx_hal_exti.c ****   *
  17:Drivers/STM32F4xx_HAL_Driver/Src/stm32f4xx_hal_exti.c ****   * This software is licensed under terms that can be found in the LICENSE file
  18:Drivers/STM32F4xx_HAL_Driver/Src/stm32f4xx_hal_exti.c ****   * in the root directory of this software component.
  19:Drivers/STM32F4xx_HAL_Driver/Src/stm32f4xx_hal_exti.c ****   * If no LICENSE file comes with this software, it is provided AS-IS.
  20:Drivers/STM32F4xx_HAL_Driver/Src/stm32f4xx_hal_exti.c ****   *
  21:Drivers/STM32F4xx_HAL_Driver/Src/stm32f4xx_hal_exti.c ****   ******************************************************************************
  22:Drivers/STM32F4xx_HAL_Driver/Src/stm32f4xx_hal_exti.c ****   @verbatim
  23:Drivers/STM32F4xx_HAL_Driver/Src/stm32f4xx_hal_exti.c ****   ==============================================================================
  24:Drivers/STM32F4xx_HAL_Driver/Src/stm32f4xx_hal_exti.c ****                     ##### EXTI Peripheral features #####
  25:Drivers/STM32F4xx_HAL_Driver/Src/stm32f4xx_hal_exti.c ****   ==============================================================================
  26:Drivers/STM32F4xx_HAL_Driver/Src/stm32f4xx_hal_exti.c ****   [..]
  27:Drivers/STM32F4xx_HAL_Driver/Src/stm32f4xx_hal_exti.c ****     (+) Each Exti line can be configured within this driver.
  28:Drivers/STM32F4xx_HAL_Driver/Src/stm32f4xx_hal_exti.c **** 
  29:Drivers/STM32F4xx_HAL_Driver/Src/stm32f4xx_hal_exti.c ****     (+) Exti line can be configured in 3 different modes
  30:Drivers/STM32F4xx_HAL_Driver/Src/stm32f4xx_hal_exti.c ****         (++) Interrupt
ARM GAS  /tmp/ccxEM32e.s 			page 2


  31:Drivers/STM32F4xx_HAL_Driver/Src/stm32f4xx_hal_exti.c ****         (++) Event
  32:Drivers/STM32F4xx_HAL_Driver/Src/stm32f4xx_hal_exti.c ****         (++) Both of them
  33:Drivers/STM32F4xx_HAL_Driver/Src/stm32f4xx_hal_exti.c **** 
  34:Drivers/STM32F4xx_HAL_Driver/Src/stm32f4xx_hal_exti.c ****     (+) Configurable Exti lines can be configured with 3 different triggers
  35:Drivers/STM32F4xx_HAL_Driver/Src/stm32f4xx_hal_exti.c ****         (++) Rising
  36:Drivers/STM32F4xx_HAL_Driver/Src/stm32f4xx_hal_exti.c ****         (++) Falling
  37:Drivers/STM32F4xx_HAL_Driver/Src/stm32f4xx_hal_exti.c ****         (++) Both of them
  38:Drivers/STM32F4xx_HAL_Driver/Src/stm32f4xx_hal_exti.c **** 
  39:Drivers/STM32F4xx_HAL_Driver/Src/stm32f4xx_hal_exti.c ****     (+) When set in interrupt mode, configurable Exti lines have two different
  40:Drivers/STM32F4xx_HAL_Driver/Src/stm32f4xx_hal_exti.c ****         interrupts pending registers which allow to distinguish which transition
  41:Drivers/STM32F4xx_HAL_Driver/Src/stm32f4xx_hal_exti.c ****         occurs:
  42:Drivers/STM32F4xx_HAL_Driver/Src/stm32f4xx_hal_exti.c ****         (++) Rising edge pending interrupt
  43:Drivers/STM32F4xx_HAL_Driver/Src/stm32f4xx_hal_exti.c ****         (++) Falling
  44:Drivers/STM32F4xx_HAL_Driver/Src/stm32f4xx_hal_exti.c **** 
  45:Drivers/STM32F4xx_HAL_Driver/Src/stm32f4xx_hal_exti.c ****     (+) Exti lines 0 to 15 are linked to gpio pin number 0 to 15. Gpio port can
  46:Drivers/STM32F4xx_HAL_Driver/Src/stm32f4xx_hal_exti.c ****         be selected through multiplexer.
  47:Drivers/STM32F4xx_HAL_Driver/Src/stm32f4xx_hal_exti.c **** 
  48:Drivers/STM32F4xx_HAL_Driver/Src/stm32f4xx_hal_exti.c ****                      ##### How to use this driver #####
  49:Drivers/STM32F4xx_HAL_Driver/Src/stm32f4xx_hal_exti.c ****   ==============================================================================
  50:Drivers/STM32F4xx_HAL_Driver/Src/stm32f4xx_hal_exti.c ****   [..]
  51:Drivers/STM32F4xx_HAL_Driver/Src/stm32f4xx_hal_exti.c **** 
  52:Drivers/STM32F4xx_HAL_Driver/Src/stm32f4xx_hal_exti.c ****     (#) Configure the EXTI line using HAL_EXTI_SetConfigLine().
  53:Drivers/STM32F4xx_HAL_Driver/Src/stm32f4xx_hal_exti.c ****         (++) Choose the interrupt line number by setting "Line" member from
  54:Drivers/STM32F4xx_HAL_Driver/Src/stm32f4xx_hal_exti.c ****              EXTI_ConfigTypeDef structure.
  55:Drivers/STM32F4xx_HAL_Driver/Src/stm32f4xx_hal_exti.c ****         (++) Configure the interrupt and/or event mode using "Mode" member from
  56:Drivers/STM32F4xx_HAL_Driver/Src/stm32f4xx_hal_exti.c ****              EXTI_ConfigTypeDef structure.
  57:Drivers/STM32F4xx_HAL_Driver/Src/stm32f4xx_hal_exti.c ****         (++) For configurable lines, configure rising and/or falling trigger
  58:Drivers/STM32F4xx_HAL_Driver/Src/stm32f4xx_hal_exti.c ****              "Trigger" member from EXTI_ConfigTypeDef structure.
  59:Drivers/STM32F4xx_HAL_Driver/Src/stm32f4xx_hal_exti.c ****         (++) For Exti lines linked to gpio, choose gpio port using "GPIOSel"
  60:Drivers/STM32F4xx_HAL_Driver/Src/stm32f4xx_hal_exti.c ****              member from GPIO_InitTypeDef structure.
  61:Drivers/STM32F4xx_HAL_Driver/Src/stm32f4xx_hal_exti.c **** 
  62:Drivers/STM32F4xx_HAL_Driver/Src/stm32f4xx_hal_exti.c ****     (#) Get current Exti configuration of a dedicated line using
  63:Drivers/STM32F4xx_HAL_Driver/Src/stm32f4xx_hal_exti.c ****         HAL_EXTI_GetConfigLine().
  64:Drivers/STM32F4xx_HAL_Driver/Src/stm32f4xx_hal_exti.c ****         (++) Provide exiting handle as parameter.
  65:Drivers/STM32F4xx_HAL_Driver/Src/stm32f4xx_hal_exti.c ****         (++) Provide pointer on EXTI_ConfigTypeDef structure as second parameter.
  66:Drivers/STM32F4xx_HAL_Driver/Src/stm32f4xx_hal_exti.c **** 
  67:Drivers/STM32F4xx_HAL_Driver/Src/stm32f4xx_hal_exti.c ****     (#) Clear Exti configuration of a dedicated line using HAL_EXTI_GetConfigLine().
  68:Drivers/STM32F4xx_HAL_Driver/Src/stm32f4xx_hal_exti.c ****         (++) Provide exiting handle as parameter.
  69:Drivers/STM32F4xx_HAL_Driver/Src/stm32f4xx_hal_exti.c **** 
  70:Drivers/STM32F4xx_HAL_Driver/Src/stm32f4xx_hal_exti.c ****     (#) Register callback to treat Exti interrupts using HAL_EXTI_RegisterCallback().
  71:Drivers/STM32F4xx_HAL_Driver/Src/stm32f4xx_hal_exti.c ****         (++) Provide exiting handle as first parameter.
  72:Drivers/STM32F4xx_HAL_Driver/Src/stm32f4xx_hal_exti.c ****         (++) Provide which callback will be registered using one value from
  73:Drivers/STM32F4xx_HAL_Driver/Src/stm32f4xx_hal_exti.c ****              EXTI_CallbackIDTypeDef.
  74:Drivers/STM32F4xx_HAL_Driver/Src/stm32f4xx_hal_exti.c ****         (++) Provide callback function pointer.
  75:Drivers/STM32F4xx_HAL_Driver/Src/stm32f4xx_hal_exti.c **** 
  76:Drivers/STM32F4xx_HAL_Driver/Src/stm32f4xx_hal_exti.c ****     (#) Get interrupt pending bit using HAL_EXTI_GetPending().
  77:Drivers/STM32F4xx_HAL_Driver/Src/stm32f4xx_hal_exti.c **** 
  78:Drivers/STM32F4xx_HAL_Driver/Src/stm32f4xx_hal_exti.c ****     (#) Clear interrupt pending bit using HAL_EXTI_GetPending().
  79:Drivers/STM32F4xx_HAL_Driver/Src/stm32f4xx_hal_exti.c **** 
  80:Drivers/STM32F4xx_HAL_Driver/Src/stm32f4xx_hal_exti.c ****     (#) Generate software interrupt using HAL_EXTI_GenerateSWI().
  81:Drivers/STM32F4xx_HAL_Driver/Src/stm32f4xx_hal_exti.c **** 
  82:Drivers/STM32F4xx_HAL_Driver/Src/stm32f4xx_hal_exti.c ****   @endverbatim
  83:Drivers/STM32F4xx_HAL_Driver/Src/stm32f4xx_hal_exti.c ****   */
  84:Drivers/STM32F4xx_HAL_Driver/Src/stm32f4xx_hal_exti.c **** 
  85:Drivers/STM32F4xx_HAL_Driver/Src/stm32f4xx_hal_exti.c **** /* Includes ------------------------------------------------------------------*/
  86:Drivers/STM32F4xx_HAL_Driver/Src/stm32f4xx_hal_exti.c **** #include "stm32f4xx_hal.h"
  87:Drivers/STM32F4xx_HAL_Driver/Src/stm32f4xx_hal_exti.c **** 
ARM GAS  /tmp/ccxEM32e.s 			page 3


  88:Drivers/STM32F4xx_HAL_Driver/Src/stm32f4xx_hal_exti.c **** /** @addtogroup STM32F4xx_HAL_Driver
  89:Drivers/STM32F4xx_HAL_Driver/Src/stm32f4xx_hal_exti.c ****   * @{
  90:Drivers/STM32F4xx_HAL_Driver/Src/stm32f4xx_hal_exti.c ****   */
  91:Drivers/STM32F4xx_HAL_Driver/Src/stm32f4xx_hal_exti.c **** 
  92:Drivers/STM32F4xx_HAL_Driver/Src/stm32f4xx_hal_exti.c **** /** @addtogroup EXTI
  93:Drivers/STM32F4xx_HAL_Driver/Src/stm32f4xx_hal_exti.c ****   * @{
  94:Drivers/STM32F4xx_HAL_Driver/Src/stm32f4xx_hal_exti.c ****   */
  95:Drivers/STM32F4xx_HAL_Driver/Src/stm32f4xx_hal_exti.c **** /** MISRA C:2012 deviation rule has been granted for following rule:
  96:Drivers/STM32F4xx_HAL_Driver/Src/stm32f4xx_hal_exti.c ****   * Rule-18.1_b - Medium: Array `EXTICR' 1st subscript interval [0,7] may be out
  97:Drivers/STM32F4xx_HAL_Driver/Src/stm32f4xx_hal_exti.c ****   * of bounds [0,3] in following API :
  98:Drivers/STM32F4xx_HAL_Driver/Src/stm32f4xx_hal_exti.c ****   * HAL_EXTI_SetConfigLine
  99:Drivers/STM32F4xx_HAL_Driver/Src/stm32f4xx_hal_exti.c ****   * HAL_EXTI_GetConfigLine
 100:Drivers/STM32F4xx_HAL_Driver/Src/stm32f4xx_hal_exti.c ****   * HAL_EXTI_ClearConfigLine
 101:Drivers/STM32F4xx_HAL_Driver/Src/stm32f4xx_hal_exti.c ****   */
 102:Drivers/STM32F4xx_HAL_Driver/Src/stm32f4xx_hal_exti.c **** 
 103:Drivers/STM32F4xx_HAL_Driver/Src/stm32f4xx_hal_exti.c **** #ifdef HAL_EXTI_MODULE_ENABLED
 104:Drivers/STM32F4xx_HAL_Driver/Src/stm32f4xx_hal_exti.c **** 
 105:Drivers/STM32F4xx_HAL_Driver/Src/stm32f4xx_hal_exti.c **** /* Private typedef -----------------------------------------------------------*/
 106:Drivers/STM32F4xx_HAL_Driver/Src/stm32f4xx_hal_exti.c **** /* Private defines -----------------------------------------------------------*/
 107:Drivers/STM32F4xx_HAL_Driver/Src/stm32f4xx_hal_exti.c **** /** @defgroup EXTI_Private_Constants EXTI Private Constants
 108:Drivers/STM32F4xx_HAL_Driver/Src/stm32f4xx_hal_exti.c ****   * @{
 109:Drivers/STM32F4xx_HAL_Driver/Src/stm32f4xx_hal_exti.c ****   */
 110:Drivers/STM32F4xx_HAL_Driver/Src/stm32f4xx_hal_exti.c **** 
 111:Drivers/STM32F4xx_HAL_Driver/Src/stm32f4xx_hal_exti.c **** /**
 112:Drivers/STM32F4xx_HAL_Driver/Src/stm32f4xx_hal_exti.c ****   * @}
 113:Drivers/STM32F4xx_HAL_Driver/Src/stm32f4xx_hal_exti.c ****   */
 114:Drivers/STM32F4xx_HAL_Driver/Src/stm32f4xx_hal_exti.c **** 
 115:Drivers/STM32F4xx_HAL_Driver/Src/stm32f4xx_hal_exti.c **** /* Private macros ------------------------------------------------------------*/
 116:Drivers/STM32F4xx_HAL_Driver/Src/stm32f4xx_hal_exti.c **** /* Private variables ---------------------------------------------------------*/
 117:Drivers/STM32F4xx_HAL_Driver/Src/stm32f4xx_hal_exti.c **** /* Private function prototypes -----------------------------------------------*/
 118:Drivers/STM32F4xx_HAL_Driver/Src/stm32f4xx_hal_exti.c **** /* Exported functions --------------------------------------------------------*/
 119:Drivers/STM32F4xx_HAL_Driver/Src/stm32f4xx_hal_exti.c **** 
 120:Drivers/STM32F4xx_HAL_Driver/Src/stm32f4xx_hal_exti.c **** /** @addtogroup EXTI_Exported_Functions
 121:Drivers/STM32F4xx_HAL_Driver/Src/stm32f4xx_hal_exti.c ****   * @{
 122:Drivers/STM32F4xx_HAL_Driver/Src/stm32f4xx_hal_exti.c ****   */
 123:Drivers/STM32F4xx_HAL_Driver/Src/stm32f4xx_hal_exti.c **** 
 124:Drivers/STM32F4xx_HAL_Driver/Src/stm32f4xx_hal_exti.c **** /** @addtogroup EXTI_Exported_Functions_Group1
 125:Drivers/STM32F4xx_HAL_Driver/Src/stm32f4xx_hal_exti.c ****   *  @brief    Configuration functions
 126:Drivers/STM32F4xx_HAL_Driver/Src/stm32f4xx_hal_exti.c ****   *
 127:Drivers/STM32F4xx_HAL_Driver/Src/stm32f4xx_hal_exti.c **** @verbatim
 128:Drivers/STM32F4xx_HAL_Driver/Src/stm32f4xx_hal_exti.c ****  ===============================================================================
 129:Drivers/STM32F4xx_HAL_Driver/Src/stm32f4xx_hal_exti.c ****               ##### Configuration functions #####
 130:Drivers/STM32F4xx_HAL_Driver/Src/stm32f4xx_hal_exti.c ****  ===============================================================================
 131:Drivers/STM32F4xx_HAL_Driver/Src/stm32f4xx_hal_exti.c **** 
 132:Drivers/STM32F4xx_HAL_Driver/Src/stm32f4xx_hal_exti.c **** @endverbatim
 133:Drivers/STM32F4xx_HAL_Driver/Src/stm32f4xx_hal_exti.c ****   * @{
 134:Drivers/STM32F4xx_HAL_Driver/Src/stm32f4xx_hal_exti.c ****   */
 135:Drivers/STM32F4xx_HAL_Driver/Src/stm32f4xx_hal_exti.c **** 
 136:Drivers/STM32F4xx_HAL_Driver/Src/stm32f4xx_hal_exti.c **** /**
 137:Drivers/STM32F4xx_HAL_Driver/Src/stm32f4xx_hal_exti.c ****   * @brief  Set configuration of a dedicated Exti line.
 138:Drivers/STM32F4xx_HAL_Driver/Src/stm32f4xx_hal_exti.c ****   * @param  hexti Exti handle.
 139:Drivers/STM32F4xx_HAL_Driver/Src/stm32f4xx_hal_exti.c ****   * @param  pExtiConfig Pointer on EXTI configuration to be set.
 140:Drivers/STM32F4xx_HAL_Driver/Src/stm32f4xx_hal_exti.c ****   * @retval HAL Status.
 141:Drivers/STM32F4xx_HAL_Driver/Src/stm32f4xx_hal_exti.c ****   */
 142:Drivers/STM32F4xx_HAL_Driver/Src/stm32f4xx_hal_exti.c **** HAL_StatusTypeDef HAL_EXTI_SetConfigLine(EXTI_HandleTypeDef *hexti, EXTI_ConfigTypeDef *pExtiConfig
 143:Drivers/STM32F4xx_HAL_Driver/Src/stm32f4xx_hal_exti.c **** {
  29              		.loc 1 143 1
ARM GAS  /tmp/ccxEM32e.s 			page 4


  30              		.cfi_startproc
  31              		@ args = 0, pretend = 0, frame = 24
  32              		@ frame_needed = 1, uses_anonymous_args = 0
  33              		@ link register save eliminated.
  34 0000 80B4     		push	{r7}
  35              	.LCFI0:
  36              		.cfi_def_cfa_offset 4
  37              		.cfi_offset 7, -4
  38 0002 87B0     		sub	sp, sp, #28
  39              	.LCFI1:
  40              		.cfi_def_cfa_offset 32
  41 0004 00AF     		add	r7, sp, #0
  42              	.LCFI2:
  43              		.cfi_def_cfa_register 7
  44 0006 7860     		str	r0, [r7, #4]
  45 0008 3960     		str	r1, [r7]
 144:Drivers/STM32F4xx_HAL_Driver/Src/stm32f4xx_hal_exti.c ****   uint32_t regval;
 145:Drivers/STM32F4xx_HAL_Driver/Src/stm32f4xx_hal_exti.c ****   uint32_t linepos;
 146:Drivers/STM32F4xx_HAL_Driver/Src/stm32f4xx_hal_exti.c ****   uint32_t maskline;
 147:Drivers/STM32F4xx_HAL_Driver/Src/stm32f4xx_hal_exti.c **** 
 148:Drivers/STM32F4xx_HAL_Driver/Src/stm32f4xx_hal_exti.c ****   /* Check null pointer */
 149:Drivers/STM32F4xx_HAL_Driver/Src/stm32f4xx_hal_exti.c ****   if ((hexti == NULL) || (pExtiConfig == NULL))
  46              		.loc 1 149 6
  47 000a 7B68     		ldr	r3, [r7, #4]
  48 000c 002B     		cmp	r3, #0
  49 000e 02D0     		beq	.L2
  50              		.loc 1 149 23 discriminator 1
  51 0010 3B68     		ldr	r3, [r7]
  52 0012 002B     		cmp	r3, #0
  53 0014 01D1     		bne	.L3
  54              	.L2:
 150:Drivers/STM32F4xx_HAL_Driver/Src/stm32f4xx_hal_exti.c ****   {
 151:Drivers/STM32F4xx_HAL_Driver/Src/stm32f4xx_hal_exti.c ****     return HAL_ERROR;
  55              		.loc 1 151 12
  56 0016 0123     		movs	r3, #1
  57 0018 8FE0     		b	.L4
  58              	.L3:
 152:Drivers/STM32F4xx_HAL_Driver/Src/stm32f4xx_hal_exti.c ****   }
 153:Drivers/STM32F4xx_HAL_Driver/Src/stm32f4xx_hal_exti.c **** 
 154:Drivers/STM32F4xx_HAL_Driver/Src/stm32f4xx_hal_exti.c ****   /* Check parameters */
 155:Drivers/STM32F4xx_HAL_Driver/Src/stm32f4xx_hal_exti.c ****   assert_param(IS_EXTI_LINE(pExtiConfig->Line));
 156:Drivers/STM32F4xx_HAL_Driver/Src/stm32f4xx_hal_exti.c ****   assert_param(IS_EXTI_MODE(pExtiConfig->Mode));
 157:Drivers/STM32F4xx_HAL_Driver/Src/stm32f4xx_hal_exti.c **** 
 158:Drivers/STM32F4xx_HAL_Driver/Src/stm32f4xx_hal_exti.c ****   /* Assign line number to handle */
 159:Drivers/STM32F4xx_HAL_Driver/Src/stm32f4xx_hal_exti.c ****   hexti->Line = pExtiConfig->Line;
  59              		.loc 1 159 28
  60 001a 3B68     		ldr	r3, [r7]
  61 001c 1A68     		ldr	r2, [r3]
  62              		.loc 1 159 15
  63 001e 7B68     		ldr	r3, [r7, #4]
  64 0020 1A60     		str	r2, [r3]
 160:Drivers/STM32F4xx_HAL_Driver/Src/stm32f4xx_hal_exti.c **** 
 161:Drivers/STM32F4xx_HAL_Driver/Src/stm32f4xx_hal_exti.c ****   /* Compute line mask */
 162:Drivers/STM32F4xx_HAL_Driver/Src/stm32f4xx_hal_exti.c ****   linepos = (pExtiConfig->Line & EXTI_PIN_MASK);
  65              		.loc 1 162 25
  66 0022 3B68     		ldr	r3, [r7]
  67 0024 1B68     		ldr	r3, [r3]
ARM GAS  /tmp/ccxEM32e.s 			page 5


  68              		.loc 1 162 11
  69 0026 03F01F03 		and	r3, r3, #31
  70 002a 7B61     		str	r3, [r7, #20]
 163:Drivers/STM32F4xx_HAL_Driver/Src/stm32f4xx_hal_exti.c ****   maskline = (1uL << linepos);
  71              		.loc 1 163 12
  72 002c 0122     		movs	r2, #1
  73 002e 7B69     		ldr	r3, [r7, #20]
  74 0030 02FA03F3 		lsl	r3, r2, r3
  75 0034 3B61     		str	r3, [r7, #16]
 164:Drivers/STM32F4xx_HAL_Driver/Src/stm32f4xx_hal_exti.c **** 
 165:Drivers/STM32F4xx_HAL_Driver/Src/stm32f4xx_hal_exti.c ****   /* Configure triggers for configurable lines */
 166:Drivers/STM32F4xx_HAL_Driver/Src/stm32f4xx_hal_exti.c ****   if ((pExtiConfig->Line & EXTI_CONFIG) != 0x00u)
  76              		.loc 1 166 19
  77 0036 3B68     		ldr	r3, [r7]
  78 0038 1B68     		ldr	r3, [r3]
  79              		.loc 1 166 26
  80 003a 03F00073 		and	r3, r3, #33554432
  81              		.loc 1 166 6
  82 003e 002B     		cmp	r3, #0
  83 0040 52D0     		beq	.L5
 167:Drivers/STM32F4xx_HAL_Driver/Src/stm32f4xx_hal_exti.c ****   {
 168:Drivers/STM32F4xx_HAL_Driver/Src/stm32f4xx_hal_exti.c ****     assert_param(IS_EXTI_TRIGGER(pExtiConfig->Trigger));
 169:Drivers/STM32F4xx_HAL_Driver/Src/stm32f4xx_hal_exti.c **** 
 170:Drivers/STM32F4xx_HAL_Driver/Src/stm32f4xx_hal_exti.c ****     /* Configure rising trigger */
 171:Drivers/STM32F4xx_HAL_Driver/Src/stm32f4xx_hal_exti.c ****     /* Mask or set line */
 172:Drivers/STM32F4xx_HAL_Driver/Src/stm32f4xx_hal_exti.c ****     if ((pExtiConfig->Trigger & EXTI_TRIGGER_RISING) != 0x00u)
  84              		.loc 1 172 21
  85 0042 3B68     		ldr	r3, [r7]
  86 0044 9B68     		ldr	r3, [r3, #8]
  87              		.loc 1 172 31
  88 0046 03F00103 		and	r3, r3, #1
  89              		.loc 1 172 8
  90 004a 002B     		cmp	r3, #0
  91 004c 06D0     		beq	.L6
 173:Drivers/STM32F4xx_HAL_Driver/Src/stm32f4xx_hal_exti.c ****     {
 174:Drivers/STM32F4xx_HAL_Driver/Src/stm32f4xx_hal_exti.c ****       EXTI->RTSR |= maskline;
  92              		.loc 1 174 11
  93 004e 3E4B     		ldr	r3, .L14
  94 0050 9A68     		ldr	r2, [r3, #8]
  95 0052 3D49     		ldr	r1, .L14
  96              		.loc 1 174 18
  97 0054 3B69     		ldr	r3, [r7, #16]
  98 0056 1343     		orrs	r3, r3, r2
  99 0058 8B60     		str	r3, [r1, #8]
 100 005a 06E0     		b	.L7
 101              	.L6:
 175:Drivers/STM32F4xx_HAL_Driver/Src/stm32f4xx_hal_exti.c ****     }
 176:Drivers/STM32F4xx_HAL_Driver/Src/stm32f4xx_hal_exti.c ****     else
 177:Drivers/STM32F4xx_HAL_Driver/Src/stm32f4xx_hal_exti.c ****     {
 178:Drivers/STM32F4xx_HAL_Driver/Src/stm32f4xx_hal_exti.c ****       EXTI->RTSR &= ~maskline;
 102              		.loc 1 178 11
 103 005c 3A4B     		ldr	r3, .L14
 104 005e 9A68     		ldr	r2, [r3, #8]
 105              		.loc 1 178 21
 106 0060 3B69     		ldr	r3, [r7, #16]
 107 0062 DB43     		mvns	r3, r3
 108              		.loc 1 178 11
ARM GAS  /tmp/ccxEM32e.s 			page 6


 109 0064 3849     		ldr	r1, .L14
 110              		.loc 1 178 18
 111 0066 1340     		ands	r3, r3, r2
 112 0068 8B60     		str	r3, [r1, #8]
 113              	.L7:
 179:Drivers/STM32F4xx_HAL_Driver/Src/stm32f4xx_hal_exti.c ****     }
 180:Drivers/STM32F4xx_HAL_Driver/Src/stm32f4xx_hal_exti.c **** 
 181:Drivers/STM32F4xx_HAL_Driver/Src/stm32f4xx_hal_exti.c ****     /* Configure falling trigger */
 182:Drivers/STM32F4xx_HAL_Driver/Src/stm32f4xx_hal_exti.c ****     /* Mask or set line */
 183:Drivers/STM32F4xx_HAL_Driver/Src/stm32f4xx_hal_exti.c ****     if ((pExtiConfig->Trigger & EXTI_TRIGGER_FALLING) != 0x00u)
 114              		.loc 1 183 21
 115 006a 3B68     		ldr	r3, [r7]
 116 006c 9B68     		ldr	r3, [r3, #8]
 117              		.loc 1 183 31
 118 006e 03F00203 		and	r3, r3, #2
 119              		.loc 1 183 8
 120 0072 002B     		cmp	r3, #0
 121 0074 06D0     		beq	.L8
 184:Drivers/STM32F4xx_HAL_Driver/Src/stm32f4xx_hal_exti.c ****     {
 185:Drivers/STM32F4xx_HAL_Driver/Src/stm32f4xx_hal_exti.c ****       EXTI->FTSR |= maskline;
 122              		.loc 1 185 11
 123 0076 344B     		ldr	r3, .L14
 124 0078 DA68     		ldr	r2, [r3, #12]
 125 007a 3349     		ldr	r1, .L14
 126              		.loc 1 185 18
 127 007c 3B69     		ldr	r3, [r7, #16]
 128 007e 1343     		orrs	r3, r3, r2
 129 0080 CB60     		str	r3, [r1, #12]
 130 0082 06E0     		b	.L9
 131              	.L8:
 186:Drivers/STM32F4xx_HAL_Driver/Src/stm32f4xx_hal_exti.c ****     }
 187:Drivers/STM32F4xx_HAL_Driver/Src/stm32f4xx_hal_exti.c ****     else
 188:Drivers/STM32F4xx_HAL_Driver/Src/stm32f4xx_hal_exti.c ****     {
 189:Drivers/STM32F4xx_HAL_Driver/Src/stm32f4xx_hal_exti.c ****       EXTI->FTSR &= ~maskline;
 132              		.loc 1 189 11
 133 0084 304B     		ldr	r3, .L14
 134 0086 DA68     		ldr	r2, [r3, #12]
 135              		.loc 1 189 21
 136 0088 3B69     		ldr	r3, [r7, #16]
 137 008a DB43     		mvns	r3, r3
 138              		.loc 1 189 11
 139 008c 2E49     		ldr	r1, .L14
 140              		.loc 1 189 18
 141 008e 1340     		ands	r3, r3, r2
 142 0090 CB60     		str	r3, [r1, #12]
 143              	.L9:
 190:Drivers/STM32F4xx_HAL_Driver/Src/stm32f4xx_hal_exti.c ****     }
 191:Drivers/STM32F4xx_HAL_Driver/Src/stm32f4xx_hal_exti.c **** 
 192:Drivers/STM32F4xx_HAL_Driver/Src/stm32f4xx_hal_exti.c **** 
 193:Drivers/STM32F4xx_HAL_Driver/Src/stm32f4xx_hal_exti.c ****     /* Configure gpio port selection in case of gpio exti line */
 194:Drivers/STM32F4xx_HAL_Driver/Src/stm32f4xx_hal_exti.c ****     if ((pExtiConfig->Line & EXTI_GPIO) == EXTI_GPIO)
 144              		.loc 1 194 21
 145 0092 3B68     		ldr	r3, [r7]
 146 0094 1B68     		ldr	r3, [r3]
 147              		.loc 1 194 28
 148 0096 03F0C063 		and	r3, r3, #100663296
 149              		.loc 1 194 8
ARM GAS  /tmp/ccxEM32e.s 			page 7


 150 009a B3F1C06F 		cmp	r3, #100663296
 151 009e 23D1     		bne	.L5
 195:Drivers/STM32F4xx_HAL_Driver/Src/stm32f4xx_hal_exti.c ****     {
 196:Drivers/STM32F4xx_HAL_Driver/Src/stm32f4xx_hal_exti.c ****       assert_param(IS_EXTI_GPIO_PORT(pExtiConfig->GPIOSel));
 197:Drivers/STM32F4xx_HAL_Driver/Src/stm32f4xx_hal_exti.c ****       assert_param(IS_EXTI_GPIO_PIN(linepos));
 198:Drivers/STM32F4xx_HAL_Driver/Src/stm32f4xx_hal_exti.c **** 
 199:Drivers/STM32F4xx_HAL_Driver/Src/stm32f4xx_hal_exti.c ****       regval = SYSCFG->EXTICR[linepos >> 2u];
 152              		.loc 1 199 22
 153 00a0 2A4A     		ldr	r2, .L14+4
 154              		.loc 1 199 39
 155 00a2 7B69     		ldr	r3, [r7, #20]
 156 00a4 9B08     		lsrs	r3, r3, #2
 157              		.loc 1 199 14
 158 00a6 0233     		adds	r3, r3, #2
 159 00a8 52F82330 		ldr	r3, [r2, r3, lsl #2]
 160 00ac FB60     		str	r3, [r7, #12]
 200:Drivers/STM32F4xx_HAL_Driver/Src/stm32f4xx_hal_exti.c ****       regval &= ~(SYSCFG_EXTICR1_EXTI0 << (SYSCFG_EXTICR1_EXTI1_Pos * (linepos & 0x03u)));
 161              		.loc 1 200 80
 162 00ae 7B69     		ldr	r3, [r7, #20]
 163 00b0 03F00303 		and	r3, r3, #3
 164              		.loc 1 200 69
 165 00b4 9B00     		lsls	r3, r3, #2
 166              		.loc 1 200 40
 167 00b6 0F22     		movs	r2, #15
 168 00b8 02FA03F3 		lsl	r3, r2, r3
 169              		.loc 1 200 17
 170 00bc DB43     		mvns	r3, r3
 171              		.loc 1 200 14
 172 00be FA68     		ldr	r2, [r7, #12]
 173 00c0 1340     		ands	r3, r3, r2
 174 00c2 FB60     		str	r3, [r7, #12]
 201:Drivers/STM32F4xx_HAL_Driver/Src/stm32f4xx_hal_exti.c ****       regval |= (pExtiConfig->GPIOSel << (SYSCFG_EXTICR1_EXTI1_Pos * (linepos & 0x03u)));
 175              		.loc 1 201 29
 176 00c4 3B68     		ldr	r3, [r7]
 177 00c6 DA68     		ldr	r2, [r3, #12]
 178              		.loc 1 201 79
 179 00c8 7B69     		ldr	r3, [r7, #20]
 180 00ca 03F00303 		and	r3, r3, #3
 181              		.loc 1 201 68
 182 00ce 9B00     		lsls	r3, r3, #2
 183              		.loc 1 201 39
 184 00d0 02FA03F3 		lsl	r3, r2, r3
 185              		.loc 1 201 14
 186 00d4 FA68     		ldr	r2, [r7, #12]
 187 00d6 1343     		orrs	r3, r3, r2
 188 00d8 FB60     		str	r3, [r7, #12]
 202:Drivers/STM32F4xx_HAL_Driver/Src/stm32f4xx_hal_exti.c ****       SYSCFG->EXTICR[linepos >> 2u] = regval;
 189              		.loc 1 202 13
 190 00da 1C49     		ldr	r1, .L14+4
 191              		.loc 1 202 30
 192 00dc 7B69     		ldr	r3, [r7, #20]
 193 00de 9B08     		lsrs	r3, r3, #2
 194              		.loc 1 202 37
 195 00e0 0233     		adds	r3, r3, #2
 196 00e2 FA68     		ldr	r2, [r7, #12]
 197 00e4 41F82320 		str	r2, [r1, r3, lsl #2]
 198              	.L5:
ARM GAS  /tmp/ccxEM32e.s 			page 8


 203:Drivers/STM32F4xx_HAL_Driver/Src/stm32f4xx_hal_exti.c ****     }
 204:Drivers/STM32F4xx_HAL_Driver/Src/stm32f4xx_hal_exti.c ****   }
 205:Drivers/STM32F4xx_HAL_Driver/Src/stm32f4xx_hal_exti.c **** 
 206:Drivers/STM32F4xx_HAL_Driver/Src/stm32f4xx_hal_exti.c ****   /* Configure interrupt mode : read current mode */
 207:Drivers/STM32F4xx_HAL_Driver/Src/stm32f4xx_hal_exti.c ****   /* Mask or set line */
 208:Drivers/STM32F4xx_HAL_Driver/Src/stm32f4xx_hal_exti.c ****   if ((pExtiConfig->Mode & EXTI_MODE_INTERRUPT) != 0x00u)
 199              		.loc 1 208 19
 200 00e8 3B68     		ldr	r3, [r7]
 201 00ea 5B68     		ldr	r3, [r3, #4]
 202              		.loc 1 208 26
 203 00ec 03F00103 		and	r3, r3, #1
 204              		.loc 1 208 6
 205 00f0 002B     		cmp	r3, #0
 206 00f2 06D0     		beq	.L10
 209:Drivers/STM32F4xx_HAL_Driver/Src/stm32f4xx_hal_exti.c ****   {
 210:Drivers/STM32F4xx_HAL_Driver/Src/stm32f4xx_hal_exti.c ****     EXTI->IMR |= maskline;
 207              		.loc 1 210 9
 208 00f4 144B     		ldr	r3, .L14
 209 00f6 1A68     		ldr	r2, [r3]
 210 00f8 1349     		ldr	r1, .L14
 211              		.loc 1 210 15
 212 00fa 3B69     		ldr	r3, [r7, #16]
 213 00fc 1343     		orrs	r3, r3, r2
 214 00fe 0B60     		str	r3, [r1]
 215 0100 06E0     		b	.L11
 216              	.L10:
 211:Drivers/STM32F4xx_HAL_Driver/Src/stm32f4xx_hal_exti.c ****   }
 212:Drivers/STM32F4xx_HAL_Driver/Src/stm32f4xx_hal_exti.c ****   else
 213:Drivers/STM32F4xx_HAL_Driver/Src/stm32f4xx_hal_exti.c ****   {
 214:Drivers/STM32F4xx_HAL_Driver/Src/stm32f4xx_hal_exti.c ****     EXTI->IMR &= ~maskline;
 217              		.loc 1 214 9
 218 0102 114B     		ldr	r3, .L14
 219 0104 1A68     		ldr	r2, [r3]
 220              		.loc 1 214 18
 221 0106 3B69     		ldr	r3, [r7, #16]
 222 0108 DB43     		mvns	r3, r3
 223              		.loc 1 214 9
 224 010a 0F49     		ldr	r1, .L14
 225              		.loc 1 214 15
 226 010c 1340     		ands	r3, r3, r2
 227 010e 0B60     		str	r3, [r1]
 228              	.L11:
 215:Drivers/STM32F4xx_HAL_Driver/Src/stm32f4xx_hal_exti.c ****   }
 216:Drivers/STM32F4xx_HAL_Driver/Src/stm32f4xx_hal_exti.c **** 
 217:Drivers/STM32F4xx_HAL_Driver/Src/stm32f4xx_hal_exti.c ****   /* Configure event mode : read current mode */
 218:Drivers/STM32F4xx_HAL_Driver/Src/stm32f4xx_hal_exti.c ****   /* Mask or set line */
 219:Drivers/STM32F4xx_HAL_Driver/Src/stm32f4xx_hal_exti.c ****   if ((pExtiConfig->Mode & EXTI_MODE_EVENT) != 0x00u)
 229              		.loc 1 219 19
 230 0110 3B68     		ldr	r3, [r7]
 231 0112 5B68     		ldr	r3, [r3, #4]
 232              		.loc 1 219 26
 233 0114 03F00203 		and	r3, r3, #2
 234              		.loc 1 219 6
 235 0118 002B     		cmp	r3, #0
 236 011a 06D0     		beq	.L12
 220:Drivers/STM32F4xx_HAL_Driver/Src/stm32f4xx_hal_exti.c ****   {
 221:Drivers/STM32F4xx_HAL_Driver/Src/stm32f4xx_hal_exti.c ****     EXTI->EMR |= maskline;
ARM GAS  /tmp/ccxEM32e.s 			page 9


 237              		.loc 1 221 9
 238 011c 0A4B     		ldr	r3, .L14
 239 011e 5A68     		ldr	r2, [r3, #4]
 240 0120 0949     		ldr	r1, .L14
 241              		.loc 1 221 15
 242 0122 3B69     		ldr	r3, [r7, #16]
 243 0124 1343     		orrs	r3, r3, r2
 244 0126 4B60     		str	r3, [r1, #4]
 245 0128 06E0     		b	.L13
 246              	.L12:
 222:Drivers/STM32F4xx_HAL_Driver/Src/stm32f4xx_hal_exti.c ****   }
 223:Drivers/STM32F4xx_HAL_Driver/Src/stm32f4xx_hal_exti.c ****   else
 224:Drivers/STM32F4xx_HAL_Driver/Src/stm32f4xx_hal_exti.c ****   {
 225:Drivers/STM32F4xx_HAL_Driver/Src/stm32f4xx_hal_exti.c ****     EXTI->EMR &= ~maskline;
 247              		.loc 1 225 9
 248 012a 074B     		ldr	r3, .L14
 249 012c 5A68     		ldr	r2, [r3, #4]
 250              		.loc 1 225 18
 251 012e 3B69     		ldr	r3, [r7, #16]
 252 0130 DB43     		mvns	r3, r3
 253              		.loc 1 225 9
 254 0132 0549     		ldr	r1, .L14
 255              		.loc 1 225 15
 256 0134 1340     		ands	r3, r3, r2
 257 0136 4B60     		str	r3, [r1, #4]
 258              	.L13:
 226:Drivers/STM32F4xx_HAL_Driver/Src/stm32f4xx_hal_exti.c ****   }
 227:Drivers/STM32F4xx_HAL_Driver/Src/stm32f4xx_hal_exti.c **** 
 228:Drivers/STM32F4xx_HAL_Driver/Src/stm32f4xx_hal_exti.c ****   return HAL_OK;
 259              		.loc 1 228 10
 260 0138 0023     		movs	r3, #0
 261              	.L4:
 229:Drivers/STM32F4xx_HAL_Driver/Src/stm32f4xx_hal_exti.c **** }
 262              		.loc 1 229 1
 263 013a 1846     		mov	r0, r3
 264 013c 1C37     		adds	r7, r7, #28
 265              	.LCFI3:
 266              		.cfi_def_cfa_offset 4
 267 013e BD46     		mov	sp, r7
 268              	.LCFI4:
 269              		.cfi_def_cfa_register 13
 270              		@ sp needed
 271 0140 5DF8047B 		ldr	r7, [sp], #4
 272              	.LCFI5:
 273              		.cfi_restore 7
 274              		.cfi_def_cfa_offset 0
 275 0144 7047     		bx	lr
 276              	.L15:
 277 0146 00BF     		.align	2
 278              	.L14:
 279 0148 003C0140 		.word	1073822720
 280 014c 00380140 		.word	1073821696
 281              		.cfi_endproc
 282              	.LFE216:
 284              		.section	.text.HAL_EXTI_GetConfigLine,"ax",%progbits
 285              		.align	1
 286              		.global	HAL_EXTI_GetConfigLine
ARM GAS  /tmp/ccxEM32e.s 			page 10


 287              		.syntax unified
 288              		.thumb
 289              		.thumb_func
 291              	HAL_EXTI_GetConfigLine:
 292              	.LFB217:
 230:Drivers/STM32F4xx_HAL_Driver/Src/stm32f4xx_hal_exti.c **** 
 231:Drivers/STM32F4xx_HAL_Driver/Src/stm32f4xx_hal_exti.c **** /**
 232:Drivers/STM32F4xx_HAL_Driver/Src/stm32f4xx_hal_exti.c ****   * @brief  Get configuration of a dedicated Exti line.
 233:Drivers/STM32F4xx_HAL_Driver/Src/stm32f4xx_hal_exti.c ****   * @param  hexti Exti handle.
 234:Drivers/STM32F4xx_HAL_Driver/Src/stm32f4xx_hal_exti.c ****   * @param  pExtiConfig Pointer on structure to store Exti configuration.
 235:Drivers/STM32F4xx_HAL_Driver/Src/stm32f4xx_hal_exti.c ****   * @retval HAL Status.
 236:Drivers/STM32F4xx_HAL_Driver/Src/stm32f4xx_hal_exti.c ****   */
 237:Drivers/STM32F4xx_HAL_Driver/Src/stm32f4xx_hal_exti.c **** HAL_StatusTypeDef HAL_EXTI_GetConfigLine(EXTI_HandleTypeDef *hexti, EXTI_ConfigTypeDef *pExtiConfig
 238:Drivers/STM32F4xx_HAL_Driver/Src/stm32f4xx_hal_exti.c **** {
 293              		.loc 1 238 1
 294              		.cfi_startproc
 295              		@ args = 0, pretend = 0, frame = 24
 296              		@ frame_needed = 1, uses_anonymous_args = 0
 297              		@ link register save eliminated.
 298 0000 80B4     		push	{r7}
 299              	.LCFI6:
 300              		.cfi_def_cfa_offset 4
 301              		.cfi_offset 7, -4
 302 0002 87B0     		sub	sp, sp, #28
 303              	.LCFI7:
 304              		.cfi_def_cfa_offset 32
 305 0004 00AF     		add	r7, sp, #0
 306              	.LCFI8:
 307              		.cfi_def_cfa_register 7
 308 0006 7860     		str	r0, [r7, #4]
 309 0008 3960     		str	r1, [r7]
 239:Drivers/STM32F4xx_HAL_Driver/Src/stm32f4xx_hal_exti.c ****   uint32_t regval;
 240:Drivers/STM32F4xx_HAL_Driver/Src/stm32f4xx_hal_exti.c ****   uint32_t linepos;
 241:Drivers/STM32F4xx_HAL_Driver/Src/stm32f4xx_hal_exti.c ****   uint32_t maskline;
 242:Drivers/STM32F4xx_HAL_Driver/Src/stm32f4xx_hal_exti.c **** 
 243:Drivers/STM32F4xx_HAL_Driver/Src/stm32f4xx_hal_exti.c ****   /* Check null pointer */
 244:Drivers/STM32F4xx_HAL_Driver/Src/stm32f4xx_hal_exti.c ****   if ((hexti == NULL) || (pExtiConfig == NULL))
 310              		.loc 1 244 6
 311 000a 7B68     		ldr	r3, [r7, #4]
 312 000c 002B     		cmp	r3, #0
 313 000e 02D0     		beq	.L17
 314              		.loc 1 244 23 discriminator 1
 315 0010 3B68     		ldr	r3, [r7]
 316 0012 002B     		cmp	r3, #0
 317 0014 01D1     		bne	.L18
 318              	.L17:
 245:Drivers/STM32F4xx_HAL_Driver/Src/stm32f4xx_hal_exti.c ****   {
 246:Drivers/STM32F4xx_HAL_Driver/Src/stm32f4xx_hal_exti.c ****     return HAL_ERROR;
 319              		.loc 1 246 12
 320 0016 0123     		movs	r3, #1
 321 0018 62E0     		b	.L19
 322              	.L18:
 247:Drivers/STM32F4xx_HAL_Driver/Src/stm32f4xx_hal_exti.c ****   }
 248:Drivers/STM32F4xx_HAL_Driver/Src/stm32f4xx_hal_exti.c **** 
 249:Drivers/STM32F4xx_HAL_Driver/Src/stm32f4xx_hal_exti.c ****   /* Check the parameter */
 250:Drivers/STM32F4xx_HAL_Driver/Src/stm32f4xx_hal_exti.c ****   assert_param(IS_EXTI_LINE(hexti->Line));
 251:Drivers/STM32F4xx_HAL_Driver/Src/stm32f4xx_hal_exti.c **** 
ARM GAS  /tmp/ccxEM32e.s 			page 11


 252:Drivers/STM32F4xx_HAL_Driver/Src/stm32f4xx_hal_exti.c ****   /* Store handle line number to configuration structure */
 253:Drivers/STM32F4xx_HAL_Driver/Src/stm32f4xx_hal_exti.c ****   pExtiConfig->Line = hexti->Line;
 323              		.loc 1 253 28
 324 001a 7B68     		ldr	r3, [r7, #4]
 325 001c 1A68     		ldr	r2, [r3]
 326              		.loc 1 253 21
 327 001e 3B68     		ldr	r3, [r7]
 328 0020 1A60     		str	r2, [r3]
 254:Drivers/STM32F4xx_HAL_Driver/Src/stm32f4xx_hal_exti.c **** 
 255:Drivers/STM32F4xx_HAL_Driver/Src/stm32f4xx_hal_exti.c ****   /* Compute line mask */
 256:Drivers/STM32F4xx_HAL_Driver/Src/stm32f4xx_hal_exti.c ****   linepos = (pExtiConfig->Line & EXTI_PIN_MASK);
 329              		.loc 1 256 25
 330 0022 3B68     		ldr	r3, [r7]
 331 0024 1B68     		ldr	r3, [r3]
 332              		.loc 1 256 11
 333 0026 03F01F03 		and	r3, r3, #31
 334 002a 7B61     		str	r3, [r7, #20]
 257:Drivers/STM32F4xx_HAL_Driver/Src/stm32f4xx_hal_exti.c ****   maskline = (1uL << linepos);
 335              		.loc 1 257 12
 336 002c 0122     		movs	r2, #1
 337 002e 7B69     		ldr	r3, [r7, #20]
 338 0030 02FA03F3 		lsl	r3, r2, r3
 339 0034 3B61     		str	r3, [r7, #16]
 258:Drivers/STM32F4xx_HAL_Driver/Src/stm32f4xx_hal_exti.c **** 
 259:Drivers/STM32F4xx_HAL_Driver/Src/stm32f4xx_hal_exti.c ****   /* 1] Get core mode : interrupt */
 260:Drivers/STM32F4xx_HAL_Driver/Src/stm32f4xx_hal_exti.c **** 
 261:Drivers/STM32F4xx_HAL_Driver/Src/stm32f4xx_hal_exti.c ****   /* Check if selected line is enable */
 262:Drivers/STM32F4xx_HAL_Driver/Src/stm32f4xx_hal_exti.c ****   if ((EXTI->IMR & maskline) != 0x00u)
 340              		.loc 1 262 12
 341 0036 2D4B     		ldr	r3, .L26
 342 0038 1A68     		ldr	r2, [r3]
 343              		.loc 1 262 18
 344 003a 3B69     		ldr	r3, [r7, #16]
 345 003c 1340     		ands	r3, r3, r2
 346              		.loc 1 262 6
 347 003e 002B     		cmp	r3, #0
 348 0040 03D0     		beq	.L20
 263:Drivers/STM32F4xx_HAL_Driver/Src/stm32f4xx_hal_exti.c ****   {
 264:Drivers/STM32F4xx_HAL_Driver/Src/stm32f4xx_hal_exti.c ****     pExtiConfig->Mode = EXTI_MODE_INTERRUPT;
 349              		.loc 1 264 23
 350 0042 3B68     		ldr	r3, [r7]
 351 0044 0122     		movs	r2, #1
 352 0046 5A60     		str	r2, [r3, #4]
 353 0048 02E0     		b	.L21
 354              	.L20:
 265:Drivers/STM32F4xx_HAL_Driver/Src/stm32f4xx_hal_exti.c ****   }
 266:Drivers/STM32F4xx_HAL_Driver/Src/stm32f4xx_hal_exti.c ****   else
 267:Drivers/STM32F4xx_HAL_Driver/Src/stm32f4xx_hal_exti.c ****   {
 268:Drivers/STM32F4xx_HAL_Driver/Src/stm32f4xx_hal_exti.c ****     pExtiConfig->Mode = EXTI_MODE_NONE;
 355              		.loc 1 268 23
 356 004a 3B68     		ldr	r3, [r7]
 357 004c 0022     		movs	r2, #0
 358 004e 5A60     		str	r2, [r3, #4]
 359              	.L21:
 269:Drivers/STM32F4xx_HAL_Driver/Src/stm32f4xx_hal_exti.c ****   }
 270:Drivers/STM32F4xx_HAL_Driver/Src/stm32f4xx_hal_exti.c **** 
 271:Drivers/STM32F4xx_HAL_Driver/Src/stm32f4xx_hal_exti.c ****   /* Get event mode */
ARM GAS  /tmp/ccxEM32e.s 			page 12


 272:Drivers/STM32F4xx_HAL_Driver/Src/stm32f4xx_hal_exti.c ****   /* Check if selected line is enable */
 273:Drivers/STM32F4xx_HAL_Driver/Src/stm32f4xx_hal_exti.c ****   if ((EXTI->EMR & maskline) != 0x00u)
 360              		.loc 1 273 12
 361 0050 264B     		ldr	r3, .L26
 362 0052 5A68     		ldr	r2, [r3, #4]
 363              		.loc 1 273 18
 364 0054 3B69     		ldr	r3, [r7, #16]
 365 0056 1340     		ands	r3, r3, r2
 366              		.loc 1 273 6
 367 0058 002B     		cmp	r3, #0
 368 005a 05D0     		beq	.L22
 274:Drivers/STM32F4xx_HAL_Driver/Src/stm32f4xx_hal_exti.c ****   {
 275:Drivers/STM32F4xx_HAL_Driver/Src/stm32f4xx_hal_exti.c ****     pExtiConfig->Mode |= EXTI_MODE_EVENT;
 369              		.loc 1 275 16
 370 005c 3B68     		ldr	r3, [r7]
 371 005e 5B68     		ldr	r3, [r3, #4]
 372              		.loc 1 275 23
 373 0060 43F00202 		orr	r2, r3, #2
 374 0064 3B68     		ldr	r3, [r7]
 375 0066 5A60     		str	r2, [r3, #4]
 376              	.L22:
 276:Drivers/STM32F4xx_HAL_Driver/Src/stm32f4xx_hal_exti.c ****   }
 277:Drivers/STM32F4xx_HAL_Driver/Src/stm32f4xx_hal_exti.c **** 
 278:Drivers/STM32F4xx_HAL_Driver/Src/stm32f4xx_hal_exti.c ****   /* Get default Trigger and GPIOSel configuration */
 279:Drivers/STM32F4xx_HAL_Driver/Src/stm32f4xx_hal_exti.c ****   pExtiConfig->Trigger = EXTI_TRIGGER_NONE;
 377              		.loc 1 279 24
 378 0068 3B68     		ldr	r3, [r7]
 379 006a 0022     		movs	r2, #0
 380 006c 9A60     		str	r2, [r3, #8]
 280:Drivers/STM32F4xx_HAL_Driver/Src/stm32f4xx_hal_exti.c ****   pExtiConfig->GPIOSel = 0x00u;
 381              		.loc 1 280 24
 382 006e 3B68     		ldr	r3, [r7]
 383 0070 0022     		movs	r2, #0
 384 0072 DA60     		str	r2, [r3, #12]
 281:Drivers/STM32F4xx_HAL_Driver/Src/stm32f4xx_hal_exti.c **** 
 282:Drivers/STM32F4xx_HAL_Driver/Src/stm32f4xx_hal_exti.c ****   /* 2] Get trigger for configurable lines : rising */
 283:Drivers/STM32F4xx_HAL_Driver/Src/stm32f4xx_hal_exti.c ****   if ((pExtiConfig->Line & EXTI_CONFIG) != 0x00u)
 385              		.loc 1 283 19
 386 0074 3B68     		ldr	r3, [r7]
 387 0076 1B68     		ldr	r3, [r3]
 388              		.loc 1 283 26
 389 0078 03F00073 		and	r3, r3, #33554432
 390              		.loc 1 283 6
 391 007c 002B     		cmp	r3, #0
 392 007e 2ED0     		beq	.L23
 284:Drivers/STM32F4xx_HAL_Driver/Src/stm32f4xx_hal_exti.c ****   {
 285:Drivers/STM32F4xx_HAL_Driver/Src/stm32f4xx_hal_exti.c ****     /* Check if configuration of selected line is enable */
 286:Drivers/STM32F4xx_HAL_Driver/Src/stm32f4xx_hal_exti.c ****     if ((EXTI->RTSR & maskline) != 0x00u)
 393              		.loc 1 286 14
 394 0080 1A4B     		ldr	r3, .L26
 395 0082 9A68     		ldr	r2, [r3, #8]
 396              		.loc 1 286 21
 397 0084 3B69     		ldr	r3, [r7, #16]
 398 0086 1340     		ands	r3, r3, r2
 399              		.loc 1 286 8
 400 0088 002B     		cmp	r3, #0
 401 008a 02D0     		beq	.L24
ARM GAS  /tmp/ccxEM32e.s 			page 13


 287:Drivers/STM32F4xx_HAL_Driver/Src/stm32f4xx_hal_exti.c ****     {
 288:Drivers/STM32F4xx_HAL_Driver/Src/stm32f4xx_hal_exti.c ****       pExtiConfig->Trigger = EXTI_TRIGGER_RISING;
 402              		.loc 1 288 28
 403 008c 3B68     		ldr	r3, [r7]
 404 008e 0122     		movs	r2, #1
 405 0090 9A60     		str	r2, [r3, #8]
 406              	.L24:
 289:Drivers/STM32F4xx_HAL_Driver/Src/stm32f4xx_hal_exti.c ****     }
 290:Drivers/STM32F4xx_HAL_Driver/Src/stm32f4xx_hal_exti.c **** 
 291:Drivers/STM32F4xx_HAL_Driver/Src/stm32f4xx_hal_exti.c ****     /* Get falling configuration */
 292:Drivers/STM32F4xx_HAL_Driver/Src/stm32f4xx_hal_exti.c ****     /* Check if configuration of selected line is enable */
 293:Drivers/STM32F4xx_HAL_Driver/Src/stm32f4xx_hal_exti.c ****     if ((EXTI->FTSR & maskline) != 0x00u)
 407              		.loc 1 293 14
 408 0092 164B     		ldr	r3, .L26
 409 0094 DA68     		ldr	r2, [r3, #12]
 410              		.loc 1 293 21
 411 0096 3B69     		ldr	r3, [r7, #16]
 412 0098 1340     		ands	r3, r3, r2
 413              		.loc 1 293 8
 414 009a 002B     		cmp	r3, #0
 415 009c 05D0     		beq	.L25
 294:Drivers/STM32F4xx_HAL_Driver/Src/stm32f4xx_hal_exti.c ****     {
 295:Drivers/STM32F4xx_HAL_Driver/Src/stm32f4xx_hal_exti.c ****       pExtiConfig->Trigger |= EXTI_TRIGGER_FALLING;
 416              		.loc 1 295 18
 417 009e 3B68     		ldr	r3, [r7]
 418 00a0 9B68     		ldr	r3, [r3, #8]
 419              		.loc 1 295 28
 420 00a2 43F00202 		orr	r2, r3, #2
 421 00a6 3B68     		ldr	r3, [r7]
 422 00a8 9A60     		str	r2, [r3, #8]
 423              	.L25:
 296:Drivers/STM32F4xx_HAL_Driver/Src/stm32f4xx_hal_exti.c ****     }
 297:Drivers/STM32F4xx_HAL_Driver/Src/stm32f4xx_hal_exti.c **** 
 298:Drivers/STM32F4xx_HAL_Driver/Src/stm32f4xx_hal_exti.c ****     /* Get Gpio port selection for gpio lines */
 299:Drivers/STM32F4xx_HAL_Driver/Src/stm32f4xx_hal_exti.c ****     if ((pExtiConfig->Line & EXTI_GPIO) == EXTI_GPIO)
 424              		.loc 1 299 21
 425 00aa 3B68     		ldr	r3, [r7]
 426 00ac 1B68     		ldr	r3, [r3]
 427              		.loc 1 299 28
 428 00ae 03F0C063 		and	r3, r3, #100663296
 429              		.loc 1 299 8
 430 00b2 B3F1C06F 		cmp	r3, #100663296
 431 00b6 12D1     		bne	.L23
 300:Drivers/STM32F4xx_HAL_Driver/Src/stm32f4xx_hal_exti.c ****     {
 301:Drivers/STM32F4xx_HAL_Driver/Src/stm32f4xx_hal_exti.c ****       assert_param(IS_EXTI_GPIO_PIN(linepos));
 302:Drivers/STM32F4xx_HAL_Driver/Src/stm32f4xx_hal_exti.c **** 
 303:Drivers/STM32F4xx_HAL_Driver/Src/stm32f4xx_hal_exti.c ****       regval = (SYSCFG->EXTICR[linepos >> 2u] << 16u );
 432              		.loc 1 303 23
 433 00b8 0D4A     		ldr	r2, .L26+4
 434              		.loc 1 303 40
 435 00ba 7B69     		ldr	r3, [r7, #20]
 436 00bc 9B08     		lsrs	r3, r3, #2
 437              		.loc 1 303 31
 438 00be 0233     		adds	r3, r3, #2
 439 00c0 52F82330 		ldr	r3, [r2, r3, lsl #2]
 440              		.loc 1 303 14
 441 00c4 1B04     		lsls	r3, r3, #16
ARM GAS  /tmp/ccxEM32e.s 			page 14


 442 00c6 FB60     		str	r3, [r7, #12]
 304:Drivers/STM32F4xx_HAL_Driver/Src/stm32f4xx_hal_exti.c ****       pExtiConfig->GPIOSel = ((regval << (SYSCFG_EXTICR1_EXTI1_Pos * (3uL - (linepos & 0x03u)))) >>
 443              		.loc 1 304 75
 444 00c8 7B69     		ldr	r3, [r7, #20]
 445 00ca DB43     		mvns	r3, r3
 446 00cc 03F00303 		and	r3, r3, #3
 447              		.loc 1 304 68
 448 00d0 9B00     		lsls	r3, r3, #2
 449              		.loc 1 304 39
 450 00d2 FA68     		ldr	r2, [r7, #12]
 451 00d4 02FA03F3 		lsl	r3, r2, r3
 452              		.loc 1 304 98
 453 00d8 1A0F     		lsrs	r2, r3, #28
 454              		.loc 1 304 28
 455 00da 3B68     		ldr	r3, [r7]
 456 00dc DA60     		str	r2, [r3, #12]
 457              	.L23:
 305:Drivers/STM32F4xx_HAL_Driver/Src/stm32f4xx_hal_exti.c ****     }
 306:Drivers/STM32F4xx_HAL_Driver/Src/stm32f4xx_hal_exti.c ****   }
 307:Drivers/STM32F4xx_HAL_Driver/Src/stm32f4xx_hal_exti.c **** 
 308:Drivers/STM32F4xx_HAL_Driver/Src/stm32f4xx_hal_exti.c ****   return HAL_OK;
 458              		.loc 1 308 10
 459 00de 0023     		movs	r3, #0
 460              	.L19:
 309:Drivers/STM32F4xx_HAL_Driver/Src/stm32f4xx_hal_exti.c **** }
 461              		.loc 1 309 1
 462 00e0 1846     		mov	r0, r3
 463 00e2 1C37     		adds	r7, r7, #28
 464              	.LCFI9:
 465              		.cfi_def_cfa_offset 4
 466 00e4 BD46     		mov	sp, r7
 467              	.LCFI10:
 468              		.cfi_def_cfa_register 13
 469              		@ sp needed
 470 00e6 5DF8047B 		ldr	r7, [sp], #4
 471              	.LCFI11:
 472              		.cfi_restore 7
 473              		.cfi_def_cfa_offset 0
 474 00ea 7047     		bx	lr
 475              	.L27:
 476              		.align	2
 477              	.L26:
 478 00ec 003C0140 		.word	1073822720
 479 00f0 00380140 		.word	1073821696
 480              		.cfi_endproc
 481              	.LFE217:
 483              		.section	.text.HAL_EXTI_ClearConfigLine,"ax",%progbits
 484              		.align	1
 485              		.global	HAL_EXTI_ClearConfigLine
 486              		.syntax unified
 487              		.thumb
 488              		.thumb_func
 490              	HAL_EXTI_ClearConfigLine:
 491              	.LFB218:
 310:Drivers/STM32F4xx_HAL_Driver/Src/stm32f4xx_hal_exti.c **** 
 311:Drivers/STM32F4xx_HAL_Driver/Src/stm32f4xx_hal_exti.c **** /**
 312:Drivers/STM32F4xx_HAL_Driver/Src/stm32f4xx_hal_exti.c ****   * @brief  Clear whole configuration of a dedicated Exti line.
ARM GAS  /tmp/ccxEM32e.s 			page 15


 313:Drivers/STM32F4xx_HAL_Driver/Src/stm32f4xx_hal_exti.c ****   * @param  hexti Exti handle.
 314:Drivers/STM32F4xx_HAL_Driver/Src/stm32f4xx_hal_exti.c ****   * @retval HAL Status.
 315:Drivers/STM32F4xx_HAL_Driver/Src/stm32f4xx_hal_exti.c ****   */
 316:Drivers/STM32F4xx_HAL_Driver/Src/stm32f4xx_hal_exti.c **** HAL_StatusTypeDef HAL_EXTI_ClearConfigLine(EXTI_HandleTypeDef *hexti)
 317:Drivers/STM32F4xx_HAL_Driver/Src/stm32f4xx_hal_exti.c **** {
 492              		.loc 1 317 1
 493              		.cfi_startproc
 494              		@ args = 0, pretend = 0, frame = 24
 495              		@ frame_needed = 1, uses_anonymous_args = 0
 496              		@ link register save eliminated.
 497 0000 80B4     		push	{r7}
 498              	.LCFI12:
 499              		.cfi_def_cfa_offset 4
 500              		.cfi_offset 7, -4
 501 0002 87B0     		sub	sp, sp, #28
 502              	.LCFI13:
 503              		.cfi_def_cfa_offset 32
 504 0004 00AF     		add	r7, sp, #0
 505              	.LCFI14:
 506              		.cfi_def_cfa_register 7
 507 0006 7860     		str	r0, [r7, #4]
 318:Drivers/STM32F4xx_HAL_Driver/Src/stm32f4xx_hal_exti.c ****   uint32_t regval;
 319:Drivers/STM32F4xx_HAL_Driver/Src/stm32f4xx_hal_exti.c ****   uint32_t linepos;
 320:Drivers/STM32F4xx_HAL_Driver/Src/stm32f4xx_hal_exti.c ****   uint32_t maskline;
 321:Drivers/STM32F4xx_HAL_Driver/Src/stm32f4xx_hal_exti.c **** 
 322:Drivers/STM32F4xx_HAL_Driver/Src/stm32f4xx_hal_exti.c ****   /* Check null pointer */
 323:Drivers/STM32F4xx_HAL_Driver/Src/stm32f4xx_hal_exti.c ****   if (hexti == NULL)
 508              		.loc 1 323 6
 509 0008 7B68     		ldr	r3, [r7, #4]
 510 000a 002B     		cmp	r3, #0
 511 000c 01D1     		bne	.L29
 324:Drivers/STM32F4xx_HAL_Driver/Src/stm32f4xx_hal_exti.c ****   {
 325:Drivers/STM32F4xx_HAL_Driver/Src/stm32f4xx_hal_exti.c ****     return HAL_ERROR;
 512              		.loc 1 325 12
 513 000e 0123     		movs	r3, #1
 514 0010 4CE0     		b	.L30
 515              	.L29:
 326:Drivers/STM32F4xx_HAL_Driver/Src/stm32f4xx_hal_exti.c ****   }
 327:Drivers/STM32F4xx_HAL_Driver/Src/stm32f4xx_hal_exti.c **** 
 328:Drivers/STM32F4xx_HAL_Driver/Src/stm32f4xx_hal_exti.c ****   /* Check the parameter */
 329:Drivers/STM32F4xx_HAL_Driver/Src/stm32f4xx_hal_exti.c ****   assert_param(IS_EXTI_LINE(hexti->Line));
 330:Drivers/STM32F4xx_HAL_Driver/Src/stm32f4xx_hal_exti.c **** 
 331:Drivers/STM32F4xx_HAL_Driver/Src/stm32f4xx_hal_exti.c ****   /* compute line mask */
 332:Drivers/STM32F4xx_HAL_Driver/Src/stm32f4xx_hal_exti.c ****   linepos = (hexti->Line & EXTI_PIN_MASK);
 516              		.loc 1 332 19
 517 0012 7B68     		ldr	r3, [r7, #4]
 518 0014 1B68     		ldr	r3, [r3]
 519              		.loc 1 332 11
 520 0016 03F01F03 		and	r3, r3, #31
 521 001a 7B61     		str	r3, [r7, #20]
 333:Drivers/STM32F4xx_HAL_Driver/Src/stm32f4xx_hal_exti.c ****   maskline = (1uL << linepos);
 522              		.loc 1 333 12
 523 001c 0122     		movs	r2, #1
 524 001e 7B69     		ldr	r3, [r7, #20]
 525 0020 02FA03F3 		lsl	r3, r2, r3
 526 0024 3B61     		str	r3, [r7, #16]
 334:Drivers/STM32F4xx_HAL_Driver/Src/stm32f4xx_hal_exti.c **** 
ARM GAS  /tmp/ccxEM32e.s 			page 16


 335:Drivers/STM32F4xx_HAL_Driver/Src/stm32f4xx_hal_exti.c ****   /* 1] Clear interrupt mode */
 336:Drivers/STM32F4xx_HAL_Driver/Src/stm32f4xx_hal_exti.c ****   EXTI->IMR = (EXTI->IMR & ~maskline);
 527              		.loc 1 336 20
 528 0026 244B     		ldr	r3, .L32
 529 0028 1A68     		ldr	r2, [r3]
 530              		.loc 1 336 28
 531 002a 3B69     		ldr	r3, [r7, #16]
 532 002c DB43     		mvns	r3, r3
 533              		.loc 1 336 7
 534 002e 2249     		ldr	r1, .L32
 535              		.loc 1 336 26
 536 0030 1340     		ands	r3, r3, r2
 537              		.loc 1 336 13
 538 0032 0B60     		str	r3, [r1]
 337:Drivers/STM32F4xx_HAL_Driver/Src/stm32f4xx_hal_exti.c **** 
 338:Drivers/STM32F4xx_HAL_Driver/Src/stm32f4xx_hal_exti.c ****   /* 2] Clear event mode */
 339:Drivers/STM32F4xx_HAL_Driver/Src/stm32f4xx_hal_exti.c ****   EXTI->EMR = (EXTI->EMR & ~maskline);
 539              		.loc 1 339 20
 540 0034 204B     		ldr	r3, .L32
 541 0036 5A68     		ldr	r2, [r3, #4]
 542              		.loc 1 339 28
 543 0038 3B69     		ldr	r3, [r7, #16]
 544 003a DB43     		mvns	r3, r3
 545              		.loc 1 339 7
 546 003c 1E49     		ldr	r1, .L32
 547              		.loc 1 339 26
 548 003e 1340     		ands	r3, r3, r2
 549              		.loc 1 339 13
 550 0040 4B60     		str	r3, [r1, #4]
 340:Drivers/STM32F4xx_HAL_Driver/Src/stm32f4xx_hal_exti.c **** 
 341:Drivers/STM32F4xx_HAL_Driver/Src/stm32f4xx_hal_exti.c ****   /* 3] Clear triggers in case of configurable lines */
 342:Drivers/STM32F4xx_HAL_Driver/Src/stm32f4xx_hal_exti.c ****   if ((hexti->Line & EXTI_CONFIG) != 0x00u)
 551              		.loc 1 342 13
 552 0042 7B68     		ldr	r3, [r7, #4]
 553 0044 1B68     		ldr	r3, [r3]
 554              		.loc 1 342 20
 555 0046 03F00073 		and	r3, r3, #33554432
 556              		.loc 1 342 6
 557 004a 002B     		cmp	r3, #0
 558 004c 2DD0     		beq	.L31
 343:Drivers/STM32F4xx_HAL_Driver/Src/stm32f4xx_hal_exti.c ****   {
 344:Drivers/STM32F4xx_HAL_Driver/Src/stm32f4xx_hal_exti.c ****     EXTI->RTSR = (EXTI->RTSR & ~maskline);
 559              		.loc 1 344 23
 560 004e 1A4B     		ldr	r3, .L32
 561 0050 9A68     		ldr	r2, [r3, #8]
 562              		.loc 1 344 32
 563 0052 3B69     		ldr	r3, [r7, #16]
 564 0054 DB43     		mvns	r3, r3
 565              		.loc 1 344 9
 566 0056 1849     		ldr	r1, .L32
 567              		.loc 1 344 30
 568 0058 1340     		ands	r3, r3, r2
 569              		.loc 1 344 16
 570 005a 8B60     		str	r3, [r1, #8]
 345:Drivers/STM32F4xx_HAL_Driver/Src/stm32f4xx_hal_exti.c ****     EXTI->FTSR = (EXTI->FTSR & ~maskline);
 571              		.loc 1 345 23
 572 005c 164B     		ldr	r3, .L32
ARM GAS  /tmp/ccxEM32e.s 			page 17


 573 005e DA68     		ldr	r2, [r3, #12]
 574              		.loc 1 345 32
 575 0060 3B69     		ldr	r3, [r7, #16]
 576 0062 DB43     		mvns	r3, r3
 577              		.loc 1 345 9
 578 0064 1449     		ldr	r1, .L32
 579              		.loc 1 345 30
 580 0066 1340     		ands	r3, r3, r2
 581              		.loc 1 345 16
 582 0068 CB60     		str	r3, [r1, #12]
 346:Drivers/STM32F4xx_HAL_Driver/Src/stm32f4xx_hal_exti.c **** 
 347:Drivers/STM32F4xx_HAL_Driver/Src/stm32f4xx_hal_exti.c ****     /* Get Gpio port selection for gpio lines */
 348:Drivers/STM32F4xx_HAL_Driver/Src/stm32f4xx_hal_exti.c ****     if ((hexti->Line & EXTI_GPIO) == EXTI_GPIO)
 583              		.loc 1 348 15
 584 006a 7B68     		ldr	r3, [r7, #4]
 585 006c 1B68     		ldr	r3, [r3]
 586              		.loc 1 348 22
 587 006e 03F0C063 		and	r3, r3, #100663296
 588              		.loc 1 348 8
 589 0072 B3F1C06F 		cmp	r3, #100663296
 590 0076 18D1     		bne	.L31
 349:Drivers/STM32F4xx_HAL_Driver/Src/stm32f4xx_hal_exti.c ****     {
 350:Drivers/STM32F4xx_HAL_Driver/Src/stm32f4xx_hal_exti.c ****       assert_param(IS_EXTI_GPIO_PIN(linepos));
 351:Drivers/STM32F4xx_HAL_Driver/Src/stm32f4xx_hal_exti.c **** 
 352:Drivers/STM32F4xx_HAL_Driver/Src/stm32f4xx_hal_exti.c ****       regval = SYSCFG->EXTICR[linepos >> 2u];
 591              		.loc 1 352 22
 592 0078 104A     		ldr	r2, .L32+4
 593              		.loc 1 352 39
 594 007a 7B69     		ldr	r3, [r7, #20]
 595 007c 9B08     		lsrs	r3, r3, #2
 596              		.loc 1 352 14
 597 007e 0233     		adds	r3, r3, #2
 598 0080 52F82330 		ldr	r3, [r2, r3, lsl #2]
 599 0084 FB60     		str	r3, [r7, #12]
 353:Drivers/STM32F4xx_HAL_Driver/Src/stm32f4xx_hal_exti.c ****       regval &= ~(SYSCFG_EXTICR1_EXTI0 << (SYSCFG_EXTICR1_EXTI1_Pos * (linepos & 0x03u)));
 600              		.loc 1 353 80
 601 0086 7B69     		ldr	r3, [r7, #20]
 602 0088 03F00303 		and	r3, r3, #3
 603              		.loc 1 353 69
 604 008c 9B00     		lsls	r3, r3, #2
 605              		.loc 1 353 40
 606 008e 0F22     		movs	r2, #15
 607 0090 02FA03F3 		lsl	r3, r2, r3
 608              		.loc 1 353 17
 609 0094 DB43     		mvns	r3, r3
 610              		.loc 1 353 14
 611 0096 FA68     		ldr	r2, [r7, #12]
 612 0098 1340     		ands	r3, r3, r2
 613 009a FB60     		str	r3, [r7, #12]
 354:Drivers/STM32F4xx_HAL_Driver/Src/stm32f4xx_hal_exti.c ****       SYSCFG->EXTICR[linepos >> 2u] = regval;
 614              		.loc 1 354 13
 615 009c 0749     		ldr	r1, .L32+4
 616              		.loc 1 354 30
 617 009e 7B69     		ldr	r3, [r7, #20]
 618 00a0 9B08     		lsrs	r3, r3, #2
 619              		.loc 1 354 37
 620 00a2 0233     		adds	r3, r3, #2
ARM GAS  /tmp/ccxEM32e.s 			page 18


 621 00a4 FA68     		ldr	r2, [r7, #12]
 622 00a6 41F82320 		str	r2, [r1, r3, lsl #2]
 623              	.L31:
 355:Drivers/STM32F4xx_HAL_Driver/Src/stm32f4xx_hal_exti.c ****     }
 356:Drivers/STM32F4xx_HAL_Driver/Src/stm32f4xx_hal_exti.c ****   }
 357:Drivers/STM32F4xx_HAL_Driver/Src/stm32f4xx_hal_exti.c **** 
 358:Drivers/STM32F4xx_HAL_Driver/Src/stm32f4xx_hal_exti.c ****   return HAL_OK;
 624              		.loc 1 358 10
 625 00aa 0023     		movs	r3, #0
 626              	.L30:
 359:Drivers/STM32F4xx_HAL_Driver/Src/stm32f4xx_hal_exti.c **** }
 627              		.loc 1 359 1
 628 00ac 1846     		mov	r0, r3
 629 00ae 1C37     		adds	r7, r7, #28
 630              	.LCFI15:
 631              		.cfi_def_cfa_offset 4
 632 00b0 BD46     		mov	sp, r7
 633              	.LCFI16:
 634              		.cfi_def_cfa_register 13
 635              		@ sp needed
 636 00b2 5DF8047B 		ldr	r7, [sp], #4
 637              	.LCFI17:
 638              		.cfi_restore 7
 639              		.cfi_def_cfa_offset 0
 640 00b6 7047     		bx	lr
 641              	.L33:
 642              		.align	2
 643              	.L32:
 644 00b8 003C0140 		.word	1073822720
 645 00bc 00380140 		.word	1073821696
 646              		.cfi_endproc
 647              	.LFE218:
 649              		.section	.text.HAL_EXTI_RegisterCallback,"ax",%progbits
 650              		.align	1
 651              		.global	HAL_EXTI_RegisterCallback
 652              		.syntax unified
 653              		.thumb
 654              		.thumb_func
 656              	HAL_EXTI_RegisterCallback:
 657              	.LFB219:
 360:Drivers/STM32F4xx_HAL_Driver/Src/stm32f4xx_hal_exti.c **** 
 361:Drivers/STM32F4xx_HAL_Driver/Src/stm32f4xx_hal_exti.c **** /**
 362:Drivers/STM32F4xx_HAL_Driver/Src/stm32f4xx_hal_exti.c ****   * @brief  Register callback for a dedicated Exti line.
 363:Drivers/STM32F4xx_HAL_Driver/Src/stm32f4xx_hal_exti.c ****   * @param  hexti Exti handle.
 364:Drivers/STM32F4xx_HAL_Driver/Src/stm32f4xx_hal_exti.c ****   * @param  CallbackID User callback identifier.
 365:Drivers/STM32F4xx_HAL_Driver/Src/stm32f4xx_hal_exti.c ****   *         This parameter can be one of @arg @ref EXTI_CallbackIDTypeDef values.
 366:Drivers/STM32F4xx_HAL_Driver/Src/stm32f4xx_hal_exti.c ****   * @param  pPendingCbfn function pointer to be stored as callback.
 367:Drivers/STM32F4xx_HAL_Driver/Src/stm32f4xx_hal_exti.c ****   * @retval HAL Status.
 368:Drivers/STM32F4xx_HAL_Driver/Src/stm32f4xx_hal_exti.c ****   */
 369:Drivers/STM32F4xx_HAL_Driver/Src/stm32f4xx_hal_exti.c **** HAL_StatusTypeDef HAL_EXTI_RegisterCallback(EXTI_HandleTypeDef *hexti, EXTI_CallbackIDTypeDef Callb
 370:Drivers/STM32F4xx_HAL_Driver/Src/stm32f4xx_hal_exti.c **** {
 658              		.loc 1 370 1
 659              		.cfi_startproc
 660              		@ args = 0, pretend = 0, frame = 24
 661              		@ frame_needed = 1, uses_anonymous_args = 0
 662              		@ link register save eliminated.
 663 0000 80B4     		push	{r7}
ARM GAS  /tmp/ccxEM32e.s 			page 19


 664              	.LCFI18:
 665              		.cfi_def_cfa_offset 4
 666              		.cfi_offset 7, -4
 667 0002 87B0     		sub	sp, sp, #28
 668              	.LCFI19:
 669              		.cfi_def_cfa_offset 32
 670 0004 00AF     		add	r7, sp, #0
 671              	.LCFI20:
 672              		.cfi_def_cfa_register 7
 673 0006 F860     		str	r0, [r7, #12]
 674 0008 0B46     		mov	r3, r1
 675 000a 7A60     		str	r2, [r7, #4]
 676 000c FB72     		strb	r3, [r7, #11]
 371:Drivers/STM32F4xx_HAL_Driver/Src/stm32f4xx_hal_exti.c ****   HAL_StatusTypeDef status = HAL_OK;
 677              		.loc 1 371 21
 678 000e 0023     		movs	r3, #0
 679 0010 FB75     		strb	r3, [r7, #23]
 372:Drivers/STM32F4xx_HAL_Driver/Src/stm32f4xx_hal_exti.c **** 
 373:Drivers/STM32F4xx_HAL_Driver/Src/stm32f4xx_hal_exti.c ****   switch (CallbackID)
 680              		.loc 1 373 3
 681 0012 FB7A     		ldrb	r3, [r7, #11]	@ zero_extendqisi2
 682 0014 002B     		cmp	r3, #0
 683 0016 03D1     		bne	.L35
 374:Drivers/STM32F4xx_HAL_Driver/Src/stm32f4xx_hal_exti.c ****   {
 375:Drivers/STM32F4xx_HAL_Driver/Src/stm32f4xx_hal_exti.c ****     case  HAL_EXTI_COMMON_CB_ID:
 376:Drivers/STM32F4xx_HAL_Driver/Src/stm32f4xx_hal_exti.c ****       hexti->PendingCallback = pPendingCbfn;
 684              		.loc 1 376 30
 685 0018 FB68     		ldr	r3, [r7, #12]
 686 001a 7A68     		ldr	r2, [r7, #4]
 687 001c 5A60     		str	r2, [r3, #4]
 377:Drivers/STM32F4xx_HAL_Driver/Src/stm32f4xx_hal_exti.c ****       break;
 688              		.loc 1 377 7
 689 001e 02E0     		b	.L36
 690              	.L35:
 378:Drivers/STM32F4xx_HAL_Driver/Src/stm32f4xx_hal_exti.c **** 
 379:Drivers/STM32F4xx_HAL_Driver/Src/stm32f4xx_hal_exti.c ****     default:
 380:Drivers/STM32F4xx_HAL_Driver/Src/stm32f4xx_hal_exti.c ****       status = HAL_ERROR;
 691              		.loc 1 380 14
 692 0020 0123     		movs	r3, #1
 693 0022 FB75     		strb	r3, [r7, #23]
 381:Drivers/STM32F4xx_HAL_Driver/Src/stm32f4xx_hal_exti.c ****       break;
 694              		.loc 1 381 7
 695 0024 00BF     		nop
 696              	.L36:
 382:Drivers/STM32F4xx_HAL_Driver/Src/stm32f4xx_hal_exti.c ****   }
 383:Drivers/STM32F4xx_HAL_Driver/Src/stm32f4xx_hal_exti.c **** 
 384:Drivers/STM32F4xx_HAL_Driver/Src/stm32f4xx_hal_exti.c ****   return status;
 697              		.loc 1 384 10
 698 0026 FB7D     		ldrb	r3, [r7, #23]	@ zero_extendqisi2
 385:Drivers/STM32F4xx_HAL_Driver/Src/stm32f4xx_hal_exti.c **** }
 699              		.loc 1 385 1
 700 0028 1846     		mov	r0, r3
 701 002a 1C37     		adds	r7, r7, #28
 702              	.LCFI21:
 703              		.cfi_def_cfa_offset 4
 704 002c BD46     		mov	sp, r7
 705              	.LCFI22:
ARM GAS  /tmp/ccxEM32e.s 			page 20


 706              		.cfi_def_cfa_register 13
 707              		@ sp needed
 708 002e 5DF8047B 		ldr	r7, [sp], #4
 709              	.LCFI23:
 710              		.cfi_restore 7
 711              		.cfi_def_cfa_offset 0
 712 0032 7047     		bx	lr
 713              		.cfi_endproc
 714              	.LFE219:
 716              		.section	.text.HAL_EXTI_GetHandle,"ax",%progbits
 717              		.align	1
 718              		.global	HAL_EXTI_GetHandle
 719              		.syntax unified
 720              		.thumb
 721              		.thumb_func
 723              	HAL_EXTI_GetHandle:
 724              	.LFB220:
 386:Drivers/STM32F4xx_HAL_Driver/Src/stm32f4xx_hal_exti.c **** 
 387:Drivers/STM32F4xx_HAL_Driver/Src/stm32f4xx_hal_exti.c **** /**
 388:Drivers/STM32F4xx_HAL_Driver/Src/stm32f4xx_hal_exti.c ****   * @brief  Store line number as handle private field.
 389:Drivers/STM32F4xx_HAL_Driver/Src/stm32f4xx_hal_exti.c ****   * @param  hexti Exti handle.
 390:Drivers/STM32F4xx_HAL_Driver/Src/stm32f4xx_hal_exti.c ****   * @param  ExtiLine Exti line number.
 391:Drivers/STM32F4xx_HAL_Driver/Src/stm32f4xx_hal_exti.c ****   *         This parameter can be from 0 to @ref EXTI_LINE_NB.
 392:Drivers/STM32F4xx_HAL_Driver/Src/stm32f4xx_hal_exti.c ****   * @retval HAL Status.
 393:Drivers/STM32F4xx_HAL_Driver/Src/stm32f4xx_hal_exti.c ****   */
 394:Drivers/STM32F4xx_HAL_Driver/Src/stm32f4xx_hal_exti.c **** HAL_StatusTypeDef HAL_EXTI_GetHandle(EXTI_HandleTypeDef *hexti, uint32_t ExtiLine)
 395:Drivers/STM32F4xx_HAL_Driver/Src/stm32f4xx_hal_exti.c **** {
 725              		.loc 1 395 1
 726              		.cfi_startproc
 727              		@ args = 0, pretend = 0, frame = 8
 728              		@ frame_needed = 1, uses_anonymous_args = 0
 729              		@ link register save eliminated.
 730 0000 80B4     		push	{r7}
 731              	.LCFI24:
 732              		.cfi_def_cfa_offset 4
 733              		.cfi_offset 7, -4
 734 0002 83B0     		sub	sp, sp, #12
 735              	.LCFI25:
 736              		.cfi_def_cfa_offset 16
 737 0004 00AF     		add	r7, sp, #0
 738              	.LCFI26:
 739              		.cfi_def_cfa_register 7
 740 0006 7860     		str	r0, [r7, #4]
 741 0008 3960     		str	r1, [r7]
 396:Drivers/STM32F4xx_HAL_Driver/Src/stm32f4xx_hal_exti.c ****   /* Check the parameters */
 397:Drivers/STM32F4xx_HAL_Driver/Src/stm32f4xx_hal_exti.c ****   assert_param(IS_EXTI_LINE(ExtiLine));
 398:Drivers/STM32F4xx_HAL_Driver/Src/stm32f4xx_hal_exti.c **** 
 399:Drivers/STM32F4xx_HAL_Driver/Src/stm32f4xx_hal_exti.c ****   /* Check null pointer */
 400:Drivers/STM32F4xx_HAL_Driver/Src/stm32f4xx_hal_exti.c ****   if (hexti == NULL)
 742              		.loc 1 400 6
 743 000a 7B68     		ldr	r3, [r7, #4]
 744 000c 002B     		cmp	r3, #0
 745 000e 01D1     		bne	.L39
 401:Drivers/STM32F4xx_HAL_Driver/Src/stm32f4xx_hal_exti.c ****   {
 402:Drivers/STM32F4xx_HAL_Driver/Src/stm32f4xx_hal_exti.c ****     return HAL_ERROR;
 746              		.loc 1 402 12
 747 0010 0123     		movs	r3, #1
ARM GAS  /tmp/ccxEM32e.s 			page 21


 748 0012 03E0     		b	.L40
 749              	.L39:
 403:Drivers/STM32F4xx_HAL_Driver/Src/stm32f4xx_hal_exti.c ****   }
 404:Drivers/STM32F4xx_HAL_Driver/Src/stm32f4xx_hal_exti.c ****   else
 405:Drivers/STM32F4xx_HAL_Driver/Src/stm32f4xx_hal_exti.c ****   {
 406:Drivers/STM32F4xx_HAL_Driver/Src/stm32f4xx_hal_exti.c ****     /* Store line number as handle private field */
 407:Drivers/STM32F4xx_HAL_Driver/Src/stm32f4xx_hal_exti.c ****     hexti->Line = ExtiLine;
 750              		.loc 1 407 17
 751 0014 7B68     		ldr	r3, [r7, #4]
 752 0016 3A68     		ldr	r2, [r7]
 753 0018 1A60     		str	r2, [r3]
 408:Drivers/STM32F4xx_HAL_Driver/Src/stm32f4xx_hal_exti.c **** 
 409:Drivers/STM32F4xx_HAL_Driver/Src/stm32f4xx_hal_exti.c ****     return HAL_OK;
 754              		.loc 1 409 12
 755 001a 0023     		movs	r3, #0
 756              	.L40:
 410:Drivers/STM32F4xx_HAL_Driver/Src/stm32f4xx_hal_exti.c ****   }
 411:Drivers/STM32F4xx_HAL_Driver/Src/stm32f4xx_hal_exti.c **** }
 757              		.loc 1 411 1
 758 001c 1846     		mov	r0, r3
 759 001e 0C37     		adds	r7, r7, #12
 760              	.LCFI27:
 761              		.cfi_def_cfa_offset 4
 762 0020 BD46     		mov	sp, r7
 763              	.LCFI28:
 764              		.cfi_def_cfa_register 13
 765              		@ sp needed
 766 0022 5DF8047B 		ldr	r7, [sp], #4
 767              	.LCFI29:
 768              		.cfi_restore 7
 769              		.cfi_def_cfa_offset 0
 770 0026 7047     		bx	lr
 771              		.cfi_endproc
 772              	.LFE220:
 774              		.section	.text.HAL_EXTI_IRQHandler,"ax",%progbits
 775              		.align	1
 776              		.global	HAL_EXTI_IRQHandler
 777              		.syntax unified
 778              		.thumb
 779              		.thumb_func
 781              	HAL_EXTI_IRQHandler:
 782              	.LFB221:
 412:Drivers/STM32F4xx_HAL_Driver/Src/stm32f4xx_hal_exti.c **** 
 413:Drivers/STM32F4xx_HAL_Driver/Src/stm32f4xx_hal_exti.c **** /**
 414:Drivers/STM32F4xx_HAL_Driver/Src/stm32f4xx_hal_exti.c ****   * @}
 415:Drivers/STM32F4xx_HAL_Driver/Src/stm32f4xx_hal_exti.c ****   */
 416:Drivers/STM32F4xx_HAL_Driver/Src/stm32f4xx_hal_exti.c **** 
 417:Drivers/STM32F4xx_HAL_Driver/Src/stm32f4xx_hal_exti.c **** /** @addtogroup EXTI_Exported_Functions_Group2
 418:Drivers/STM32F4xx_HAL_Driver/Src/stm32f4xx_hal_exti.c ****   *  @brief EXTI IO functions.
 419:Drivers/STM32F4xx_HAL_Driver/Src/stm32f4xx_hal_exti.c ****   *
 420:Drivers/STM32F4xx_HAL_Driver/Src/stm32f4xx_hal_exti.c **** @verbatim
 421:Drivers/STM32F4xx_HAL_Driver/Src/stm32f4xx_hal_exti.c ****  ===============================================================================
 422:Drivers/STM32F4xx_HAL_Driver/Src/stm32f4xx_hal_exti.c ****                        ##### IO operation functions #####
 423:Drivers/STM32F4xx_HAL_Driver/Src/stm32f4xx_hal_exti.c ****  ===============================================================================
 424:Drivers/STM32F4xx_HAL_Driver/Src/stm32f4xx_hal_exti.c **** 
 425:Drivers/STM32F4xx_HAL_Driver/Src/stm32f4xx_hal_exti.c **** @endverbatim
 426:Drivers/STM32F4xx_HAL_Driver/Src/stm32f4xx_hal_exti.c ****   * @{
ARM GAS  /tmp/ccxEM32e.s 			page 22


 427:Drivers/STM32F4xx_HAL_Driver/Src/stm32f4xx_hal_exti.c ****   */
 428:Drivers/STM32F4xx_HAL_Driver/Src/stm32f4xx_hal_exti.c **** 
 429:Drivers/STM32F4xx_HAL_Driver/Src/stm32f4xx_hal_exti.c **** /**
 430:Drivers/STM32F4xx_HAL_Driver/Src/stm32f4xx_hal_exti.c ****   * @brief  Handle EXTI interrupt request.
 431:Drivers/STM32F4xx_HAL_Driver/Src/stm32f4xx_hal_exti.c ****   * @param  hexti Exti handle.
 432:Drivers/STM32F4xx_HAL_Driver/Src/stm32f4xx_hal_exti.c ****   * @retval none.
 433:Drivers/STM32F4xx_HAL_Driver/Src/stm32f4xx_hal_exti.c ****   */
 434:Drivers/STM32F4xx_HAL_Driver/Src/stm32f4xx_hal_exti.c **** void HAL_EXTI_IRQHandler(EXTI_HandleTypeDef *hexti)
 435:Drivers/STM32F4xx_HAL_Driver/Src/stm32f4xx_hal_exti.c **** {
 783              		.loc 1 435 1
 784              		.cfi_startproc
 785              		@ args = 0, pretend = 0, frame = 16
 786              		@ frame_needed = 1, uses_anonymous_args = 0
 787 0000 80B5     		push	{r7, lr}
 788              	.LCFI30:
 789              		.cfi_def_cfa_offset 8
 790              		.cfi_offset 7, -8
 791              		.cfi_offset 14, -4
 792 0002 84B0     		sub	sp, sp, #16
 793              	.LCFI31:
 794              		.cfi_def_cfa_offset 24
 795 0004 00AF     		add	r7, sp, #0
 796              	.LCFI32:
 797              		.cfi_def_cfa_register 7
 798 0006 7860     		str	r0, [r7, #4]
 436:Drivers/STM32F4xx_HAL_Driver/Src/stm32f4xx_hal_exti.c ****   uint32_t regval;
 437:Drivers/STM32F4xx_HAL_Driver/Src/stm32f4xx_hal_exti.c ****   uint32_t maskline;
 438:Drivers/STM32F4xx_HAL_Driver/Src/stm32f4xx_hal_exti.c **** 
 439:Drivers/STM32F4xx_HAL_Driver/Src/stm32f4xx_hal_exti.c ****   /* Compute line mask */
 440:Drivers/STM32F4xx_HAL_Driver/Src/stm32f4xx_hal_exti.c ****   maskline = (1uL << (hexti->Line & EXTI_PIN_MASK));
 799              		.loc 1 440 28
 800 0008 7B68     		ldr	r3, [r7, #4]
 801 000a 1B68     		ldr	r3, [r3]
 802              		.loc 1 440 35
 803 000c 03F01F03 		and	r3, r3, #31
 804              		.loc 1 440 12
 805 0010 0122     		movs	r2, #1
 806 0012 02FA03F3 		lsl	r3, r2, r3
 807 0016 FB60     		str	r3, [r7, #12]
 441:Drivers/STM32F4xx_HAL_Driver/Src/stm32f4xx_hal_exti.c **** 
 442:Drivers/STM32F4xx_HAL_Driver/Src/stm32f4xx_hal_exti.c ****   /* Get pending bit  */
 443:Drivers/STM32F4xx_HAL_Driver/Src/stm32f4xx_hal_exti.c ****   regval = (EXTI->PR & maskline);
 808              		.loc 1 443 17
 809 0018 0A4B     		ldr	r3, .L44
 810 001a 5B69     		ldr	r3, [r3, #20]
 811              		.loc 1 443 10
 812 001c FA68     		ldr	r2, [r7, #12]
 813 001e 1340     		ands	r3, r3, r2
 814 0020 BB60     		str	r3, [r7, #8]
 444:Drivers/STM32F4xx_HAL_Driver/Src/stm32f4xx_hal_exti.c ****   if (regval != 0x00u)
 815              		.loc 1 444 6
 816 0022 BB68     		ldr	r3, [r7, #8]
 817 0024 002B     		cmp	r3, #0
 818 0026 09D0     		beq	.L43
 445:Drivers/STM32F4xx_HAL_Driver/Src/stm32f4xx_hal_exti.c ****   {
 446:Drivers/STM32F4xx_HAL_Driver/Src/stm32f4xx_hal_exti.c ****     /* Clear pending bit */
 447:Drivers/STM32F4xx_HAL_Driver/Src/stm32f4xx_hal_exti.c ****     EXTI->PR = maskline;
ARM GAS  /tmp/ccxEM32e.s 			page 23


 819              		.loc 1 447 9
 820 0028 064A     		ldr	r2, .L44
 821              		.loc 1 447 14
 822 002a FB68     		ldr	r3, [r7, #12]
 823 002c 5361     		str	r3, [r2, #20]
 448:Drivers/STM32F4xx_HAL_Driver/Src/stm32f4xx_hal_exti.c **** 
 449:Drivers/STM32F4xx_HAL_Driver/Src/stm32f4xx_hal_exti.c ****     /* Call callback */
 450:Drivers/STM32F4xx_HAL_Driver/Src/stm32f4xx_hal_exti.c ****     if (hexti->PendingCallback != NULL)
 824              		.loc 1 450 14
 825 002e 7B68     		ldr	r3, [r7, #4]
 826 0030 5B68     		ldr	r3, [r3, #4]
 827              		.loc 1 450 8
 828 0032 002B     		cmp	r3, #0
 829 0034 02D0     		beq	.L43
 451:Drivers/STM32F4xx_HAL_Driver/Src/stm32f4xx_hal_exti.c ****     {
 452:Drivers/STM32F4xx_HAL_Driver/Src/stm32f4xx_hal_exti.c ****       hexti->PendingCallback();
 830              		.loc 1 452 12
 831 0036 7B68     		ldr	r3, [r7, #4]
 832 0038 5B68     		ldr	r3, [r3, #4]
 833              		.loc 1 452 7
 834 003a 9847     		blx	r3
 835              	.LVL0:
 836              	.L43:
 453:Drivers/STM32F4xx_HAL_Driver/Src/stm32f4xx_hal_exti.c ****     }
 454:Drivers/STM32F4xx_HAL_Driver/Src/stm32f4xx_hal_exti.c ****   }
 455:Drivers/STM32F4xx_HAL_Driver/Src/stm32f4xx_hal_exti.c **** }
 837              		.loc 1 455 1
 838 003c 00BF     		nop
 839 003e 1037     		adds	r7, r7, #16
 840              	.LCFI33:
 841              		.cfi_def_cfa_offset 8
 842 0040 BD46     		mov	sp, r7
 843              	.LCFI34:
 844              		.cfi_def_cfa_register 13
 845              		@ sp needed
 846 0042 80BD     		pop	{r7, pc}
 847              	.L45:
 848              		.align	2
 849              	.L44:
 850 0044 003C0140 		.word	1073822720
 851              		.cfi_endproc
 852              	.LFE221:
 854              		.section	.text.HAL_EXTI_GetPending,"ax",%progbits
 855              		.align	1
 856              		.global	HAL_EXTI_GetPending
 857              		.syntax unified
 858              		.thumb
 859              		.thumb_func
 861              	HAL_EXTI_GetPending:
 862              	.LFB222:
 456:Drivers/STM32F4xx_HAL_Driver/Src/stm32f4xx_hal_exti.c **** 
 457:Drivers/STM32F4xx_HAL_Driver/Src/stm32f4xx_hal_exti.c **** /**
 458:Drivers/STM32F4xx_HAL_Driver/Src/stm32f4xx_hal_exti.c ****   * @brief  Get interrupt pending bit of a dedicated line.
 459:Drivers/STM32F4xx_HAL_Driver/Src/stm32f4xx_hal_exti.c ****   * @param  hexti Exti handle.
 460:Drivers/STM32F4xx_HAL_Driver/Src/stm32f4xx_hal_exti.c ****   * @param  Edge Specify which pending edge as to be checked.
 461:Drivers/STM32F4xx_HAL_Driver/Src/stm32f4xx_hal_exti.c ****   *         This parameter can be one of the following values:
 462:Drivers/STM32F4xx_HAL_Driver/Src/stm32f4xx_hal_exti.c ****   *           @arg @ref EXTI_TRIGGER_RISING_FALLING
ARM GAS  /tmp/ccxEM32e.s 			page 24


 463:Drivers/STM32F4xx_HAL_Driver/Src/stm32f4xx_hal_exti.c ****   *         This parameter is kept for compatibility with other series.
 464:Drivers/STM32F4xx_HAL_Driver/Src/stm32f4xx_hal_exti.c ****   * @retval 1 if interrupt is pending else 0.
 465:Drivers/STM32F4xx_HAL_Driver/Src/stm32f4xx_hal_exti.c ****   */
 466:Drivers/STM32F4xx_HAL_Driver/Src/stm32f4xx_hal_exti.c **** uint32_t HAL_EXTI_GetPending(EXTI_HandleTypeDef *hexti, uint32_t Edge)
 467:Drivers/STM32F4xx_HAL_Driver/Src/stm32f4xx_hal_exti.c **** {
 863              		.loc 1 467 1
 864              		.cfi_startproc
 865              		@ args = 0, pretend = 0, frame = 24
 866              		@ frame_needed = 1, uses_anonymous_args = 0
 867              		@ link register save eliminated.
 868 0000 80B4     		push	{r7}
 869              	.LCFI35:
 870              		.cfi_def_cfa_offset 4
 871              		.cfi_offset 7, -4
 872 0002 87B0     		sub	sp, sp, #28
 873              	.LCFI36:
 874              		.cfi_def_cfa_offset 32
 875 0004 00AF     		add	r7, sp, #0
 876              	.LCFI37:
 877              		.cfi_def_cfa_register 7
 878 0006 7860     		str	r0, [r7, #4]
 879 0008 3960     		str	r1, [r7]
 468:Drivers/STM32F4xx_HAL_Driver/Src/stm32f4xx_hal_exti.c ****   uint32_t regval;
 469:Drivers/STM32F4xx_HAL_Driver/Src/stm32f4xx_hal_exti.c ****   uint32_t linepos;
 470:Drivers/STM32F4xx_HAL_Driver/Src/stm32f4xx_hal_exti.c ****   uint32_t maskline;
 471:Drivers/STM32F4xx_HAL_Driver/Src/stm32f4xx_hal_exti.c **** 
 472:Drivers/STM32F4xx_HAL_Driver/Src/stm32f4xx_hal_exti.c ****   /* Check parameters */
 473:Drivers/STM32F4xx_HAL_Driver/Src/stm32f4xx_hal_exti.c ****   assert_param(IS_EXTI_LINE(hexti->Line));
 474:Drivers/STM32F4xx_HAL_Driver/Src/stm32f4xx_hal_exti.c ****   assert_param(IS_EXTI_CONFIG_LINE(hexti->Line));
 475:Drivers/STM32F4xx_HAL_Driver/Src/stm32f4xx_hal_exti.c ****   assert_param(IS_EXTI_PENDING_EDGE(Edge));
 476:Drivers/STM32F4xx_HAL_Driver/Src/stm32f4xx_hal_exti.c **** 
 477:Drivers/STM32F4xx_HAL_Driver/Src/stm32f4xx_hal_exti.c ****   /* Compute line mask */
 478:Drivers/STM32F4xx_HAL_Driver/Src/stm32f4xx_hal_exti.c ****   linepos = (hexti->Line & EXTI_PIN_MASK);
 880              		.loc 1 478 19
 881 000a 7B68     		ldr	r3, [r7, #4]
 882 000c 1B68     		ldr	r3, [r3]
 883              		.loc 1 478 11
 884 000e 03F01F03 		and	r3, r3, #31
 885 0012 7B61     		str	r3, [r7, #20]
 479:Drivers/STM32F4xx_HAL_Driver/Src/stm32f4xx_hal_exti.c ****   maskline = (1uL << linepos);
 886              		.loc 1 479 12
 887 0014 0122     		movs	r2, #1
 888 0016 7B69     		ldr	r3, [r7, #20]
 889 0018 02FA03F3 		lsl	r3, r2, r3
 890 001c 3B61     		str	r3, [r7, #16]
 480:Drivers/STM32F4xx_HAL_Driver/Src/stm32f4xx_hal_exti.c **** 
 481:Drivers/STM32F4xx_HAL_Driver/Src/stm32f4xx_hal_exti.c ****   /* return 1 if bit is set else 0 */
 482:Drivers/STM32F4xx_HAL_Driver/Src/stm32f4xx_hal_exti.c ****   regval = ((EXTI->PR & maskline) >> linepos);
 891              		.loc 1 482 18
 892 001e 074B     		ldr	r3, .L48
 893 0020 5A69     		ldr	r2, [r3, #20]
 894              		.loc 1 482 23
 895 0022 3B69     		ldr	r3, [r7, #16]
 896 0024 1A40     		ands	r2, r2, r3
 897              		.loc 1 482 10
 898 0026 7B69     		ldr	r3, [r7, #20]
 899 0028 22FA03F3 		lsr	r3, r2, r3
ARM GAS  /tmp/ccxEM32e.s 			page 25


 900 002c FB60     		str	r3, [r7, #12]
 483:Drivers/STM32F4xx_HAL_Driver/Src/stm32f4xx_hal_exti.c ****   return regval;
 901              		.loc 1 483 10
 902 002e FB68     		ldr	r3, [r7, #12]
 484:Drivers/STM32F4xx_HAL_Driver/Src/stm32f4xx_hal_exti.c **** }
 903              		.loc 1 484 1
 904 0030 1846     		mov	r0, r3
 905 0032 1C37     		adds	r7, r7, #28
 906              	.LCFI38:
 907              		.cfi_def_cfa_offset 4
 908 0034 BD46     		mov	sp, r7
 909              	.LCFI39:
 910              		.cfi_def_cfa_register 13
 911              		@ sp needed
 912 0036 5DF8047B 		ldr	r7, [sp], #4
 913              	.LCFI40:
 914              		.cfi_restore 7
 915              		.cfi_def_cfa_offset 0
 916 003a 7047     		bx	lr
 917              	.L49:
 918              		.align	2
 919              	.L48:
 920 003c 003C0140 		.word	1073822720
 921              		.cfi_endproc
 922              	.LFE222:
 924              		.section	.text.HAL_EXTI_ClearPending,"ax",%progbits
 925              		.align	1
 926              		.global	HAL_EXTI_ClearPending
 927              		.syntax unified
 928              		.thumb
 929              		.thumb_func
 931              	HAL_EXTI_ClearPending:
 932              	.LFB223:
 485:Drivers/STM32F4xx_HAL_Driver/Src/stm32f4xx_hal_exti.c **** 
 486:Drivers/STM32F4xx_HAL_Driver/Src/stm32f4xx_hal_exti.c **** /**
 487:Drivers/STM32F4xx_HAL_Driver/Src/stm32f4xx_hal_exti.c ****   * @brief  Clear interrupt pending bit of a dedicated line.
 488:Drivers/STM32F4xx_HAL_Driver/Src/stm32f4xx_hal_exti.c ****   * @param  hexti Exti handle.
 489:Drivers/STM32F4xx_HAL_Driver/Src/stm32f4xx_hal_exti.c ****   * @param  Edge Specify which pending edge as to be clear.
 490:Drivers/STM32F4xx_HAL_Driver/Src/stm32f4xx_hal_exti.c ****   *         This parameter can be one of the following values:
 491:Drivers/STM32F4xx_HAL_Driver/Src/stm32f4xx_hal_exti.c ****   *           @arg @ref EXTI_TRIGGER_RISING_FALLING
 492:Drivers/STM32F4xx_HAL_Driver/Src/stm32f4xx_hal_exti.c ****   *         This parameter is kept for compatibility with other series.
 493:Drivers/STM32F4xx_HAL_Driver/Src/stm32f4xx_hal_exti.c ****   * @retval None.
 494:Drivers/STM32F4xx_HAL_Driver/Src/stm32f4xx_hal_exti.c ****   */
 495:Drivers/STM32F4xx_HAL_Driver/Src/stm32f4xx_hal_exti.c **** void HAL_EXTI_ClearPending(EXTI_HandleTypeDef *hexti, uint32_t Edge)
 496:Drivers/STM32F4xx_HAL_Driver/Src/stm32f4xx_hal_exti.c **** {
 933              		.loc 1 496 1
 934              		.cfi_startproc
 935              		@ args = 0, pretend = 0, frame = 16
 936              		@ frame_needed = 1, uses_anonymous_args = 0
 937              		@ link register save eliminated.
 938 0000 80B4     		push	{r7}
 939              	.LCFI41:
 940              		.cfi_def_cfa_offset 4
 941              		.cfi_offset 7, -4
 942 0002 85B0     		sub	sp, sp, #20
 943              	.LCFI42:
 944              		.cfi_def_cfa_offset 24
ARM GAS  /tmp/ccxEM32e.s 			page 26


 945 0004 00AF     		add	r7, sp, #0
 946              	.LCFI43:
 947              		.cfi_def_cfa_register 7
 948 0006 7860     		str	r0, [r7, #4]
 949 0008 3960     		str	r1, [r7]
 497:Drivers/STM32F4xx_HAL_Driver/Src/stm32f4xx_hal_exti.c ****   uint32_t maskline;
 498:Drivers/STM32F4xx_HAL_Driver/Src/stm32f4xx_hal_exti.c **** 
 499:Drivers/STM32F4xx_HAL_Driver/Src/stm32f4xx_hal_exti.c ****   /* Check parameters */
 500:Drivers/STM32F4xx_HAL_Driver/Src/stm32f4xx_hal_exti.c ****   assert_param(IS_EXTI_LINE(hexti->Line));
 501:Drivers/STM32F4xx_HAL_Driver/Src/stm32f4xx_hal_exti.c ****   assert_param(IS_EXTI_CONFIG_LINE(hexti->Line));
 502:Drivers/STM32F4xx_HAL_Driver/Src/stm32f4xx_hal_exti.c ****   assert_param(IS_EXTI_PENDING_EDGE(Edge));
 503:Drivers/STM32F4xx_HAL_Driver/Src/stm32f4xx_hal_exti.c **** 
 504:Drivers/STM32F4xx_HAL_Driver/Src/stm32f4xx_hal_exti.c ****   /* Compute line mask */
 505:Drivers/STM32F4xx_HAL_Driver/Src/stm32f4xx_hal_exti.c ****   maskline = (1uL << (hexti->Line & EXTI_PIN_MASK));
 950              		.loc 1 505 28
 951 000a 7B68     		ldr	r3, [r7, #4]
 952 000c 1B68     		ldr	r3, [r3]
 953              		.loc 1 505 35
 954 000e 03F01F03 		and	r3, r3, #31
 955              		.loc 1 505 12
 956 0012 0122     		movs	r2, #1
 957 0014 02FA03F3 		lsl	r3, r2, r3
 958 0018 FB60     		str	r3, [r7, #12]
 506:Drivers/STM32F4xx_HAL_Driver/Src/stm32f4xx_hal_exti.c **** 
 507:Drivers/STM32F4xx_HAL_Driver/Src/stm32f4xx_hal_exti.c ****   /* Clear Pending bit */
 508:Drivers/STM32F4xx_HAL_Driver/Src/stm32f4xx_hal_exti.c ****   EXTI->PR =  maskline;
 959              		.loc 1 508 7
 960 001a 044A     		ldr	r2, .L51
 961              		.loc 1 508 12
 962 001c FB68     		ldr	r3, [r7, #12]
 963 001e 5361     		str	r3, [r2, #20]
 509:Drivers/STM32F4xx_HAL_Driver/Src/stm32f4xx_hal_exti.c **** }
 964              		.loc 1 509 1
 965 0020 00BF     		nop
 966 0022 1437     		adds	r7, r7, #20
 967              	.LCFI44:
 968              		.cfi_def_cfa_offset 4
 969 0024 BD46     		mov	sp, r7
 970              	.LCFI45:
 971              		.cfi_def_cfa_register 13
 972              		@ sp needed
 973 0026 5DF8047B 		ldr	r7, [sp], #4
 974              	.LCFI46:
 975              		.cfi_restore 7
 976              		.cfi_def_cfa_offset 0
 977 002a 7047     		bx	lr
 978              	.L52:
 979              		.align	2
 980              	.L51:
 981 002c 003C0140 		.word	1073822720
 982              		.cfi_endproc
 983              	.LFE223:
 985              		.section	.text.HAL_EXTI_GenerateSWI,"ax",%progbits
 986              		.align	1
 987              		.global	HAL_EXTI_GenerateSWI
 988              		.syntax unified
 989              		.thumb
ARM GAS  /tmp/ccxEM32e.s 			page 27


 990              		.thumb_func
 992              	HAL_EXTI_GenerateSWI:
 993              	.LFB224:
 510:Drivers/STM32F4xx_HAL_Driver/Src/stm32f4xx_hal_exti.c **** 
 511:Drivers/STM32F4xx_HAL_Driver/Src/stm32f4xx_hal_exti.c **** /**
 512:Drivers/STM32F4xx_HAL_Driver/Src/stm32f4xx_hal_exti.c ****   * @brief  Generate a software interrupt for a dedicated line.
 513:Drivers/STM32F4xx_HAL_Driver/Src/stm32f4xx_hal_exti.c ****   * @param  hexti Exti handle.
 514:Drivers/STM32F4xx_HAL_Driver/Src/stm32f4xx_hal_exti.c ****   * @retval None.
 515:Drivers/STM32F4xx_HAL_Driver/Src/stm32f4xx_hal_exti.c ****   */
 516:Drivers/STM32F4xx_HAL_Driver/Src/stm32f4xx_hal_exti.c **** void HAL_EXTI_GenerateSWI(EXTI_HandleTypeDef *hexti)
 517:Drivers/STM32F4xx_HAL_Driver/Src/stm32f4xx_hal_exti.c **** {
 994              		.loc 1 517 1
 995              		.cfi_startproc
 996              		@ args = 0, pretend = 0, frame = 16
 997              		@ frame_needed = 1, uses_anonymous_args = 0
 998              		@ link register save eliminated.
 999 0000 80B4     		push	{r7}
 1000              	.LCFI47:
 1001              		.cfi_def_cfa_offset 4
 1002              		.cfi_offset 7, -4
 1003 0002 85B0     		sub	sp, sp, #20
 1004              	.LCFI48:
 1005              		.cfi_def_cfa_offset 24
 1006 0004 00AF     		add	r7, sp, #0
 1007              	.LCFI49:
 1008              		.cfi_def_cfa_register 7
 1009 0006 7860     		str	r0, [r7, #4]
 518:Drivers/STM32F4xx_HAL_Driver/Src/stm32f4xx_hal_exti.c ****   uint32_t maskline;
 519:Drivers/STM32F4xx_HAL_Driver/Src/stm32f4xx_hal_exti.c **** 
 520:Drivers/STM32F4xx_HAL_Driver/Src/stm32f4xx_hal_exti.c ****   /* Check parameters */
 521:Drivers/STM32F4xx_HAL_Driver/Src/stm32f4xx_hal_exti.c ****   assert_param(IS_EXTI_LINE(hexti->Line));
 522:Drivers/STM32F4xx_HAL_Driver/Src/stm32f4xx_hal_exti.c ****   assert_param(IS_EXTI_CONFIG_LINE(hexti->Line));
 523:Drivers/STM32F4xx_HAL_Driver/Src/stm32f4xx_hal_exti.c **** 
 524:Drivers/STM32F4xx_HAL_Driver/Src/stm32f4xx_hal_exti.c ****   /* Compute line mask */
 525:Drivers/STM32F4xx_HAL_Driver/Src/stm32f4xx_hal_exti.c ****   maskline = (1uL << (hexti->Line & EXTI_PIN_MASK));
 1010              		.loc 1 525 28
 1011 0008 7B68     		ldr	r3, [r7, #4]
 1012 000a 1B68     		ldr	r3, [r3]
 1013              		.loc 1 525 35
 1014 000c 03F01F03 		and	r3, r3, #31
 1015              		.loc 1 525 12
 1016 0010 0122     		movs	r2, #1
 1017 0012 02FA03F3 		lsl	r3, r2, r3
 1018 0016 FB60     		str	r3, [r7, #12]
 526:Drivers/STM32F4xx_HAL_Driver/Src/stm32f4xx_hal_exti.c **** 
 527:Drivers/STM32F4xx_HAL_Driver/Src/stm32f4xx_hal_exti.c ****   /* Generate Software interrupt */
 528:Drivers/STM32F4xx_HAL_Driver/Src/stm32f4xx_hal_exti.c ****   EXTI->SWIER = maskline;
 1019              		.loc 1 528 7
 1020 0018 044A     		ldr	r2, .L54
 1021              		.loc 1 528 15
 1022 001a FB68     		ldr	r3, [r7, #12]
 1023 001c 1361     		str	r3, [r2, #16]
 529:Drivers/STM32F4xx_HAL_Driver/Src/stm32f4xx_hal_exti.c **** }
 1024              		.loc 1 529 1
 1025 001e 00BF     		nop
 1026 0020 1437     		adds	r7, r7, #20
 1027              	.LCFI50:
ARM GAS  /tmp/ccxEM32e.s 			page 28


 1028              		.cfi_def_cfa_offset 4
 1029 0022 BD46     		mov	sp, r7
 1030              	.LCFI51:
 1031              		.cfi_def_cfa_register 13
 1032              		@ sp needed
 1033 0024 5DF8047B 		ldr	r7, [sp], #4
 1034              	.LCFI52:
 1035              		.cfi_restore 7
 1036              		.cfi_def_cfa_offset 0
 1037 0028 7047     		bx	lr
 1038              	.L55:
 1039 002a 00BF     		.align	2
 1040              	.L54:
 1041 002c 003C0140 		.word	1073822720
 1042              		.cfi_endproc
 1043              	.LFE224:
 1045              		.text
 1046              	.Letext0:
 1047              		.file 2 "/opt/arm-gnu-toolchain-12.2.rel1-x86_64-arm-none-eabi/arm-none-eabi/include/machine/_defa
 1048              		.file 3 "/opt/arm-gnu-toolchain-12.2.rel1-x86_64-arm-none-eabi/arm-none-eabi/include/sys/_stdint.h
 1049              		.file 4 "Drivers/CMSIS/Device/ST/STM32F4xx/Include/stm32f411xe.h"
 1050              		.file 5 "Drivers/STM32F4xx_HAL_Driver/Inc/stm32f4xx_hal_def.h"
 1051              		.file 6 "Drivers/STM32F4xx_HAL_Driver/Inc/stm32f4xx_hal_exti.h"
ARM GAS  /tmp/ccxEM32e.s 			page 29


DEFINED SYMBOLS
                            *ABS*:0000000000000000 stm32f4xx_hal_exti.c
     /tmp/ccxEM32e.s:21     .text.HAL_EXTI_SetConfigLine:0000000000000000 $t
     /tmp/ccxEM32e.s:27     .text.HAL_EXTI_SetConfigLine:0000000000000000 HAL_EXTI_SetConfigLine
     /tmp/ccxEM32e.s:279    .text.HAL_EXTI_SetConfigLine:0000000000000148 $d
     /tmp/ccxEM32e.s:285    .text.HAL_EXTI_GetConfigLine:0000000000000000 $t
     /tmp/ccxEM32e.s:291    .text.HAL_EXTI_GetConfigLine:0000000000000000 HAL_EXTI_GetConfigLine
     /tmp/ccxEM32e.s:478    .text.HAL_EXTI_GetConfigLine:00000000000000ec $d
     /tmp/ccxEM32e.s:484    .text.HAL_EXTI_ClearConfigLine:0000000000000000 $t
     /tmp/ccxEM32e.s:490    .text.HAL_EXTI_ClearConfigLine:0000000000000000 HAL_EXTI_ClearConfigLine
     /tmp/ccxEM32e.s:644    .text.HAL_EXTI_ClearConfigLine:00000000000000b8 $d
     /tmp/ccxEM32e.s:650    .text.HAL_EXTI_RegisterCallback:0000000000000000 $t
     /tmp/ccxEM32e.s:656    .text.HAL_EXTI_RegisterCallback:0000000000000000 HAL_EXTI_RegisterCallback
     /tmp/ccxEM32e.s:717    .text.HAL_EXTI_GetHandle:0000000000000000 $t
     /tmp/ccxEM32e.s:723    .text.HAL_EXTI_GetHandle:0000000000000000 HAL_EXTI_GetHandle
     /tmp/ccxEM32e.s:775    .text.HAL_EXTI_IRQHandler:0000000000000000 $t
     /tmp/ccxEM32e.s:781    .text.HAL_EXTI_IRQHandler:0000000000000000 HAL_EXTI_IRQHandler
     /tmp/ccxEM32e.s:850    .text.HAL_EXTI_IRQHandler:0000000000000044 $d
     /tmp/ccxEM32e.s:855    .text.HAL_EXTI_GetPending:0000000000000000 $t
     /tmp/ccxEM32e.s:861    .text.HAL_EXTI_GetPending:0000000000000000 HAL_EXTI_GetPending
     /tmp/ccxEM32e.s:920    .text.HAL_EXTI_GetPending:000000000000003c $d
     /tmp/ccxEM32e.s:925    .text.HAL_EXTI_ClearPending:0000000000000000 $t
     /tmp/ccxEM32e.s:931    .text.HAL_EXTI_ClearPending:0000000000000000 HAL_EXTI_ClearPending
     /tmp/ccxEM32e.s:981    .text.HAL_EXTI_ClearPending:000000000000002c $d
     /tmp/ccxEM32e.s:986    .text.HAL_EXTI_GenerateSWI:0000000000000000 $t
     /tmp/ccxEM32e.s:992    .text.HAL_EXTI_GenerateSWI:0000000000000000 HAL_EXTI_GenerateSWI
     /tmp/ccxEM32e.s:1041   .text.HAL_EXTI_GenerateSWI:000000000000002c $d

NO UNDEFINED SYMBOLS
