ARM GAS  /tmp/ccuVsoW8.s 			page 1


   1              		.cpu cortex-m4
   2              		.arch armv7e-m
   3              		.fpu fpv4-sp-d16
   4              		.eabi_attribute 27, 1
   5              		.eabi_attribute 28, 1
   6              		.eabi_attribute 20, 1
   7              		.eabi_attribute 21, 1
   8              		.eabi_attribute 23, 3
   9              		.eabi_attribute 24, 1
  10              		.eabi_attribute 25, 1
  11              		.eabi_attribute 26, 1
  12              		.eabi_attribute 30, 6
  13              		.eabi_attribute 34, 1
  14              		.eabi_attribute 18, 4
  15              		.file	"stm32f4xx_hal_pcd_ex.c"
  16              		.text
  17              	.Ltext0:
  18              		.cfi_sections	.debug_frame
  19              		.file 1 "Drivers/STM32F4xx_HAL_Driver/Src/stm32f4xx_hal_pcd_ex.c"
  20              		.section	.text.HAL_PCDEx_SetTxFiFo,"ax",%progbits
  21              		.align	1
  22              		.global	HAL_PCDEx_SetTxFiFo
  23              		.syntax unified
  24              		.thumb
  25              		.thumb_func
  27              	HAL_PCDEx_SetTxFiFo:
  28              	.LFB216:
   1:Drivers/STM32F4xx_HAL_Driver/Src/stm32f4xx_hal_pcd_ex.c **** /**
   2:Drivers/STM32F4xx_HAL_Driver/Src/stm32f4xx_hal_pcd_ex.c ****   ******************************************************************************
   3:Drivers/STM32F4xx_HAL_Driver/Src/stm32f4xx_hal_pcd_ex.c ****   * @file    stm32f4xx_hal_pcd_ex.c
   4:Drivers/STM32F4xx_HAL_Driver/Src/stm32f4xx_hal_pcd_ex.c ****   * @author  MCD Application Team
   5:Drivers/STM32F4xx_HAL_Driver/Src/stm32f4xx_hal_pcd_ex.c ****   * @brief   PCD Extended HAL module driver.
   6:Drivers/STM32F4xx_HAL_Driver/Src/stm32f4xx_hal_pcd_ex.c ****   *          This file provides firmware functions to manage the following
   7:Drivers/STM32F4xx_HAL_Driver/Src/stm32f4xx_hal_pcd_ex.c ****   *          functionalities of the USB Peripheral Controller:
   8:Drivers/STM32F4xx_HAL_Driver/Src/stm32f4xx_hal_pcd_ex.c ****   *           + Extended features functions
   9:Drivers/STM32F4xx_HAL_Driver/Src/stm32f4xx_hal_pcd_ex.c ****   *
  10:Drivers/STM32F4xx_HAL_Driver/Src/stm32f4xx_hal_pcd_ex.c ****   ******************************************************************************
  11:Drivers/STM32F4xx_HAL_Driver/Src/stm32f4xx_hal_pcd_ex.c ****   * @attention
  12:Drivers/STM32F4xx_HAL_Driver/Src/stm32f4xx_hal_pcd_ex.c ****   *
  13:Drivers/STM32F4xx_HAL_Driver/Src/stm32f4xx_hal_pcd_ex.c ****   * Copyright (c) 2016 STMicroelectronics.
  14:Drivers/STM32F4xx_HAL_Driver/Src/stm32f4xx_hal_pcd_ex.c ****   * All rights reserved.
  15:Drivers/STM32F4xx_HAL_Driver/Src/stm32f4xx_hal_pcd_ex.c ****   *
  16:Drivers/STM32F4xx_HAL_Driver/Src/stm32f4xx_hal_pcd_ex.c ****   * This software is licensed under terms that can be found in the LICENSE file
  17:Drivers/STM32F4xx_HAL_Driver/Src/stm32f4xx_hal_pcd_ex.c ****   * in the root directory of this software component.
  18:Drivers/STM32F4xx_HAL_Driver/Src/stm32f4xx_hal_pcd_ex.c ****   * If no LICENSE file comes with this software, it is provided AS-IS.
  19:Drivers/STM32F4xx_HAL_Driver/Src/stm32f4xx_hal_pcd_ex.c ****   *
  20:Drivers/STM32F4xx_HAL_Driver/Src/stm32f4xx_hal_pcd_ex.c ****   ******************************************************************************
  21:Drivers/STM32F4xx_HAL_Driver/Src/stm32f4xx_hal_pcd_ex.c ****   */
  22:Drivers/STM32F4xx_HAL_Driver/Src/stm32f4xx_hal_pcd_ex.c **** 
  23:Drivers/STM32F4xx_HAL_Driver/Src/stm32f4xx_hal_pcd_ex.c **** /* Includes ------------------------------------------------------------------*/
  24:Drivers/STM32F4xx_HAL_Driver/Src/stm32f4xx_hal_pcd_ex.c **** #include "stm32f4xx_hal.h"
  25:Drivers/STM32F4xx_HAL_Driver/Src/stm32f4xx_hal_pcd_ex.c **** 
  26:Drivers/STM32F4xx_HAL_Driver/Src/stm32f4xx_hal_pcd_ex.c **** /** @addtogroup STM32F4xx_HAL_Driver
  27:Drivers/STM32F4xx_HAL_Driver/Src/stm32f4xx_hal_pcd_ex.c ****   * @{
  28:Drivers/STM32F4xx_HAL_Driver/Src/stm32f4xx_hal_pcd_ex.c ****   */
  29:Drivers/STM32F4xx_HAL_Driver/Src/stm32f4xx_hal_pcd_ex.c **** 
  30:Drivers/STM32F4xx_HAL_Driver/Src/stm32f4xx_hal_pcd_ex.c **** /** @defgroup PCDEx PCDEx
ARM GAS  /tmp/ccuVsoW8.s 			page 2


  31:Drivers/STM32F4xx_HAL_Driver/Src/stm32f4xx_hal_pcd_ex.c ****   * @brief PCD Extended HAL module driver
  32:Drivers/STM32F4xx_HAL_Driver/Src/stm32f4xx_hal_pcd_ex.c ****   * @{
  33:Drivers/STM32F4xx_HAL_Driver/Src/stm32f4xx_hal_pcd_ex.c ****   */
  34:Drivers/STM32F4xx_HAL_Driver/Src/stm32f4xx_hal_pcd_ex.c **** 
  35:Drivers/STM32F4xx_HAL_Driver/Src/stm32f4xx_hal_pcd_ex.c **** #ifdef HAL_PCD_MODULE_ENABLED
  36:Drivers/STM32F4xx_HAL_Driver/Src/stm32f4xx_hal_pcd_ex.c **** 
  37:Drivers/STM32F4xx_HAL_Driver/Src/stm32f4xx_hal_pcd_ex.c **** #if defined (USB_OTG_FS) || defined (USB_OTG_HS)
  38:Drivers/STM32F4xx_HAL_Driver/Src/stm32f4xx_hal_pcd_ex.c **** /* Private types -------------------------------------------------------------*/
  39:Drivers/STM32F4xx_HAL_Driver/Src/stm32f4xx_hal_pcd_ex.c **** /* Private variables ---------------------------------------------------------*/
  40:Drivers/STM32F4xx_HAL_Driver/Src/stm32f4xx_hal_pcd_ex.c **** /* Private constants ---------------------------------------------------------*/
  41:Drivers/STM32F4xx_HAL_Driver/Src/stm32f4xx_hal_pcd_ex.c **** /* Private macros ------------------------------------------------------------*/
  42:Drivers/STM32F4xx_HAL_Driver/Src/stm32f4xx_hal_pcd_ex.c **** /* Private functions ---------------------------------------------------------*/
  43:Drivers/STM32F4xx_HAL_Driver/Src/stm32f4xx_hal_pcd_ex.c **** /* Exported functions --------------------------------------------------------*/
  44:Drivers/STM32F4xx_HAL_Driver/Src/stm32f4xx_hal_pcd_ex.c **** 
  45:Drivers/STM32F4xx_HAL_Driver/Src/stm32f4xx_hal_pcd_ex.c **** /** @defgroup PCDEx_Exported_Functions PCDEx Exported Functions
  46:Drivers/STM32F4xx_HAL_Driver/Src/stm32f4xx_hal_pcd_ex.c ****   * @{
  47:Drivers/STM32F4xx_HAL_Driver/Src/stm32f4xx_hal_pcd_ex.c ****   */
  48:Drivers/STM32F4xx_HAL_Driver/Src/stm32f4xx_hal_pcd_ex.c **** 
  49:Drivers/STM32F4xx_HAL_Driver/Src/stm32f4xx_hal_pcd_ex.c **** /** @defgroup PCDEx_Exported_Functions_Group1 Peripheral Control functions
  50:Drivers/STM32F4xx_HAL_Driver/Src/stm32f4xx_hal_pcd_ex.c ****   * @brief    PCDEx control functions
  51:Drivers/STM32F4xx_HAL_Driver/Src/stm32f4xx_hal_pcd_ex.c ****   *
  52:Drivers/STM32F4xx_HAL_Driver/Src/stm32f4xx_hal_pcd_ex.c **** @verbatim
  53:Drivers/STM32F4xx_HAL_Driver/Src/stm32f4xx_hal_pcd_ex.c ****  ===============================================================================
  54:Drivers/STM32F4xx_HAL_Driver/Src/stm32f4xx_hal_pcd_ex.c ****                  ##### Extended features functions #####
  55:Drivers/STM32F4xx_HAL_Driver/Src/stm32f4xx_hal_pcd_ex.c ****  ===============================================================================
  56:Drivers/STM32F4xx_HAL_Driver/Src/stm32f4xx_hal_pcd_ex.c ****     [..]  This section provides functions allowing to:
  57:Drivers/STM32F4xx_HAL_Driver/Src/stm32f4xx_hal_pcd_ex.c ****       (+) Update FIFO configuration
  58:Drivers/STM32F4xx_HAL_Driver/Src/stm32f4xx_hal_pcd_ex.c **** 
  59:Drivers/STM32F4xx_HAL_Driver/Src/stm32f4xx_hal_pcd_ex.c **** @endverbatim
  60:Drivers/STM32F4xx_HAL_Driver/Src/stm32f4xx_hal_pcd_ex.c ****   * @{
  61:Drivers/STM32F4xx_HAL_Driver/Src/stm32f4xx_hal_pcd_ex.c ****   */
  62:Drivers/STM32F4xx_HAL_Driver/Src/stm32f4xx_hal_pcd_ex.c **** #if defined (USB_OTG_FS) || defined (USB_OTG_HS)
  63:Drivers/STM32F4xx_HAL_Driver/Src/stm32f4xx_hal_pcd_ex.c **** /**
  64:Drivers/STM32F4xx_HAL_Driver/Src/stm32f4xx_hal_pcd_ex.c ****   * @brief  Set Tx FIFO
  65:Drivers/STM32F4xx_HAL_Driver/Src/stm32f4xx_hal_pcd_ex.c ****   * @param  hpcd PCD handle
  66:Drivers/STM32F4xx_HAL_Driver/Src/stm32f4xx_hal_pcd_ex.c ****   * @param  fifo The number of Tx fifo
  67:Drivers/STM32F4xx_HAL_Driver/Src/stm32f4xx_hal_pcd_ex.c ****   * @param  size Fifo size
  68:Drivers/STM32F4xx_HAL_Driver/Src/stm32f4xx_hal_pcd_ex.c ****   * @retval HAL status
  69:Drivers/STM32F4xx_HAL_Driver/Src/stm32f4xx_hal_pcd_ex.c ****   */
  70:Drivers/STM32F4xx_HAL_Driver/Src/stm32f4xx_hal_pcd_ex.c **** HAL_StatusTypeDef HAL_PCDEx_SetTxFiFo(PCD_HandleTypeDef *hpcd, uint8_t fifo, uint16_t size)
  71:Drivers/STM32F4xx_HAL_Driver/Src/stm32f4xx_hal_pcd_ex.c **** {
  29              		.loc 1 71 1
  30              		.cfi_startproc
  31              		@ args = 0, pretend = 0, frame = 16
  32              		@ frame_needed = 1, uses_anonymous_args = 0
  33              		@ link register save eliminated.
  34 0000 80B4     		push	{r7}
  35              	.LCFI0:
  36              		.cfi_def_cfa_offset 4
  37              		.cfi_offset 7, -4
  38 0002 85B0     		sub	sp, sp, #20
  39              	.LCFI1:
  40              		.cfi_def_cfa_offset 24
  41 0004 00AF     		add	r7, sp, #0
  42              	.LCFI2:
  43              		.cfi_def_cfa_register 7
  44 0006 7860     		str	r0, [r7, #4]
ARM GAS  /tmp/ccuVsoW8.s 			page 3


  45 0008 0B46     		mov	r3, r1
  46 000a FB70     		strb	r3, [r7, #3]
  47 000c 1346     		mov	r3, r2	@ movhi
  48 000e 3B80     		strh	r3, [r7]	@ movhi
  72:Drivers/STM32F4xx_HAL_Driver/Src/stm32f4xx_hal_pcd_ex.c ****   uint8_t i;
  73:Drivers/STM32F4xx_HAL_Driver/Src/stm32f4xx_hal_pcd_ex.c ****   uint32_t Tx_Offset;
  74:Drivers/STM32F4xx_HAL_Driver/Src/stm32f4xx_hal_pcd_ex.c **** 
  75:Drivers/STM32F4xx_HAL_Driver/Src/stm32f4xx_hal_pcd_ex.c ****   /*  TXn min size = 16 words. (n  : Transmit FIFO index)
  76:Drivers/STM32F4xx_HAL_Driver/Src/stm32f4xx_hal_pcd_ex.c ****       When a TxFIFO is not used, the Configuration should be as follows:
  77:Drivers/STM32F4xx_HAL_Driver/Src/stm32f4xx_hal_pcd_ex.c ****           case 1 :  n > m    and Txn is not used    (n,m  : Transmit FIFO indexes)
  78:Drivers/STM32F4xx_HAL_Driver/Src/stm32f4xx_hal_pcd_ex.c ****          --> Txm can use the space allocated for Txn.
  79:Drivers/STM32F4xx_HAL_Driver/Src/stm32f4xx_hal_pcd_ex.c ****          case2  :  n < m    and Txn is not used    (n,m  : Transmit FIFO indexes)
  80:Drivers/STM32F4xx_HAL_Driver/Src/stm32f4xx_hal_pcd_ex.c ****          --> Txn should be configured with the minimum space of 16 words
  81:Drivers/STM32F4xx_HAL_Driver/Src/stm32f4xx_hal_pcd_ex.c ****      The FIFO is used optimally when used TxFIFOs are allocated in the top
  82:Drivers/STM32F4xx_HAL_Driver/Src/stm32f4xx_hal_pcd_ex.c ****          of the FIFO.Ex: use EP1 and EP2 as IN instead of EP1 and EP3 as IN ones.
  83:Drivers/STM32F4xx_HAL_Driver/Src/stm32f4xx_hal_pcd_ex.c ****      When DMA is used 3n * FIFO locations should be reserved for internal DMA registers */
  84:Drivers/STM32F4xx_HAL_Driver/Src/stm32f4xx_hal_pcd_ex.c **** 
  85:Drivers/STM32F4xx_HAL_Driver/Src/stm32f4xx_hal_pcd_ex.c ****   Tx_Offset = hpcd->Instance->GRXFSIZ;
  49              		.loc 1 85 19
  50 0010 7B68     		ldr	r3, [r7, #4]
  51 0012 1B68     		ldr	r3, [r3]
  52              		.loc 1 85 13
  53 0014 5B6A     		ldr	r3, [r3, #36]
  54 0016 BB60     		str	r3, [r7, #8]
  86:Drivers/STM32F4xx_HAL_Driver/Src/stm32f4xx_hal_pcd_ex.c **** 
  87:Drivers/STM32F4xx_HAL_Driver/Src/stm32f4xx_hal_pcd_ex.c ****   if (fifo == 0U)
  55              		.loc 1 87 6
  56 0018 FB78     		ldrb	r3, [r7, #3]	@ zero_extendqisi2
  57 001a 002B     		cmp	r3, #0
  58 001c 07D1     		bne	.L2
  88:Drivers/STM32F4xx_HAL_Driver/Src/stm32f4xx_hal_pcd_ex.c ****   {
  89:Drivers/STM32F4xx_HAL_Driver/Src/stm32f4xx_hal_pcd_ex.c ****     hpcd->Instance->DIEPTXF0_HNPTXFSIZ = ((uint32_t)size << 16) | Tx_Offset;
  59              		.loc 1 89 43
  60 001e 3B88     		ldrh	r3, [r7]
  61              		.loc 1 89 58
  62 0020 1904     		lsls	r1, r3, #16
  63              		.loc 1 89 9
  64 0022 7B68     		ldr	r3, [r7, #4]
  65 0024 1B68     		ldr	r3, [r3]
  66              		.loc 1 89 65
  67 0026 BA68     		ldr	r2, [r7, #8]
  68 0028 0A43     		orrs	r2, r2, r1
  69              		.loc 1 89 40
  70 002a 9A62     		str	r2, [r3, #40]
  71 002c 28E0     		b	.L3
  72              	.L2:
  90:Drivers/STM32F4xx_HAL_Driver/Src/stm32f4xx_hal_pcd_ex.c ****   }
  91:Drivers/STM32F4xx_HAL_Driver/Src/stm32f4xx_hal_pcd_ex.c ****   else
  92:Drivers/STM32F4xx_HAL_Driver/Src/stm32f4xx_hal_pcd_ex.c ****   {
  93:Drivers/STM32F4xx_HAL_Driver/Src/stm32f4xx_hal_pcd_ex.c ****     Tx_Offset += (hpcd->Instance->DIEPTXF0_HNPTXFSIZ) >> 16;
  73              		.loc 1 93 23
  74 002e 7B68     		ldr	r3, [r7, #4]
  75 0030 1B68     		ldr	r3, [r3]
  76              		.loc 1 93 33
  77 0032 9B6A     		ldr	r3, [r3, #40]
  78              		.loc 1 93 55
  79 0034 1B0C     		lsrs	r3, r3, #16
ARM GAS  /tmp/ccuVsoW8.s 			page 4


  80              		.loc 1 93 15
  81 0036 BA68     		ldr	r2, [r7, #8]
  82 0038 1344     		add	r3, r3, r2
  83 003a BB60     		str	r3, [r7, #8]
  94:Drivers/STM32F4xx_HAL_Driver/Src/stm32f4xx_hal_pcd_ex.c ****     for (i = 0U; i < (fifo - 1U); i++)
  84              		.loc 1 94 12
  85 003c 0023     		movs	r3, #0
  86 003e FB73     		strb	r3, [r7, #15]
  87              		.loc 1 94 5
  88 0040 0DE0     		b	.L4
  89              	.L5:
  95:Drivers/STM32F4xx_HAL_Driver/Src/stm32f4xx_hal_pcd_ex.c ****     {
  96:Drivers/STM32F4xx_HAL_Driver/Src/stm32f4xx_hal_pcd_ex.c ****       Tx_Offset += (hpcd->Instance->DIEPTXF[i] >> 16);
  90              		.loc 1 96 25 discriminator 3
  91 0042 7B68     		ldr	r3, [r7, #4]
  92 0044 1A68     		ldr	r2, [r3]
  93              		.loc 1 96 44 discriminator 3
  94 0046 FB7B     		ldrb	r3, [r7, #15]	@ zero_extendqisi2
  95 0048 4033     		adds	r3, r3, #64
  96 004a 9B00     		lsls	r3, r3, #2
  97 004c 1344     		add	r3, r3, r2
  98 004e 5B68     		ldr	r3, [r3, #4]
  99              		.loc 1 96 48 discriminator 3
 100 0050 1B0C     		lsrs	r3, r3, #16
 101              		.loc 1 96 17 discriminator 3
 102 0052 BA68     		ldr	r2, [r7, #8]
 103 0054 1344     		add	r3, r3, r2
 104 0056 BB60     		str	r3, [r7, #8]
  94:Drivers/STM32F4xx_HAL_Driver/Src/stm32f4xx_hal_pcd_ex.c ****     for (i = 0U; i < (fifo - 1U); i++)
 105              		.loc 1 94 36 discriminator 3
 106 0058 FB7B     		ldrb	r3, [r7, #15]	@ zero_extendqisi2
 107 005a 0133     		adds	r3, r3, #1
 108 005c FB73     		strb	r3, [r7, #15]
 109              	.L4:
  94:Drivers/STM32F4xx_HAL_Driver/Src/stm32f4xx_hal_pcd_ex.c ****     for (i = 0U; i < (fifo - 1U); i++)
 110              		.loc 1 94 20 discriminator 1
 111 005e FA7B     		ldrb	r2, [r7, #15]	@ zero_extendqisi2
  94:Drivers/STM32F4xx_HAL_Driver/Src/stm32f4xx_hal_pcd_ex.c ****     for (i = 0U; i < (fifo - 1U); i++)
 112              		.loc 1 94 28 discriminator 1
 113 0060 FB78     		ldrb	r3, [r7, #3]	@ zero_extendqisi2
 114 0062 013B     		subs	r3, r3, #1
  94:Drivers/STM32F4xx_HAL_Driver/Src/stm32f4xx_hal_pcd_ex.c ****     for (i = 0U; i < (fifo - 1U); i++)
 115              		.loc 1 94 20 discriminator 1
 116 0064 9A42     		cmp	r2, r3
 117 0066 ECD3     		bcc	.L5
  97:Drivers/STM32F4xx_HAL_Driver/Src/stm32f4xx_hal_pcd_ex.c ****     }
  98:Drivers/STM32F4xx_HAL_Driver/Src/stm32f4xx_hal_pcd_ex.c **** 
  99:Drivers/STM32F4xx_HAL_Driver/Src/stm32f4xx_hal_pcd_ex.c ****     /* Multiply Tx_Size by 2 to get higher performance */
 100:Drivers/STM32F4xx_HAL_Driver/Src/stm32f4xx_hal_pcd_ex.c ****     hpcd->Instance->DIEPTXF[fifo - 1U] = ((uint32_t)size << 16) | Tx_Offset;
 118              		.loc 1 100 43
 119 0068 3B88     		ldrh	r3, [r7]
 120              		.loc 1 100 58
 121 006a 1804     		lsls	r0, r3, #16
 122              		.loc 1 100 9
 123 006c 7B68     		ldr	r3, [r7, #4]
 124 006e 1968     		ldr	r1, [r3]
 125              		.loc 1 100 34
ARM GAS  /tmp/ccuVsoW8.s 			page 5


 126 0070 FB78     		ldrb	r3, [r7, #3]	@ zero_extendqisi2
 127 0072 013B     		subs	r3, r3, #1
 128              		.loc 1 100 65
 129 0074 BA68     		ldr	r2, [r7, #8]
 130 0076 0243     		orrs	r2, r2, r0
 131              		.loc 1 100 40
 132 0078 4033     		adds	r3, r3, #64
 133 007a 9B00     		lsls	r3, r3, #2
 134 007c 0B44     		add	r3, r3, r1
 135 007e 5A60     		str	r2, [r3, #4]
 136              	.L3:
 101:Drivers/STM32F4xx_HAL_Driver/Src/stm32f4xx_hal_pcd_ex.c ****   }
 102:Drivers/STM32F4xx_HAL_Driver/Src/stm32f4xx_hal_pcd_ex.c **** 
 103:Drivers/STM32F4xx_HAL_Driver/Src/stm32f4xx_hal_pcd_ex.c ****   return HAL_OK;
 137              		.loc 1 103 10
 138 0080 0023     		movs	r3, #0
 104:Drivers/STM32F4xx_HAL_Driver/Src/stm32f4xx_hal_pcd_ex.c **** }
 139              		.loc 1 104 1
 140 0082 1846     		mov	r0, r3
 141 0084 1437     		adds	r7, r7, #20
 142              	.LCFI3:
 143              		.cfi_def_cfa_offset 4
 144 0086 BD46     		mov	sp, r7
 145              	.LCFI4:
 146              		.cfi_def_cfa_register 13
 147              		@ sp needed
 148 0088 5DF8047B 		ldr	r7, [sp], #4
 149              	.LCFI5:
 150              		.cfi_restore 7
 151              		.cfi_def_cfa_offset 0
 152 008c 7047     		bx	lr
 153              		.cfi_endproc
 154              	.LFE216:
 156              		.section	.text.HAL_PCDEx_SetRxFiFo,"ax",%progbits
 157              		.align	1
 158              		.global	HAL_PCDEx_SetRxFiFo
 159              		.syntax unified
 160              		.thumb
 161              		.thumb_func
 163              	HAL_PCDEx_SetRxFiFo:
 164              	.LFB217:
 105:Drivers/STM32F4xx_HAL_Driver/Src/stm32f4xx_hal_pcd_ex.c **** 
 106:Drivers/STM32F4xx_HAL_Driver/Src/stm32f4xx_hal_pcd_ex.c **** /**
 107:Drivers/STM32F4xx_HAL_Driver/Src/stm32f4xx_hal_pcd_ex.c ****   * @brief  Set Rx FIFO
 108:Drivers/STM32F4xx_HAL_Driver/Src/stm32f4xx_hal_pcd_ex.c ****   * @param  hpcd PCD handle
 109:Drivers/STM32F4xx_HAL_Driver/Src/stm32f4xx_hal_pcd_ex.c ****   * @param  size Size of Rx fifo
 110:Drivers/STM32F4xx_HAL_Driver/Src/stm32f4xx_hal_pcd_ex.c ****   * @retval HAL status
 111:Drivers/STM32F4xx_HAL_Driver/Src/stm32f4xx_hal_pcd_ex.c ****   */
 112:Drivers/STM32F4xx_HAL_Driver/Src/stm32f4xx_hal_pcd_ex.c **** HAL_StatusTypeDef HAL_PCDEx_SetRxFiFo(PCD_HandleTypeDef *hpcd, uint16_t size)
 113:Drivers/STM32F4xx_HAL_Driver/Src/stm32f4xx_hal_pcd_ex.c **** {
 165              		.loc 1 113 1
 166              		.cfi_startproc
 167              		@ args = 0, pretend = 0, frame = 8
 168              		@ frame_needed = 1, uses_anonymous_args = 0
 169              		@ link register save eliminated.
 170 0000 80B4     		push	{r7}
 171              	.LCFI6:
ARM GAS  /tmp/ccuVsoW8.s 			page 6


 172              		.cfi_def_cfa_offset 4
 173              		.cfi_offset 7, -4
 174 0002 83B0     		sub	sp, sp, #12
 175              	.LCFI7:
 176              		.cfi_def_cfa_offset 16
 177 0004 00AF     		add	r7, sp, #0
 178              	.LCFI8:
 179              		.cfi_def_cfa_register 7
 180 0006 7860     		str	r0, [r7, #4]
 181 0008 0B46     		mov	r3, r1
 182 000a 7B80     		strh	r3, [r7, #2]	@ movhi
 114:Drivers/STM32F4xx_HAL_Driver/Src/stm32f4xx_hal_pcd_ex.c ****   hpcd->Instance->GRXFSIZ = size;
 183              		.loc 1 114 7
 184 000c 7B68     		ldr	r3, [r7, #4]
 185 000e 1B68     		ldr	r3, [r3]
 186              		.loc 1 114 27
 187 0010 7A88     		ldrh	r2, [r7, #2]
 188 0012 5A62     		str	r2, [r3, #36]
 115:Drivers/STM32F4xx_HAL_Driver/Src/stm32f4xx_hal_pcd_ex.c **** 
 116:Drivers/STM32F4xx_HAL_Driver/Src/stm32f4xx_hal_pcd_ex.c ****   return HAL_OK;
 189              		.loc 1 116 10
 190 0014 0023     		movs	r3, #0
 117:Drivers/STM32F4xx_HAL_Driver/Src/stm32f4xx_hal_pcd_ex.c **** }
 191              		.loc 1 117 1
 192 0016 1846     		mov	r0, r3
 193 0018 0C37     		adds	r7, r7, #12
 194              	.LCFI9:
 195              		.cfi_def_cfa_offset 4
 196 001a BD46     		mov	sp, r7
 197              	.LCFI10:
 198              		.cfi_def_cfa_register 13
 199              		@ sp needed
 200 001c 5DF8047B 		ldr	r7, [sp], #4
 201              	.LCFI11:
 202              		.cfi_restore 7
 203              		.cfi_def_cfa_offset 0
 204 0020 7047     		bx	lr
 205              		.cfi_endproc
 206              	.LFE217:
 208              		.section	.text.HAL_PCDEx_LPM_Callback,"ax",%progbits
 209              		.align	1
 210              		.weak	HAL_PCDEx_LPM_Callback
 211              		.syntax unified
 212              		.thumb
 213              		.thumb_func
 215              	HAL_PCDEx_LPM_Callback:
 216              	.LFB218:
 118:Drivers/STM32F4xx_HAL_Driver/Src/stm32f4xx_hal_pcd_ex.c **** #if defined(STM32F446xx) || defined(STM32F469xx) || defined(STM32F479xx) || defined(STM32F412Zx) ||
 119:Drivers/STM32F4xx_HAL_Driver/Src/stm32f4xx_hal_pcd_ex.c **** /**
 120:Drivers/STM32F4xx_HAL_Driver/Src/stm32f4xx_hal_pcd_ex.c ****   * @brief  Activate LPM feature.
 121:Drivers/STM32F4xx_HAL_Driver/Src/stm32f4xx_hal_pcd_ex.c ****   * @param  hpcd PCD handle
 122:Drivers/STM32F4xx_HAL_Driver/Src/stm32f4xx_hal_pcd_ex.c ****   * @retval HAL status
 123:Drivers/STM32F4xx_HAL_Driver/Src/stm32f4xx_hal_pcd_ex.c ****   */
 124:Drivers/STM32F4xx_HAL_Driver/Src/stm32f4xx_hal_pcd_ex.c **** HAL_StatusTypeDef HAL_PCDEx_ActivateLPM(PCD_HandleTypeDef *hpcd)
 125:Drivers/STM32F4xx_HAL_Driver/Src/stm32f4xx_hal_pcd_ex.c **** {
 126:Drivers/STM32F4xx_HAL_Driver/Src/stm32f4xx_hal_pcd_ex.c ****   USB_OTG_GlobalTypeDef *USBx = hpcd->Instance;
 127:Drivers/STM32F4xx_HAL_Driver/Src/stm32f4xx_hal_pcd_ex.c **** 
ARM GAS  /tmp/ccuVsoW8.s 			page 7


 128:Drivers/STM32F4xx_HAL_Driver/Src/stm32f4xx_hal_pcd_ex.c ****   hpcd->lpm_active = 1U;
 129:Drivers/STM32F4xx_HAL_Driver/Src/stm32f4xx_hal_pcd_ex.c ****   hpcd->LPM_State = LPM_L0;
 130:Drivers/STM32F4xx_HAL_Driver/Src/stm32f4xx_hal_pcd_ex.c ****   USBx->GINTMSK |= USB_OTG_GINTMSK_LPMINTM;
 131:Drivers/STM32F4xx_HAL_Driver/Src/stm32f4xx_hal_pcd_ex.c ****   USBx->GLPMCFG |= (USB_OTG_GLPMCFG_LPMEN | USB_OTG_GLPMCFG_LPMACK | USB_OTG_GLPMCFG_ENBESL);
 132:Drivers/STM32F4xx_HAL_Driver/Src/stm32f4xx_hal_pcd_ex.c **** 
 133:Drivers/STM32F4xx_HAL_Driver/Src/stm32f4xx_hal_pcd_ex.c ****   return HAL_OK;
 134:Drivers/STM32F4xx_HAL_Driver/Src/stm32f4xx_hal_pcd_ex.c **** }
 135:Drivers/STM32F4xx_HAL_Driver/Src/stm32f4xx_hal_pcd_ex.c **** 
 136:Drivers/STM32F4xx_HAL_Driver/Src/stm32f4xx_hal_pcd_ex.c **** /**
 137:Drivers/STM32F4xx_HAL_Driver/Src/stm32f4xx_hal_pcd_ex.c ****   * @brief  Deactivate LPM feature.
 138:Drivers/STM32F4xx_HAL_Driver/Src/stm32f4xx_hal_pcd_ex.c ****   * @param  hpcd PCD handle
 139:Drivers/STM32F4xx_HAL_Driver/Src/stm32f4xx_hal_pcd_ex.c ****   * @retval HAL status
 140:Drivers/STM32F4xx_HAL_Driver/Src/stm32f4xx_hal_pcd_ex.c ****   */
 141:Drivers/STM32F4xx_HAL_Driver/Src/stm32f4xx_hal_pcd_ex.c **** HAL_StatusTypeDef HAL_PCDEx_DeActivateLPM(PCD_HandleTypeDef *hpcd)
 142:Drivers/STM32F4xx_HAL_Driver/Src/stm32f4xx_hal_pcd_ex.c **** {
 143:Drivers/STM32F4xx_HAL_Driver/Src/stm32f4xx_hal_pcd_ex.c ****   USB_OTG_GlobalTypeDef *USBx = hpcd->Instance;
 144:Drivers/STM32F4xx_HAL_Driver/Src/stm32f4xx_hal_pcd_ex.c **** 
 145:Drivers/STM32F4xx_HAL_Driver/Src/stm32f4xx_hal_pcd_ex.c ****   hpcd->lpm_active = 0U;
 146:Drivers/STM32F4xx_HAL_Driver/Src/stm32f4xx_hal_pcd_ex.c ****   USBx->GINTMSK &= ~USB_OTG_GINTMSK_LPMINTM;
 147:Drivers/STM32F4xx_HAL_Driver/Src/stm32f4xx_hal_pcd_ex.c ****   USBx->GLPMCFG &= ~(USB_OTG_GLPMCFG_LPMEN | USB_OTG_GLPMCFG_LPMACK | USB_OTG_GLPMCFG_ENBESL);
 148:Drivers/STM32F4xx_HAL_Driver/Src/stm32f4xx_hal_pcd_ex.c **** 
 149:Drivers/STM32F4xx_HAL_Driver/Src/stm32f4xx_hal_pcd_ex.c ****   return HAL_OK;
 150:Drivers/STM32F4xx_HAL_Driver/Src/stm32f4xx_hal_pcd_ex.c **** }
 151:Drivers/STM32F4xx_HAL_Driver/Src/stm32f4xx_hal_pcd_ex.c **** #endif /* defined(STM32F446xx) || defined(STM32F469xx) || defined(STM32F479xx) || defined(STM32F412
 152:Drivers/STM32F4xx_HAL_Driver/Src/stm32f4xx_hal_pcd_ex.c **** #if defined(STM32F412Zx) || defined(STM32F412Vx) || defined(STM32F412Rx) || defined(STM32F412Cx) ||
 153:Drivers/STM32F4xx_HAL_Driver/Src/stm32f4xx_hal_pcd_ex.c **** /**
 154:Drivers/STM32F4xx_HAL_Driver/Src/stm32f4xx_hal_pcd_ex.c ****   * @brief  Handle BatteryCharging Process.
 155:Drivers/STM32F4xx_HAL_Driver/Src/stm32f4xx_hal_pcd_ex.c ****   * @param  hpcd PCD handle
 156:Drivers/STM32F4xx_HAL_Driver/Src/stm32f4xx_hal_pcd_ex.c ****   * @retval HAL status
 157:Drivers/STM32F4xx_HAL_Driver/Src/stm32f4xx_hal_pcd_ex.c ****   */
 158:Drivers/STM32F4xx_HAL_Driver/Src/stm32f4xx_hal_pcd_ex.c **** void HAL_PCDEx_BCD_VBUSDetect(PCD_HandleTypeDef *hpcd)
 159:Drivers/STM32F4xx_HAL_Driver/Src/stm32f4xx_hal_pcd_ex.c **** {
 160:Drivers/STM32F4xx_HAL_Driver/Src/stm32f4xx_hal_pcd_ex.c ****   USB_OTG_GlobalTypeDef *USBx = hpcd->Instance;
 161:Drivers/STM32F4xx_HAL_Driver/Src/stm32f4xx_hal_pcd_ex.c ****   uint32_t tickstart = HAL_GetTick();
 162:Drivers/STM32F4xx_HAL_Driver/Src/stm32f4xx_hal_pcd_ex.c **** 
 163:Drivers/STM32F4xx_HAL_Driver/Src/stm32f4xx_hal_pcd_ex.c ****   /* Enable DCD : Data Contact Detect */
 164:Drivers/STM32F4xx_HAL_Driver/Src/stm32f4xx_hal_pcd_ex.c ****   USBx->GCCFG |= USB_OTG_GCCFG_DCDEN;
 165:Drivers/STM32F4xx_HAL_Driver/Src/stm32f4xx_hal_pcd_ex.c **** 
 166:Drivers/STM32F4xx_HAL_Driver/Src/stm32f4xx_hal_pcd_ex.c ****   /* Wait for Min DCD Timeout */
 167:Drivers/STM32F4xx_HAL_Driver/Src/stm32f4xx_hal_pcd_ex.c ****   HAL_Delay(300U);
 168:Drivers/STM32F4xx_HAL_Driver/Src/stm32f4xx_hal_pcd_ex.c **** 
 169:Drivers/STM32F4xx_HAL_Driver/Src/stm32f4xx_hal_pcd_ex.c ****   /* Check Detect flag */
 170:Drivers/STM32F4xx_HAL_Driver/Src/stm32f4xx_hal_pcd_ex.c ****   if ((USBx->GCCFG & USB_OTG_GCCFG_DCDET) == USB_OTG_GCCFG_DCDET)
 171:Drivers/STM32F4xx_HAL_Driver/Src/stm32f4xx_hal_pcd_ex.c ****   {
 172:Drivers/STM32F4xx_HAL_Driver/Src/stm32f4xx_hal_pcd_ex.c **** #if (USE_HAL_PCD_REGISTER_CALLBACKS == 1U)
 173:Drivers/STM32F4xx_HAL_Driver/Src/stm32f4xx_hal_pcd_ex.c ****     hpcd->BCDCallback(hpcd, PCD_BCD_CONTACT_DETECTION);
 174:Drivers/STM32F4xx_HAL_Driver/Src/stm32f4xx_hal_pcd_ex.c **** #else
 175:Drivers/STM32F4xx_HAL_Driver/Src/stm32f4xx_hal_pcd_ex.c ****     HAL_PCDEx_BCD_Callback(hpcd, PCD_BCD_CONTACT_DETECTION);
 176:Drivers/STM32F4xx_HAL_Driver/Src/stm32f4xx_hal_pcd_ex.c **** #endif /* USE_HAL_PCD_REGISTER_CALLBACKS */
 177:Drivers/STM32F4xx_HAL_Driver/Src/stm32f4xx_hal_pcd_ex.c ****   }
 178:Drivers/STM32F4xx_HAL_Driver/Src/stm32f4xx_hal_pcd_ex.c **** 
 179:Drivers/STM32F4xx_HAL_Driver/Src/stm32f4xx_hal_pcd_ex.c ****   /* Primary detection: checks if connected to Standard Downstream Port
 180:Drivers/STM32F4xx_HAL_Driver/Src/stm32f4xx_hal_pcd_ex.c ****   (without charging capability) */
 181:Drivers/STM32F4xx_HAL_Driver/Src/stm32f4xx_hal_pcd_ex.c ****   USBx->GCCFG &= ~ USB_OTG_GCCFG_DCDEN;
 182:Drivers/STM32F4xx_HAL_Driver/Src/stm32f4xx_hal_pcd_ex.c ****   HAL_Delay(50U);
 183:Drivers/STM32F4xx_HAL_Driver/Src/stm32f4xx_hal_pcd_ex.c ****   USBx->GCCFG |=  USB_OTG_GCCFG_PDEN;
 184:Drivers/STM32F4xx_HAL_Driver/Src/stm32f4xx_hal_pcd_ex.c ****   HAL_Delay(50U);
ARM GAS  /tmp/ccuVsoW8.s 			page 8


 185:Drivers/STM32F4xx_HAL_Driver/Src/stm32f4xx_hal_pcd_ex.c **** 
 186:Drivers/STM32F4xx_HAL_Driver/Src/stm32f4xx_hal_pcd_ex.c ****   if ((USBx->GCCFG & USB_OTG_GCCFG_PDET) == 0U)
 187:Drivers/STM32F4xx_HAL_Driver/Src/stm32f4xx_hal_pcd_ex.c ****   {
 188:Drivers/STM32F4xx_HAL_Driver/Src/stm32f4xx_hal_pcd_ex.c ****     /* Case of Standard Downstream Port */
 189:Drivers/STM32F4xx_HAL_Driver/Src/stm32f4xx_hal_pcd_ex.c **** #if (USE_HAL_PCD_REGISTER_CALLBACKS == 1U)
 190:Drivers/STM32F4xx_HAL_Driver/Src/stm32f4xx_hal_pcd_ex.c ****     hpcd->BCDCallback(hpcd, PCD_BCD_STD_DOWNSTREAM_PORT);
 191:Drivers/STM32F4xx_HAL_Driver/Src/stm32f4xx_hal_pcd_ex.c **** #else
 192:Drivers/STM32F4xx_HAL_Driver/Src/stm32f4xx_hal_pcd_ex.c ****     HAL_PCDEx_BCD_Callback(hpcd, PCD_BCD_STD_DOWNSTREAM_PORT);
 193:Drivers/STM32F4xx_HAL_Driver/Src/stm32f4xx_hal_pcd_ex.c **** #endif /* USE_HAL_PCD_REGISTER_CALLBACKS */
 194:Drivers/STM32F4xx_HAL_Driver/Src/stm32f4xx_hal_pcd_ex.c ****   }
 195:Drivers/STM32F4xx_HAL_Driver/Src/stm32f4xx_hal_pcd_ex.c ****   else
 196:Drivers/STM32F4xx_HAL_Driver/Src/stm32f4xx_hal_pcd_ex.c ****   {
 197:Drivers/STM32F4xx_HAL_Driver/Src/stm32f4xx_hal_pcd_ex.c ****     /* start secondary detection to check connection to Charging Downstream
 198:Drivers/STM32F4xx_HAL_Driver/Src/stm32f4xx_hal_pcd_ex.c ****     Port or Dedicated Charging Port */
 199:Drivers/STM32F4xx_HAL_Driver/Src/stm32f4xx_hal_pcd_ex.c ****     USBx->GCCFG &= ~ USB_OTG_GCCFG_PDEN;
 200:Drivers/STM32F4xx_HAL_Driver/Src/stm32f4xx_hal_pcd_ex.c ****     HAL_Delay(50U);
 201:Drivers/STM32F4xx_HAL_Driver/Src/stm32f4xx_hal_pcd_ex.c ****     USBx->GCCFG |=  USB_OTG_GCCFG_SDEN;
 202:Drivers/STM32F4xx_HAL_Driver/Src/stm32f4xx_hal_pcd_ex.c ****     HAL_Delay(50U);
 203:Drivers/STM32F4xx_HAL_Driver/Src/stm32f4xx_hal_pcd_ex.c **** 
 204:Drivers/STM32F4xx_HAL_Driver/Src/stm32f4xx_hal_pcd_ex.c ****     if ((USBx->GCCFG & USB_OTG_GCCFG_SDET) == USB_OTG_GCCFG_SDET)
 205:Drivers/STM32F4xx_HAL_Driver/Src/stm32f4xx_hal_pcd_ex.c ****     {
 206:Drivers/STM32F4xx_HAL_Driver/Src/stm32f4xx_hal_pcd_ex.c ****       /* case Dedicated Charging Port  */
 207:Drivers/STM32F4xx_HAL_Driver/Src/stm32f4xx_hal_pcd_ex.c **** #if (USE_HAL_PCD_REGISTER_CALLBACKS == 1U)
 208:Drivers/STM32F4xx_HAL_Driver/Src/stm32f4xx_hal_pcd_ex.c ****       hpcd->BCDCallback(hpcd, PCD_BCD_DEDICATED_CHARGING_PORT);
 209:Drivers/STM32F4xx_HAL_Driver/Src/stm32f4xx_hal_pcd_ex.c **** #else
 210:Drivers/STM32F4xx_HAL_Driver/Src/stm32f4xx_hal_pcd_ex.c ****       HAL_PCDEx_BCD_Callback(hpcd, PCD_BCD_DEDICATED_CHARGING_PORT);
 211:Drivers/STM32F4xx_HAL_Driver/Src/stm32f4xx_hal_pcd_ex.c **** #endif /* USE_HAL_PCD_REGISTER_CALLBACKS */
 212:Drivers/STM32F4xx_HAL_Driver/Src/stm32f4xx_hal_pcd_ex.c ****     }
 213:Drivers/STM32F4xx_HAL_Driver/Src/stm32f4xx_hal_pcd_ex.c ****     else
 214:Drivers/STM32F4xx_HAL_Driver/Src/stm32f4xx_hal_pcd_ex.c ****     {
 215:Drivers/STM32F4xx_HAL_Driver/Src/stm32f4xx_hal_pcd_ex.c ****       /* case Charging Downstream Port */
 216:Drivers/STM32F4xx_HAL_Driver/Src/stm32f4xx_hal_pcd_ex.c **** #if (USE_HAL_PCD_REGISTER_CALLBACKS == 1U)
 217:Drivers/STM32F4xx_HAL_Driver/Src/stm32f4xx_hal_pcd_ex.c ****       hpcd->BCDCallback(hpcd, PCD_BCD_CHARGING_DOWNSTREAM_PORT);
 218:Drivers/STM32F4xx_HAL_Driver/Src/stm32f4xx_hal_pcd_ex.c **** #else
 219:Drivers/STM32F4xx_HAL_Driver/Src/stm32f4xx_hal_pcd_ex.c ****       HAL_PCDEx_BCD_Callback(hpcd, PCD_BCD_CHARGING_DOWNSTREAM_PORT);
 220:Drivers/STM32F4xx_HAL_Driver/Src/stm32f4xx_hal_pcd_ex.c **** #endif /* USE_HAL_PCD_REGISTER_CALLBACKS */
 221:Drivers/STM32F4xx_HAL_Driver/Src/stm32f4xx_hal_pcd_ex.c ****     }
 222:Drivers/STM32F4xx_HAL_Driver/Src/stm32f4xx_hal_pcd_ex.c ****   }
 223:Drivers/STM32F4xx_HAL_Driver/Src/stm32f4xx_hal_pcd_ex.c **** 
 224:Drivers/STM32F4xx_HAL_Driver/Src/stm32f4xx_hal_pcd_ex.c ****   /* Battery Charging capability discovery finished */
 225:Drivers/STM32F4xx_HAL_Driver/Src/stm32f4xx_hal_pcd_ex.c ****   (void)HAL_PCDEx_DeActivateBCD(hpcd);
 226:Drivers/STM32F4xx_HAL_Driver/Src/stm32f4xx_hal_pcd_ex.c **** 
 227:Drivers/STM32F4xx_HAL_Driver/Src/stm32f4xx_hal_pcd_ex.c ****   /* Check for the Timeout, else start USB Device */
 228:Drivers/STM32F4xx_HAL_Driver/Src/stm32f4xx_hal_pcd_ex.c ****   if ((HAL_GetTick() - tickstart) > 1000U)
 229:Drivers/STM32F4xx_HAL_Driver/Src/stm32f4xx_hal_pcd_ex.c ****   {
 230:Drivers/STM32F4xx_HAL_Driver/Src/stm32f4xx_hal_pcd_ex.c **** #if (USE_HAL_PCD_REGISTER_CALLBACKS == 1U)
 231:Drivers/STM32F4xx_HAL_Driver/Src/stm32f4xx_hal_pcd_ex.c ****     hpcd->BCDCallback(hpcd, PCD_BCD_ERROR);
 232:Drivers/STM32F4xx_HAL_Driver/Src/stm32f4xx_hal_pcd_ex.c **** #else
 233:Drivers/STM32F4xx_HAL_Driver/Src/stm32f4xx_hal_pcd_ex.c ****     HAL_PCDEx_BCD_Callback(hpcd, PCD_BCD_ERROR);
 234:Drivers/STM32F4xx_HAL_Driver/Src/stm32f4xx_hal_pcd_ex.c **** #endif /* USE_HAL_PCD_REGISTER_CALLBACKS */
 235:Drivers/STM32F4xx_HAL_Driver/Src/stm32f4xx_hal_pcd_ex.c ****   }
 236:Drivers/STM32F4xx_HAL_Driver/Src/stm32f4xx_hal_pcd_ex.c ****   else
 237:Drivers/STM32F4xx_HAL_Driver/Src/stm32f4xx_hal_pcd_ex.c ****   {
 238:Drivers/STM32F4xx_HAL_Driver/Src/stm32f4xx_hal_pcd_ex.c **** #if (USE_HAL_PCD_REGISTER_CALLBACKS == 1U)
 239:Drivers/STM32F4xx_HAL_Driver/Src/stm32f4xx_hal_pcd_ex.c ****     hpcd->BCDCallback(hpcd, PCD_BCD_DISCOVERY_COMPLETED);
 240:Drivers/STM32F4xx_HAL_Driver/Src/stm32f4xx_hal_pcd_ex.c **** #else
 241:Drivers/STM32F4xx_HAL_Driver/Src/stm32f4xx_hal_pcd_ex.c ****     HAL_PCDEx_BCD_Callback(hpcd, PCD_BCD_DISCOVERY_COMPLETED);
ARM GAS  /tmp/ccuVsoW8.s 			page 9


 242:Drivers/STM32F4xx_HAL_Driver/Src/stm32f4xx_hal_pcd_ex.c **** #endif /* USE_HAL_PCD_REGISTER_CALLBACKS */
 243:Drivers/STM32F4xx_HAL_Driver/Src/stm32f4xx_hal_pcd_ex.c ****   }
 244:Drivers/STM32F4xx_HAL_Driver/Src/stm32f4xx_hal_pcd_ex.c **** }
 245:Drivers/STM32F4xx_HAL_Driver/Src/stm32f4xx_hal_pcd_ex.c **** 
 246:Drivers/STM32F4xx_HAL_Driver/Src/stm32f4xx_hal_pcd_ex.c **** /**
 247:Drivers/STM32F4xx_HAL_Driver/Src/stm32f4xx_hal_pcd_ex.c ****   * @brief  Activate BatteryCharging feature.
 248:Drivers/STM32F4xx_HAL_Driver/Src/stm32f4xx_hal_pcd_ex.c ****   * @param  hpcd PCD handle
 249:Drivers/STM32F4xx_HAL_Driver/Src/stm32f4xx_hal_pcd_ex.c ****   * @retval HAL status
 250:Drivers/STM32F4xx_HAL_Driver/Src/stm32f4xx_hal_pcd_ex.c ****   */
 251:Drivers/STM32F4xx_HAL_Driver/Src/stm32f4xx_hal_pcd_ex.c **** HAL_StatusTypeDef HAL_PCDEx_ActivateBCD(PCD_HandleTypeDef *hpcd)
 252:Drivers/STM32F4xx_HAL_Driver/Src/stm32f4xx_hal_pcd_ex.c **** {
 253:Drivers/STM32F4xx_HAL_Driver/Src/stm32f4xx_hal_pcd_ex.c ****   USB_OTG_GlobalTypeDef *USBx = hpcd->Instance;
 254:Drivers/STM32F4xx_HAL_Driver/Src/stm32f4xx_hal_pcd_ex.c **** 
 255:Drivers/STM32F4xx_HAL_Driver/Src/stm32f4xx_hal_pcd_ex.c ****   USBx->GCCFG &= ~(USB_OTG_GCCFG_PDEN);
 256:Drivers/STM32F4xx_HAL_Driver/Src/stm32f4xx_hal_pcd_ex.c ****   USBx->GCCFG &= ~(USB_OTG_GCCFG_SDEN);
 257:Drivers/STM32F4xx_HAL_Driver/Src/stm32f4xx_hal_pcd_ex.c **** 
 258:Drivers/STM32F4xx_HAL_Driver/Src/stm32f4xx_hal_pcd_ex.c ****   /* Power Down USB transceiver  */
 259:Drivers/STM32F4xx_HAL_Driver/Src/stm32f4xx_hal_pcd_ex.c ****   USBx->GCCFG &= ~(USB_OTG_GCCFG_PWRDWN);
 260:Drivers/STM32F4xx_HAL_Driver/Src/stm32f4xx_hal_pcd_ex.c **** 
 261:Drivers/STM32F4xx_HAL_Driver/Src/stm32f4xx_hal_pcd_ex.c ****   /* Enable Battery charging */
 262:Drivers/STM32F4xx_HAL_Driver/Src/stm32f4xx_hal_pcd_ex.c ****   USBx->GCCFG |= USB_OTG_GCCFG_BCDEN;
 263:Drivers/STM32F4xx_HAL_Driver/Src/stm32f4xx_hal_pcd_ex.c **** 
 264:Drivers/STM32F4xx_HAL_Driver/Src/stm32f4xx_hal_pcd_ex.c ****   hpcd->battery_charging_active = 1U;
 265:Drivers/STM32F4xx_HAL_Driver/Src/stm32f4xx_hal_pcd_ex.c **** 
 266:Drivers/STM32F4xx_HAL_Driver/Src/stm32f4xx_hal_pcd_ex.c ****   return HAL_OK;
 267:Drivers/STM32F4xx_HAL_Driver/Src/stm32f4xx_hal_pcd_ex.c **** }
 268:Drivers/STM32F4xx_HAL_Driver/Src/stm32f4xx_hal_pcd_ex.c **** 
 269:Drivers/STM32F4xx_HAL_Driver/Src/stm32f4xx_hal_pcd_ex.c **** /**
 270:Drivers/STM32F4xx_HAL_Driver/Src/stm32f4xx_hal_pcd_ex.c ****   * @brief  Deactivate BatteryCharging feature.
 271:Drivers/STM32F4xx_HAL_Driver/Src/stm32f4xx_hal_pcd_ex.c ****   * @param  hpcd PCD handle
 272:Drivers/STM32F4xx_HAL_Driver/Src/stm32f4xx_hal_pcd_ex.c ****   * @retval HAL status
 273:Drivers/STM32F4xx_HAL_Driver/Src/stm32f4xx_hal_pcd_ex.c ****   */
 274:Drivers/STM32F4xx_HAL_Driver/Src/stm32f4xx_hal_pcd_ex.c **** HAL_StatusTypeDef HAL_PCDEx_DeActivateBCD(PCD_HandleTypeDef *hpcd)
 275:Drivers/STM32F4xx_HAL_Driver/Src/stm32f4xx_hal_pcd_ex.c **** {
 276:Drivers/STM32F4xx_HAL_Driver/Src/stm32f4xx_hal_pcd_ex.c ****   USB_OTG_GlobalTypeDef *USBx = hpcd->Instance;
 277:Drivers/STM32F4xx_HAL_Driver/Src/stm32f4xx_hal_pcd_ex.c **** 
 278:Drivers/STM32F4xx_HAL_Driver/Src/stm32f4xx_hal_pcd_ex.c ****   USBx->GCCFG &= ~(USB_OTG_GCCFG_SDEN);
 279:Drivers/STM32F4xx_HAL_Driver/Src/stm32f4xx_hal_pcd_ex.c ****   USBx->GCCFG &= ~(USB_OTG_GCCFG_PDEN);
 280:Drivers/STM32F4xx_HAL_Driver/Src/stm32f4xx_hal_pcd_ex.c **** 
 281:Drivers/STM32F4xx_HAL_Driver/Src/stm32f4xx_hal_pcd_ex.c ****   /* Disable Battery charging */
 282:Drivers/STM32F4xx_HAL_Driver/Src/stm32f4xx_hal_pcd_ex.c ****   USBx->GCCFG &= ~(USB_OTG_GCCFG_BCDEN);
 283:Drivers/STM32F4xx_HAL_Driver/Src/stm32f4xx_hal_pcd_ex.c **** 
 284:Drivers/STM32F4xx_HAL_Driver/Src/stm32f4xx_hal_pcd_ex.c ****   hpcd->battery_charging_active = 0U;
 285:Drivers/STM32F4xx_HAL_Driver/Src/stm32f4xx_hal_pcd_ex.c **** 
 286:Drivers/STM32F4xx_HAL_Driver/Src/stm32f4xx_hal_pcd_ex.c ****   return HAL_OK;
 287:Drivers/STM32F4xx_HAL_Driver/Src/stm32f4xx_hal_pcd_ex.c **** }
 288:Drivers/STM32F4xx_HAL_Driver/Src/stm32f4xx_hal_pcd_ex.c **** #endif /* defined(STM32F412Zx) || defined(STM32F412Vx) || defined(STM32F412Rx) || defined(STM32F412
 289:Drivers/STM32F4xx_HAL_Driver/Src/stm32f4xx_hal_pcd_ex.c **** #endif /* defined (USB_OTG_FS) || defined (USB_OTG_HS) */
 290:Drivers/STM32F4xx_HAL_Driver/Src/stm32f4xx_hal_pcd_ex.c **** 
 291:Drivers/STM32F4xx_HAL_Driver/Src/stm32f4xx_hal_pcd_ex.c **** /**
 292:Drivers/STM32F4xx_HAL_Driver/Src/stm32f4xx_hal_pcd_ex.c ****   * @brief  Send LPM message to user layer callback.
 293:Drivers/STM32F4xx_HAL_Driver/Src/stm32f4xx_hal_pcd_ex.c ****   * @param  hpcd PCD handle
 294:Drivers/STM32F4xx_HAL_Driver/Src/stm32f4xx_hal_pcd_ex.c ****   * @param  msg LPM message
 295:Drivers/STM32F4xx_HAL_Driver/Src/stm32f4xx_hal_pcd_ex.c ****   * @retval HAL status
 296:Drivers/STM32F4xx_HAL_Driver/Src/stm32f4xx_hal_pcd_ex.c ****   */
 297:Drivers/STM32F4xx_HAL_Driver/Src/stm32f4xx_hal_pcd_ex.c **** __weak void HAL_PCDEx_LPM_Callback(PCD_HandleTypeDef *hpcd, PCD_LPM_MsgTypeDef msg)
 298:Drivers/STM32F4xx_HAL_Driver/Src/stm32f4xx_hal_pcd_ex.c **** {
ARM GAS  /tmp/ccuVsoW8.s 			page 10


 217              		.loc 1 298 1
 218              		.cfi_startproc
 219              		@ args = 0, pretend = 0, frame = 8
 220              		@ frame_needed = 1, uses_anonymous_args = 0
 221              		@ link register save eliminated.
 222 0000 80B4     		push	{r7}
 223              	.LCFI12:
 224              		.cfi_def_cfa_offset 4
 225              		.cfi_offset 7, -4
 226 0002 83B0     		sub	sp, sp, #12
 227              	.LCFI13:
 228              		.cfi_def_cfa_offset 16
 229 0004 00AF     		add	r7, sp, #0
 230              	.LCFI14:
 231              		.cfi_def_cfa_register 7
 232 0006 7860     		str	r0, [r7, #4]
 233 0008 0B46     		mov	r3, r1
 234 000a FB70     		strb	r3, [r7, #3]
 299:Drivers/STM32F4xx_HAL_Driver/Src/stm32f4xx_hal_pcd_ex.c ****   /* Prevent unused argument(s) compilation warning */
 300:Drivers/STM32F4xx_HAL_Driver/Src/stm32f4xx_hal_pcd_ex.c ****   UNUSED(hpcd);
 301:Drivers/STM32F4xx_HAL_Driver/Src/stm32f4xx_hal_pcd_ex.c ****   UNUSED(msg);
 302:Drivers/STM32F4xx_HAL_Driver/Src/stm32f4xx_hal_pcd_ex.c **** 
 303:Drivers/STM32F4xx_HAL_Driver/Src/stm32f4xx_hal_pcd_ex.c ****   /* NOTE : This function should not be modified, when the callback is needed,
 304:Drivers/STM32F4xx_HAL_Driver/Src/stm32f4xx_hal_pcd_ex.c ****             the HAL_PCDEx_LPM_Callback could be implemented in the user file
 305:Drivers/STM32F4xx_HAL_Driver/Src/stm32f4xx_hal_pcd_ex.c ****    */
 306:Drivers/STM32F4xx_HAL_Driver/Src/stm32f4xx_hal_pcd_ex.c **** }
 235              		.loc 1 306 1
 236 000c 00BF     		nop
 237 000e 0C37     		adds	r7, r7, #12
 238              	.LCFI15:
 239              		.cfi_def_cfa_offset 4
 240 0010 BD46     		mov	sp, r7
 241              	.LCFI16:
 242              		.cfi_def_cfa_register 13
 243              		@ sp needed
 244 0012 5DF8047B 		ldr	r7, [sp], #4
 245              	.LCFI17:
 246              		.cfi_restore 7
 247              		.cfi_def_cfa_offset 0
 248 0016 7047     		bx	lr
 249              		.cfi_endproc
 250              	.LFE218:
 252              		.section	.text.HAL_PCDEx_BCD_Callback,"ax",%progbits
 253              		.align	1
 254              		.weak	HAL_PCDEx_BCD_Callback
 255              		.syntax unified
 256              		.thumb
 257              		.thumb_func
 259              	HAL_PCDEx_BCD_Callback:
 260              	.LFB219:
 307:Drivers/STM32F4xx_HAL_Driver/Src/stm32f4xx_hal_pcd_ex.c **** 
 308:Drivers/STM32F4xx_HAL_Driver/Src/stm32f4xx_hal_pcd_ex.c **** /**
 309:Drivers/STM32F4xx_HAL_Driver/Src/stm32f4xx_hal_pcd_ex.c ****   * @brief  Send BatteryCharging message to user layer callback.
 310:Drivers/STM32F4xx_HAL_Driver/Src/stm32f4xx_hal_pcd_ex.c ****   * @param  hpcd PCD handle
 311:Drivers/STM32F4xx_HAL_Driver/Src/stm32f4xx_hal_pcd_ex.c ****   * @param  msg LPM message
 312:Drivers/STM32F4xx_HAL_Driver/Src/stm32f4xx_hal_pcd_ex.c ****   * @retval HAL status
 313:Drivers/STM32F4xx_HAL_Driver/Src/stm32f4xx_hal_pcd_ex.c ****   */
ARM GAS  /tmp/ccuVsoW8.s 			page 11


 314:Drivers/STM32F4xx_HAL_Driver/Src/stm32f4xx_hal_pcd_ex.c **** __weak void HAL_PCDEx_BCD_Callback(PCD_HandleTypeDef *hpcd, PCD_BCD_MsgTypeDef msg)
 315:Drivers/STM32F4xx_HAL_Driver/Src/stm32f4xx_hal_pcd_ex.c **** {
 261              		.loc 1 315 1
 262              		.cfi_startproc
 263              		@ args = 0, pretend = 0, frame = 8
 264              		@ frame_needed = 1, uses_anonymous_args = 0
 265              		@ link register save eliminated.
 266 0000 80B4     		push	{r7}
 267              	.LCFI18:
 268              		.cfi_def_cfa_offset 4
 269              		.cfi_offset 7, -4
 270 0002 83B0     		sub	sp, sp, #12
 271              	.LCFI19:
 272              		.cfi_def_cfa_offset 16
 273 0004 00AF     		add	r7, sp, #0
 274              	.LCFI20:
 275              		.cfi_def_cfa_register 7
 276 0006 7860     		str	r0, [r7, #4]
 277 0008 0B46     		mov	r3, r1
 278 000a FB70     		strb	r3, [r7, #3]
 316:Drivers/STM32F4xx_HAL_Driver/Src/stm32f4xx_hal_pcd_ex.c ****   /* Prevent unused argument(s) compilation warning */
 317:Drivers/STM32F4xx_HAL_Driver/Src/stm32f4xx_hal_pcd_ex.c ****   UNUSED(hpcd);
 318:Drivers/STM32F4xx_HAL_Driver/Src/stm32f4xx_hal_pcd_ex.c ****   UNUSED(msg);
 319:Drivers/STM32F4xx_HAL_Driver/Src/stm32f4xx_hal_pcd_ex.c **** 
 320:Drivers/STM32F4xx_HAL_Driver/Src/stm32f4xx_hal_pcd_ex.c ****   /* NOTE : This function should not be modified, when the callback is needed,
 321:Drivers/STM32F4xx_HAL_Driver/Src/stm32f4xx_hal_pcd_ex.c ****             the HAL_PCDEx_BCD_Callback could be implemented in the user file
 322:Drivers/STM32F4xx_HAL_Driver/Src/stm32f4xx_hal_pcd_ex.c ****    */
 323:Drivers/STM32F4xx_HAL_Driver/Src/stm32f4xx_hal_pcd_ex.c **** }
 279              		.loc 1 323 1
 280 000c 00BF     		nop
 281 000e 0C37     		adds	r7, r7, #12
 282              	.LCFI21:
 283              		.cfi_def_cfa_offset 4
 284 0010 BD46     		mov	sp, r7
 285              	.LCFI22:
 286              		.cfi_def_cfa_register 13
 287              		@ sp needed
 288 0012 5DF8047B 		ldr	r7, [sp], #4
 289              	.LCFI23:
 290              		.cfi_restore 7
 291              		.cfi_def_cfa_offset 0
 292 0016 7047     		bx	lr
 293              		.cfi_endproc
 294              	.LFE219:
 296              		.text
 297              	.Letext0:
 298              		.file 2 "/opt/arm-gnu-toolchain-12.2.rel1-x86_64-arm-none-eabi/arm-none-eabi/include/machine/_defa
 299              		.file 3 "/opt/arm-gnu-toolchain-12.2.rel1-x86_64-arm-none-eabi/arm-none-eabi/include/sys/_stdint.h
 300              		.file 4 "Drivers/CMSIS/Device/ST/STM32F4xx/Include/stm32f411xe.h"
 301              		.file 5 "Drivers/STM32F4xx_HAL_Driver/Inc/stm32f4xx_hal_def.h"
 302              		.file 6 "Drivers/STM32F4xx_HAL_Driver/Inc/stm32f4xx_ll_usb.h"
 303              		.file 7 "Drivers/STM32F4xx_HAL_Driver/Inc/stm32f4xx_hal_pcd.h"
ARM GAS  /tmp/ccuVsoW8.s 			page 12


DEFINED SYMBOLS
                            *ABS*:0000000000000000 stm32f4xx_hal_pcd_ex.c
     /tmp/ccuVsoW8.s:21     .text.HAL_PCDEx_SetTxFiFo:0000000000000000 $t
     /tmp/ccuVsoW8.s:27     .text.HAL_PCDEx_SetTxFiFo:0000000000000000 HAL_PCDEx_SetTxFiFo
     /tmp/ccuVsoW8.s:157    .text.HAL_PCDEx_SetRxFiFo:0000000000000000 $t
     /tmp/ccuVsoW8.s:163    .text.HAL_PCDEx_SetRxFiFo:0000000000000000 HAL_PCDEx_SetRxFiFo
     /tmp/ccuVsoW8.s:209    .text.HAL_PCDEx_LPM_Callback:0000000000000000 $t
     /tmp/ccuVsoW8.s:215    .text.HAL_PCDEx_LPM_Callback:0000000000000000 HAL_PCDEx_LPM_Callback
     /tmp/ccuVsoW8.s:253    .text.HAL_PCDEx_BCD_Callback:0000000000000000 $t
     /tmp/ccuVsoW8.s:259    .text.HAL_PCDEx_BCD_Callback:0000000000000000 HAL_PCDEx_BCD_Callback

NO UNDEFINED SYMBOLS
