ARM GAS  /tmp/cc2xzun7.s 			page 1


   1              		.cpu cortex-m4
   2              		.arch armv7e-m
   3              		.fpu fpv4-sp-d16
   4              		.eabi_attribute 27, 1
   5              		.eabi_attribute 28, 1
   6              		.eabi_attribute 20, 1
   7              		.eabi_attribute 21, 1
   8              		.eabi_attribute 23, 3
   9              		.eabi_attribute 24, 1
  10              		.eabi_attribute 25, 1
  11              		.eabi_attribute 26, 1
  12              		.eabi_attribute 30, 6
  13              		.eabi_attribute 34, 1
  14              		.eabi_attribute 18, 4
  15              		.file	"usbd_desc.c"
  16              		.text
  17              	.Ltext0:
  18              		.cfi_sections	.debug_frame
  19              		.file 1 "USB_DEVICE/App/usbd_desc.c"
  20              		.global	FS_Desc
  21              		.section	.data.FS_Desc,"aw"
  22              		.align	2
  25              	FS_Desc:
  26 0000 00000000 		.word	USBD_FS_DeviceDescriptor
  27 0004 00000000 		.word	USBD_FS_LangIDStrDescriptor
  28 0008 00000000 		.word	USBD_FS_ManufacturerStrDescriptor
  29 000c 00000000 		.word	USBD_FS_ProductStrDescriptor
  30 0010 00000000 		.word	USBD_FS_SerialStrDescriptor
  31 0014 00000000 		.word	USBD_FS_ConfigStrDescriptor
  32 0018 00000000 		.word	USBD_FS_InterfaceStrDescriptor
  33              		.global	USBD_FS_DeviceDesc
  34              		.section	.data.USBD_FS_DeviceDesc,"aw"
  35              		.align	2
  38              	USBD_FS_DeviceDesc:
  39 0000 12010002 		.ascii	"\022\001\000\002\002\002\000@\203\004@W\000\002\001"
  39      02020040 
  39      83044057 
  39      000201
  40 000f 020301   		.ascii	"\002\003\001"
  41              		.global	USBD_LangIDDesc
  42              		.section	.data.USBD_LangIDDesc,"aw"
  43              		.align	2
  46              	USBD_LangIDDesc:
  47 0000 04030904 		.ascii	"\004\003\011\004"
  48              		.global	USBD_StrDesc
  49              		.section	.bss.USBD_StrDesc,"aw",%nobits
  50              		.align	2
  53              	USBD_StrDesc:
  54 0000 00000000 		.space	512
  54      00000000 
  54      00000000 
  54      00000000 
  54      00000000 
  55              		.global	USBD_StringSerial
  56              		.section	.data.USBD_StringSerial,"aw"
  57              		.align	2
  60              	USBD_StringSerial:
ARM GAS  /tmp/cc2xzun7.s 			page 2


  61 0000 1A0300   		.ascii	"\032\003\000"
  62 0003 00000000 		.space	23
  62      00000000 
  62      00000000 
  62      00000000 
  62      00000000 
  63              		.section	.text.USBD_FS_DeviceDescriptor,"ax",%progbits
  64              		.align	1
  65              		.global	USBD_FS_DeviceDescriptor
  66              		.syntax unified
  67              		.thumb
  68              		.thumb_func
  70              	USBD_FS_DeviceDescriptor:
  71              	.LFB220:
   1:USB_DEVICE/App/usbd_desc.c **** /* USER CODE BEGIN Header */
   2:USB_DEVICE/App/usbd_desc.c **** /**
   3:USB_DEVICE/App/usbd_desc.c ****   ******************************************************************************
   4:USB_DEVICE/App/usbd_desc.c ****   * @file           : App/usbd_desc.c
   5:USB_DEVICE/App/usbd_desc.c ****   * @version        : v1.0_Cube
   6:USB_DEVICE/App/usbd_desc.c ****   * @brief          : This file implements the USB device descriptors.
   7:USB_DEVICE/App/usbd_desc.c ****   ******************************************************************************
   8:USB_DEVICE/App/usbd_desc.c ****   * @attention
   9:USB_DEVICE/App/usbd_desc.c ****   *
  10:USB_DEVICE/App/usbd_desc.c ****   * Copyright (c) 2022 STMicroelectronics.
  11:USB_DEVICE/App/usbd_desc.c ****   * All rights reserved.
  12:USB_DEVICE/App/usbd_desc.c ****   *
  13:USB_DEVICE/App/usbd_desc.c ****   * This software is licensed under terms that can be found in the LICENSE file
  14:USB_DEVICE/App/usbd_desc.c ****   * in the root directory of this software component.
  15:USB_DEVICE/App/usbd_desc.c ****   * If no LICENSE file comes with this software, it is provided AS-IS.
  16:USB_DEVICE/App/usbd_desc.c ****   *
  17:USB_DEVICE/App/usbd_desc.c ****   ******************************************************************************
  18:USB_DEVICE/App/usbd_desc.c ****   */
  19:USB_DEVICE/App/usbd_desc.c **** /* USER CODE END Header */
  20:USB_DEVICE/App/usbd_desc.c **** 
  21:USB_DEVICE/App/usbd_desc.c **** /* Includes ------------------------------------------------------------------*/
  22:USB_DEVICE/App/usbd_desc.c **** #include "usbd_core.h"
  23:USB_DEVICE/App/usbd_desc.c **** #include "usbd_desc.h"
  24:USB_DEVICE/App/usbd_desc.c **** #include "usbd_conf.h"
  25:USB_DEVICE/App/usbd_desc.c **** 
  26:USB_DEVICE/App/usbd_desc.c **** /* USER CODE BEGIN INCLUDE */
  27:USB_DEVICE/App/usbd_desc.c **** 
  28:USB_DEVICE/App/usbd_desc.c **** /* USER CODE END INCLUDE */
  29:USB_DEVICE/App/usbd_desc.c **** 
  30:USB_DEVICE/App/usbd_desc.c **** /* Private typedef -----------------------------------------------------------*/
  31:USB_DEVICE/App/usbd_desc.c **** /* Private define ------------------------------------------------------------*/
  32:USB_DEVICE/App/usbd_desc.c **** /* Private macro -------------------------------------------------------------*/
  33:USB_DEVICE/App/usbd_desc.c **** 
  34:USB_DEVICE/App/usbd_desc.c **** /* USER CODE BEGIN PV */
  35:USB_DEVICE/App/usbd_desc.c **** /* Private variables ---------------------------------------------------------*/
  36:USB_DEVICE/App/usbd_desc.c **** 
  37:USB_DEVICE/App/usbd_desc.c **** /* USER CODE END PV */
  38:USB_DEVICE/App/usbd_desc.c **** 
  39:USB_DEVICE/App/usbd_desc.c **** /** @addtogroup STM32_USB_OTG_DEVICE_LIBRARY
  40:USB_DEVICE/App/usbd_desc.c ****   * @{
  41:USB_DEVICE/App/usbd_desc.c ****   */
  42:USB_DEVICE/App/usbd_desc.c **** 
  43:USB_DEVICE/App/usbd_desc.c **** /** @addtogroup USBD_DESC
ARM GAS  /tmp/cc2xzun7.s 			page 3


  44:USB_DEVICE/App/usbd_desc.c ****   * @{
  45:USB_DEVICE/App/usbd_desc.c ****   */
  46:USB_DEVICE/App/usbd_desc.c **** 
  47:USB_DEVICE/App/usbd_desc.c **** /** @defgroup USBD_DESC_Private_TypesDefinitions USBD_DESC_Private_TypesDefinitions
  48:USB_DEVICE/App/usbd_desc.c ****   * @brief Private types.
  49:USB_DEVICE/App/usbd_desc.c ****   * @{
  50:USB_DEVICE/App/usbd_desc.c ****   */
  51:USB_DEVICE/App/usbd_desc.c **** 
  52:USB_DEVICE/App/usbd_desc.c **** /* USER CODE BEGIN PRIVATE_TYPES */
  53:USB_DEVICE/App/usbd_desc.c **** 
  54:USB_DEVICE/App/usbd_desc.c **** /* USER CODE END PRIVATE_TYPES */
  55:USB_DEVICE/App/usbd_desc.c **** 
  56:USB_DEVICE/App/usbd_desc.c **** /**
  57:USB_DEVICE/App/usbd_desc.c ****   * @}
  58:USB_DEVICE/App/usbd_desc.c ****   */
  59:USB_DEVICE/App/usbd_desc.c **** 
  60:USB_DEVICE/App/usbd_desc.c **** /** @defgroup USBD_DESC_Private_Defines USBD_DESC_Private_Defines
  61:USB_DEVICE/App/usbd_desc.c ****   * @brief Private defines.
  62:USB_DEVICE/App/usbd_desc.c ****   * @{
  63:USB_DEVICE/App/usbd_desc.c ****   */
  64:USB_DEVICE/App/usbd_desc.c **** 
  65:USB_DEVICE/App/usbd_desc.c **** #define USBD_VID     1155
  66:USB_DEVICE/App/usbd_desc.c **** #define USBD_LANGID_STRING     1033
  67:USB_DEVICE/App/usbd_desc.c **** #define USBD_MANUFACTURER_STRING     "STMicroelectronics"
  68:USB_DEVICE/App/usbd_desc.c **** #define USBD_PID_FS     22336
  69:USB_DEVICE/App/usbd_desc.c **** #define USBD_PRODUCT_STRING_FS     "STM32 Virtual ComPort"
  70:USB_DEVICE/App/usbd_desc.c **** #define USBD_CONFIGURATION_STRING_FS     "CDC Config"
  71:USB_DEVICE/App/usbd_desc.c **** #define USBD_INTERFACE_STRING_FS     "CDC Interface"
  72:USB_DEVICE/App/usbd_desc.c **** 
  73:USB_DEVICE/App/usbd_desc.c **** #define USB_SIZ_BOS_DESC            0x0C
  74:USB_DEVICE/App/usbd_desc.c **** 
  75:USB_DEVICE/App/usbd_desc.c **** /* USER CODE BEGIN PRIVATE_DEFINES */
  76:USB_DEVICE/App/usbd_desc.c **** 
  77:USB_DEVICE/App/usbd_desc.c **** /* USER CODE END PRIVATE_DEFINES */
  78:USB_DEVICE/App/usbd_desc.c **** 
  79:USB_DEVICE/App/usbd_desc.c **** /**
  80:USB_DEVICE/App/usbd_desc.c ****   * @}
  81:USB_DEVICE/App/usbd_desc.c ****   */
  82:USB_DEVICE/App/usbd_desc.c **** 
  83:USB_DEVICE/App/usbd_desc.c **** /* USER CODE BEGIN 0 */
  84:USB_DEVICE/App/usbd_desc.c **** 
  85:USB_DEVICE/App/usbd_desc.c **** /* USER CODE END 0 */
  86:USB_DEVICE/App/usbd_desc.c **** 
  87:USB_DEVICE/App/usbd_desc.c **** /** @defgroup USBD_DESC_Private_Macros USBD_DESC_Private_Macros
  88:USB_DEVICE/App/usbd_desc.c ****   * @brief Private macros.
  89:USB_DEVICE/App/usbd_desc.c ****   * @{
  90:USB_DEVICE/App/usbd_desc.c ****   */
  91:USB_DEVICE/App/usbd_desc.c **** 
  92:USB_DEVICE/App/usbd_desc.c **** /* USER CODE BEGIN PRIVATE_MACRO */
  93:USB_DEVICE/App/usbd_desc.c **** 
  94:USB_DEVICE/App/usbd_desc.c **** /* USER CODE END PRIVATE_MACRO */
  95:USB_DEVICE/App/usbd_desc.c **** 
  96:USB_DEVICE/App/usbd_desc.c **** /**
  97:USB_DEVICE/App/usbd_desc.c ****   * @}
  98:USB_DEVICE/App/usbd_desc.c ****   */
  99:USB_DEVICE/App/usbd_desc.c **** 
 100:USB_DEVICE/App/usbd_desc.c **** /** @defgroup USBD_DESC_Private_FunctionPrototypes USBD_DESC_Private_FunctionPrototypes
ARM GAS  /tmp/cc2xzun7.s 			page 4


 101:USB_DEVICE/App/usbd_desc.c ****   * @brief Private functions declaration.
 102:USB_DEVICE/App/usbd_desc.c ****   * @{
 103:USB_DEVICE/App/usbd_desc.c ****   */
 104:USB_DEVICE/App/usbd_desc.c **** 
 105:USB_DEVICE/App/usbd_desc.c **** static void Get_SerialNum(void);
 106:USB_DEVICE/App/usbd_desc.c **** static void IntToUnicode(uint32_t value, uint8_t * pbuf, uint8_t len);
 107:USB_DEVICE/App/usbd_desc.c **** 
 108:USB_DEVICE/App/usbd_desc.c **** /**
 109:USB_DEVICE/App/usbd_desc.c ****   * @}
 110:USB_DEVICE/App/usbd_desc.c ****   */
 111:USB_DEVICE/App/usbd_desc.c **** 
 112:USB_DEVICE/App/usbd_desc.c **** /** @defgroup USBD_DESC_Private_FunctionPrototypes USBD_DESC_Private_FunctionPrototypes
 113:USB_DEVICE/App/usbd_desc.c ****   * @brief Private functions declaration for FS.
 114:USB_DEVICE/App/usbd_desc.c ****   * @{
 115:USB_DEVICE/App/usbd_desc.c ****   */
 116:USB_DEVICE/App/usbd_desc.c **** 
 117:USB_DEVICE/App/usbd_desc.c **** uint8_t * USBD_FS_DeviceDescriptor(USBD_SpeedTypeDef speed, uint16_t *length);
 118:USB_DEVICE/App/usbd_desc.c **** uint8_t * USBD_FS_LangIDStrDescriptor(USBD_SpeedTypeDef speed, uint16_t *length);
 119:USB_DEVICE/App/usbd_desc.c **** uint8_t * USBD_FS_ManufacturerStrDescriptor(USBD_SpeedTypeDef speed, uint16_t *length);
 120:USB_DEVICE/App/usbd_desc.c **** uint8_t * USBD_FS_ProductStrDescriptor(USBD_SpeedTypeDef speed, uint16_t *length);
 121:USB_DEVICE/App/usbd_desc.c **** uint8_t * USBD_FS_SerialStrDescriptor(USBD_SpeedTypeDef speed, uint16_t *length);
 122:USB_DEVICE/App/usbd_desc.c **** uint8_t * USBD_FS_ConfigStrDescriptor(USBD_SpeedTypeDef speed, uint16_t *length);
 123:USB_DEVICE/App/usbd_desc.c **** uint8_t * USBD_FS_InterfaceStrDescriptor(USBD_SpeedTypeDef speed, uint16_t *length);
 124:USB_DEVICE/App/usbd_desc.c **** #if (USBD_LPM_ENABLED == 1)
 125:USB_DEVICE/App/usbd_desc.c **** uint8_t * USBD_FS_USR_BOSDescriptor(USBD_SpeedTypeDef speed, uint16_t *length);
 126:USB_DEVICE/App/usbd_desc.c **** #endif /* (USBD_LPM_ENABLED == 1) */
 127:USB_DEVICE/App/usbd_desc.c **** 
 128:USB_DEVICE/App/usbd_desc.c **** /**
 129:USB_DEVICE/App/usbd_desc.c ****   * @}
 130:USB_DEVICE/App/usbd_desc.c ****   */
 131:USB_DEVICE/App/usbd_desc.c **** 
 132:USB_DEVICE/App/usbd_desc.c **** /** @defgroup USBD_DESC_Private_Variables USBD_DESC_Private_Variables
 133:USB_DEVICE/App/usbd_desc.c ****   * @brief Private variables.
 134:USB_DEVICE/App/usbd_desc.c ****   * @{
 135:USB_DEVICE/App/usbd_desc.c ****   */
 136:USB_DEVICE/App/usbd_desc.c **** 
 137:USB_DEVICE/App/usbd_desc.c **** USBD_DescriptorsTypeDef FS_Desc =
 138:USB_DEVICE/App/usbd_desc.c **** {
 139:USB_DEVICE/App/usbd_desc.c ****   USBD_FS_DeviceDescriptor
 140:USB_DEVICE/App/usbd_desc.c **** , USBD_FS_LangIDStrDescriptor
 141:USB_DEVICE/App/usbd_desc.c **** , USBD_FS_ManufacturerStrDescriptor
 142:USB_DEVICE/App/usbd_desc.c **** , USBD_FS_ProductStrDescriptor
 143:USB_DEVICE/App/usbd_desc.c **** , USBD_FS_SerialStrDescriptor
 144:USB_DEVICE/App/usbd_desc.c **** , USBD_FS_ConfigStrDescriptor
 145:USB_DEVICE/App/usbd_desc.c **** , USBD_FS_InterfaceStrDescriptor
 146:USB_DEVICE/App/usbd_desc.c **** #if (USBD_LPM_ENABLED == 1)
 147:USB_DEVICE/App/usbd_desc.c **** , USBD_FS_USR_BOSDescriptor
 148:USB_DEVICE/App/usbd_desc.c **** #endif /* (USBD_LPM_ENABLED == 1) */
 149:USB_DEVICE/App/usbd_desc.c **** };
 150:USB_DEVICE/App/usbd_desc.c **** 
 151:USB_DEVICE/App/usbd_desc.c **** #if defined ( __ICCARM__ ) /* IAR Compiler */
 152:USB_DEVICE/App/usbd_desc.c ****   #pragma data_alignment=4
 153:USB_DEVICE/App/usbd_desc.c **** #endif /* defined ( __ICCARM__ ) */
 154:USB_DEVICE/App/usbd_desc.c **** /** USB standard device descriptor. */
 155:USB_DEVICE/App/usbd_desc.c **** __ALIGN_BEGIN uint8_t USBD_FS_DeviceDesc[USB_LEN_DEV_DESC] __ALIGN_END =
 156:USB_DEVICE/App/usbd_desc.c **** {
 157:USB_DEVICE/App/usbd_desc.c ****   0x12,                       /*bLength */
ARM GAS  /tmp/cc2xzun7.s 			page 5


 158:USB_DEVICE/App/usbd_desc.c ****   USB_DESC_TYPE_DEVICE,       /*bDescriptorType*/
 159:USB_DEVICE/App/usbd_desc.c **** #if (USBD_LPM_ENABLED == 1)
 160:USB_DEVICE/App/usbd_desc.c ****   0x01,                       /*bcdUSB */ /* changed to USB version 2.01
 161:USB_DEVICE/App/usbd_desc.c ****                                              in order to support LPM L1 suspend
 162:USB_DEVICE/App/usbd_desc.c ****                                              resume test of USBCV3.0*/
 163:USB_DEVICE/App/usbd_desc.c **** #else
 164:USB_DEVICE/App/usbd_desc.c ****   0x00,                       /*bcdUSB */
 165:USB_DEVICE/App/usbd_desc.c **** #endif /* (USBD_LPM_ENABLED == 1) */
 166:USB_DEVICE/App/usbd_desc.c ****   0x02,
 167:USB_DEVICE/App/usbd_desc.c ****   0x02,                       /*bDeviceClass*/
 168:USB_DEVICE/App/usbd_desc.c ****   0x02,                       /*bDeviceSubClass*/
 169:USB_DEVICE/App/usbd_desc.c ****   0x00,                       /*bDeviceProtocol*/
 170:USB_DEVICE/App/usbd_desc.c ****   USB_MAX_EP0_SIZE,           /*bMaxPacketSize*/
 171:USB_DEVICE/App/usbd_desc.c ****   LOBYTE(USBD_VID),           /*idVendor*/
 172:USB_DEVICE/App/usbd_desc.c ****   HIBYTE(USBD_VID),           /*idVendor*/
 173:USB_DEVICE/App/usbd_desc.c ****   LOBYTE(USBD_PID_FS),        /*idProduct*/
 174:USB_DEVICE/App/usbd_desc.c ****   HIBYTE(USBD_PID_FS),        /*idProduct*/
 175:USB_DEVICE/App/usbd_desc.c ****   0x00,                       /*bcdDevice rel. 2.00*/
 176:USB_DEVICE/App/usbd_desc.c ****   0x02,
 177:USB_DEVICE/App/usbd_desc.c ****   USBD_IDX_MFC_STR,           /*Index of manufacturer  string*/
 178:USB_DEVICE/App/usbd_desc.c ****   USBD_IDX_PRODUCT_STR,       /*Index of product string*/
 179:USB_DEVICE/App/usbd_desc.c ****   USBD_IDX_SERIAL_STR,        /*Index of serial number string*/
 180:USB_DEVICE/App/usbd_desc.c ****   USBD_MAX_NUM_CONFIGURATION  /*bNumConfigurations*/
 181:USB_DEVICE/App/usbd_desc.c **** };
 182:USB_DEVICE/App/usbd_desc.c **** 
 183:USB_DEVICE/App/usbd_desc.c **** /* USB_DeviceDescriptor */
 184:USB_DEVICE/App/usbd_desc.c **** /** BOS descriptor. */
 185:USB_DEVICE/App/usbd_desc.c **** #if (USBD_LPM_ENABLED == 1)
 186:USB_DEVICE/App/usbd_desc.c **** #if defined ( __ICCARM__ ) /* IAR Compiler */
 187:USB_DEVICE/App/usbd_desc.c ****   #pragma data_alignment=4
 188:USB_DEVICE/App/usbd_desc.c **** #endif /* defined ( __ICCARM__ ) */
 189:USB_DEVICE/App/usbd_desc.c **** __ALIGN_BEGIN uint8_t USBD_FS_BOSDesc[USB_SIZ_BOS_DESC] __ALIGN_END =
 190:USB_DEVICE/App/usbd_desc.c **** {
 191:USB_DEVICE/App/usbd_desc.c ****   0x5,
 192:USB_DEVICE/App/usbd_desc.c ****   USB_DESC_TYPE_BOS,
 193:USB_DEVICE/App/usbd_desc.c ****   0xC,
 194:USB_DEVICE/App/usbd_desc.c ****   0x0,
 195:USB_DEVICE/App/usbd_desc.c ****   0x1,  /* 1 device capability*/
 196:USB_DEVICE/App/usbd_desc.c ****         /* device capability*/
 197:USB_DEVICE/App/usbd_desc.c ****   0x7,
 198:USB_DEVICE/App/usbd_desc.c ****   USB_DEVICE_CAPABITY_TYPE,
 199:USB_DEVICE/App/usbd_desc.c ****   0x2,
 200:USB_DEVICE/App/usbd_desc.c ****   0x2,  /* LPM capability bit set*/
 201:USB_DEVICE/App/usbd_desc.c ****   0x0,
 202:USB_DEVICE/App/usbd_desc.c ****   0x0,
 203:USB_DEVICE/App/usbd_desc.c ****   0x0
 204:USB_DEVICE/App/usbd_desc.c **** };
 205:USB_DEVICE/App/usbd_desc.c **** #endif /* (USBD_LPM_ENABLED == 1) */
 206:USB_DEVICE/App/usbd_desc.c **** 
 207:USB_DEVICE/App/usbd_desc.c **** /**
 208:USB_DEVICE/App/usbd_desc.c ****   * @}
 209:USB_DEVICE/App/usbd_desc.c ****   */
 210:USB_DEVICE/App/usbd_desc.c **** 
 211:USB_DEVICE/App/usbd_desc.c **** /** @defgroup USBD_DESC_Private_Variables USBD_DESC_Private_Variables
 212:USB_DEVICE/App/usbd_desc.c ****   * @brief Private variables.
 213:USB_DEVICE/App/usbd_desc.c ****   * @{
 214:USB_DEVICE/App/usbd_desc.c ****   */
ARM GAS  /tmp/cc2xzun7.s 			page 6


 215:USB_DEVICE/App/usbd_desc.c **** 
 216:USB_DEVICE/App/usbd_desc.c **** #if defined ( __ICCARM__ ) /* IAR Compiler */
 217:USB_DEVICE/App/usbd_desc.c ****   #pragma data_alignment=4
 218:USB_DEVICE/App/usbd_desc.c **** #endif /* defined ( __ICCARM__ ) */
 219:USB_DEVICE/App/usbd_desc.c **** 
 220:USB_DEVICE/App/usbd_desc.c **** /** USB lang identifier descriptor. */
 221:USB_DEVICE/App/usbd_desc.c **** __ALIGN_BEGIN uint8_t USBD_LangIDDesc[USB_LEN_LANGID_STR_DESC] __ALIGN_END =
 222:USB_DEVICE/App/usbd_desc.c **** {
 223:USB_DEVICE/App/usbd_desc.c ****      USB_LEN_LANGID_STR_DESC,
 224:USB_DEVICE/App/usbd_desc.c ****      USB_DESC_TYPE_STRING,
 225:USB_DEVICE/App/usbd_desc.c ****      LOBYTE(USBD_LANGID_STRING),
 226:USB_DEVICE/App/usbd_desc.c ****      HIBYTE(USBD_LANGID_STRING)
 227:USB_DEVICE/App/usbd_desc.c **** };
 228:USB_DEVICE/App/usbd_desc.c **** 
 229:USB_DEVICE/App/usbd_desc.c **** #if defined ( __ICCARM__ ) /* IAR Compiler */
 230:USB_DEVICE/App/usbd_desc.c ****   #pragma data_alignment=4
 231:USB_DEVICE/App/usbd_desc.c **** #endif /* defined ( __ICCARM__ ) */
 232:USB_DEVICE/App/usbd_desc.c **** /* Internal string descriptor. */
 233:USB_DEVICE/App/usbd_desc.c **** __ALIGN_BEGIN uint8_t USBD_StrDesc[USBD_MAX_STR_DESC_SIZ] __ALIGN_END;
 234:USB_DEVICE/App/usbd_desc.c **** 
 235:USB_DEVICE/App/usbd_desc.c **** #if defined ( __ICCARM__ ) /*!< IAR Compiler */
 236:USB_DEVICE/App/usbd_desc.c ****   #pragma data_alignment=4
 237:USB_DEVICE/App/usbd_desc.c **** #endif
 238:USB_DEVICE/App/usbd_desc.c **** __ALIGN_BEGIN uint8_t USBD_StringSerial[USB_SIZ_STRING_SERIAL] __ALIGN_END = {
 239:USB_DEVICE/App/usbd_desc.c ****   USB_SIZ_STRING_SERIAL,
 240:USB_DEVICE/App/usbd_desc.c ****   USB_DESC_TYPE_STRING,
 241:USB_DEVICE/App/usbd_desc.c **** };
 242:USB_DEVICE/App/usbd_desc.c **** 
 243:USB_DEVICE/App/usbd_desc.c **** /**
 244:USB_DEVICE/App/usbd_desc.c ****   * @}
 245:USB_DEVICE/App/usbd_desc.c ****   */
 246:USB_DEVICE/App/usbd_desc.c **** 
 247:USB_DEVICE/App/usbd_desc.c **** /** @defgroup USBD_DESC_Private_Functions USBD_DESC_Private_Functions
 248:USB_DEVICE/App/usbd_desc.c ****   * @brief Private functions.
 249:USB_DEVICE/App/usbd_desc.c ****   * @{
 250:USB_DEVICE/App/usbd_desc.c ****   */
 251:USB_DEVICE/App/usbd_desc.c **** 
 252:USB_DEVICE/App/usbd_desc.c **** /**
 253:USB_DEVICE/App/usbd_desc.c ****   * @brief  Return the device descriptor
 254:USB_DEVICE/App/usbd_desc.c ****   * @param  speed : Current device speed
 255:USB_DEVICE/App/usbd_desc.c ****   * @param  length : Pointer to data length variable
 256:USB_DEVICE/App/usbd_desc.c ****   * @retval Pointer to descriptor buffer
 257:USB_DEVICE/App/usbd_desc.c ****   */
 258:USB_DEVICE/App/usbd_desc.c **** uint8_t * USBD_FS_DeviceDescriptor(USBD_SpeedTypeDef speed, uint16_t *length)
 259:USB_DEVICE/App/usbd_desc.c **** {
  72              		.loc 1 259 1
  73              		.cfi_startproc
  74              		@ args = 0, pretend = 0, frame = 8
  75              		@ frame_needed = 1, uses_anonymous_args = 0
  76              		@ link register save eliminated.
  77 0000 80B4     		push	{r7}
  78              	.LCFI0:
  79              		.cfi_def_cfa_offset 4
  80              		.cfi_offset 7, -4
  81 0002 83B0     		sub	sp, sp, #12
  82              	.LCFI1:
  83              		.cfi_def_cfa_offset 16
ARM GAS  /tmp/cc2xzun7.s 			page 7


  84 0004 00AF     		add	r7, sp, #0
  85              	.LCFI2:
  86              		.cfi_def_cfa_register 7
  87 0006 0346     		mov	r3, r0
  88 0008 3960     		str	r1, [r7]
  89 000a FB71     		strb	r3, [r7, #7]
 260:USB_DEVICE/App/usbd_desc.c ****   UNUSED(speed);
 261:USB_DEVICE/App/usbd_desc.c ****   *length = sizeof(USBD_FS_DeviceDesc);
  90              		.loc 1 261 11
  91 000c 3B68     		ldr	r3, [r7]
  92 000e 1222     		movs	r2, #18
  93 0010 1A80     		strh	r2, [r3]	@ movhi
 262:USB_DEVICE/App/usbd_desc.c ****   return USBD_FS_DeviceDesc;
  94              		.loc 1 262 10
  95 0012 034B     		ldr	r3, .L3
 263:USB_DEVICE/App/usbd_desc.c **** }
  96              		.loc 1 263 1
  97 0014 1846     		mov	r0, r3
  98 0016 0C37     		adds	r7, r7, #12
  99              	.LCFI3:
 100              		.cfi_def_cfa_offset 4
 101 0018 BD46     		mov	sp, r7
 102              	.LCFI4:
 103              		.cfi_def_cfa_register 13
 104              		@ sp needed
 105 001a 5DF8047B 		ldr	r7, [sp], #4
 106              	.LCFI5:
 107              		.cfi_restore 7
 108              		.cfi_def_cfa_offset 0
 109 001e 7047     		bx	lr
 110              	.L4:
 111              		.align	2
 112              	.L3:
 113 0020 00000000 		.word	USBD_FS_DeviceDesc
 114              		.cfi_endproc
 115              	.LFE220:
 117              		.section	.text.USBD_FS_LangIDStrDescriptor,"ax",%progbits
 118              		.align	1
 119              		.global	USBD_FS_LangIDStrDescriptor
 120              		.syntax unified
 121              		.thumb
 122              		.thumb_func
 124              	USBD_FS_LangIDStrDescriptor:
 125              	.LFB221:
 264:USB_DEVICE/App/usbd_desc.c **** 
 265:USB_DEVICE/App/usbd_desc.c **** /**
 266:USB_DEVICE/App/usbd_desc.c ****   * @brief  Return the LangID string descriptor
 267:USB_DEVICE/App/usbd_desc.c ****   * @param  speed : Current device speed
 268:USB_DEVICE/App/usbd_desc.c ****   * @param  length : Pointer to data length variable
 269:USB_DEVICE/App/usbd_desc.c ****   * @retval Pointer to descriptor buffer
 270:USB_DEVICE/App/usbd_desc.c ****   */
 271:USB_DEVICE/App/usbd_desc.c **** uint8_t * USBD_FS_LangIDStrDescriptor(USBD_SpeedTypeDef speed, uint16_t *length)
 272:USB_DEVICE/App/usbd_desc.c **** {
 126              		.loc 1 272 1
 127              		.cfi_startproc
 128              		@ args = 0, pretend = 0, frame = 8
 129              		@ frame_needed = 1, uses_anonymous_args = 0
ARM GAS  /tmp/cc2xzun7.s 			page 8


 130              		@ link register save eliminated.
 131 0000 80B4     		push	{r7}
 132              	.LCFI6:
 133              		.cfi_def_cfa_offset 4
 134              		.cfi_offset 7, -4
 135 0002 83B0     		sub	sp, sp, #12
 136              	.LCFI7:
 137              		.cfi_def_cfa_offset 16
 138 0004 00AF     		add	r7, sp, #0
 139              	.LCFI8:
 140              		.cfi_def_cfa_register 7
 141 0006 0346     		mov	r3, r0
 142 0008 3960     		str	r1, [r7]
 143 000a FB71     		strb	r3, [r7, #7]
 273:USB_DEVICE/App/usbd_desc.c ****   UNUSED(speed);
 274:USB_DEVICE/App/usbd_desc.c ****   *length = sizeof(USBD_LangIDDesc);
 144              		.loc 1 274 11
 145 000c 3B68     		ldr	r3, [r7]
 146 000e 0422     		movs	r2, #4
 147 0010 1A80     		strh	r2, [r3]	@ movhi
 275:USB_DEVICE/App/usbd_desc.c ****   return USBD_LangIDDesc;
 148              		.loc 1 275 10
 149 0012 034B     		ldr	r3, .L7
 276:USB_DEVICE/App/usbd_desc.c **** }
 150              		.loc 1 276 1
 151 0014 1846     		mov	r0, r3
 152 0016 0C37     		adds	r7, r7, #12
 153              	.LCFI9:
 154              		.cfi_def_cfa_offset 4
 155 0018 BD46     		mov	sp, r7
 156              	.LCFI10:
 157              		.cfi_def_cfa_register 13
 158              		@ sp needed
 159 001a 5DF8047B 		ldr	r7, [sp], #4
 160              	.LCFI11:
 161              		.cfi_restore 7
 162              		.cfi_def_cfa_offset 0
 163 001e 7047     		bx	lr
 164              	.L8:
 165              		.align	2
 166              	.L7:
 167 0020 00000000 		.word	USBD_LangIDDesc
 168              		.cfi_endproc
 169              	.LFE221:
 171              		.section	.rodata
 172              		.align	2
 173              	.LC0:
 174 0000 53544D33 		.ascii	"STM32 Virtual ComPort\000"
 174      32205669 
 174      72747561 
 174      6C20436F 
 174      6D506F72 
 175              		.section	.text.USBD_FS_ProductStrDescriptor,"ax",%progbits
 176              		.align	1
 177              		.global	USBD_FS_ProductStrDescriptor
 178              		.syntax unified
 179              		.thumb
ARM GAS  /tmp/cc2xzun7.s 			page 9


 180              		.thumb_func
 182              	USBD_FS_ProductStrDescriptor:
 183              	.LFB222:
 277:USB_DEVICE/App/usbd_desc.c **** 
 278:USB_DEVICE/App/usbd_desc.c **** /**
 279:USB_DEVICE/App/usbd_desc.c ****   * @brief  Return the product string descriptor
 280:USB_DEVICE/App/usbd_desc.c ****   * @param  speed : Current device speed
 281:USB_DEVICE/App/usbd_desc.c ****   * @param  length : Pointer to data length variable
 282:USB_DEVICE/App/usbd_desc.c ****   * @retval Pointer to descriptor buffer
 283:USB_DEVICE/App/usbd_desc.c ****   */
 284:USB_DEVICE/App/usbd_desc.c **** uint8_t * USBD_FS_ProductStrDescriptor(USBD_SpeedTypeDef speed, uint16_t *length)
 285:USB_DEVICE/App/usbd_desc.c **** {
 184              		.loc 1 285 1
 185              		.cfi_startproc
 186              		@ args = 0, pretend = 0, frame = 8
 187              		@ frame_needed = 1, uses_anonymous_args = 0
 188 0000 80B5     		push	{r7, lr}
 189              	.LCFI12:
 190              		.cfi_def_cfa_offset 8
 191              		.cfi_offset 7, -8
 192              		.cfi_offset 14, -4
 193 0002 82B0     		sub	sp, sp, #8
 194              	.LCFI13:
 195              		.cfi_def_cfa_offset 16
 196 0004 00AF     		add	r7, sp, #0
 197              	.LCFI14:
 198              		.cfi_def_cfa_register 7
 199 0006 0346     		mov	r3, r0
 200 0008 3960     		str	r1, [r7]
 201 000a FB71     		strb	r3, [r7, #7]
 286:USB_DEVICE/App/usbd_desc.c ****   if(speed == 0)
 202              		.loc 1 286 5
 203 000c FB79     		ldrb	r3, [r7, #7]	@ zero_extendqisi2
 204 000e 002B     		cmp	r3, #0
 205 0010 05D1     		bne	.L10
 287:USB_DEVICE/App/usbd_desc.c ****   {
 288:USB_DEVICE/App/usbd_desc.c ****     USBD_GetString((uint8_t *)USBD_PRODUCT_STRING_FS, USBD_StrDesc, length);
 206              		.loc 1 288 5
 207 0012 3A68     		ldr	r2, [r7]
 208 0014 0749     		ldr	r1, .L13
 209 0016 0848     		ldr	r0, .L13+4
 210 0018 FFF7FEFF 		bl	USBD_GetString
 211 001c 04E0     		b	.L11
 212              	.L10:
 289:USB_DEVICE/App/usbd_desc.c ****   }
 290:USB_DEVICE/App/usbd_desc.c ****   else
 291:USB_DEVICE/App/usbd_desc.c ****   {
 292:USB_DEVICE/App/usbd_desc.c ****     USBD_GetString((uint8_t *)USBD_PRODUCT_STRING_FS, USBD_StrDesc, length);
 213              		.loc 1 292 5
 214 001e 3A68     		ldr	r2, [r7]
 215 0020 0449     		ldr	r1, .L13
 216 0022 0548     		ldr	r0, .L13+4
 217 0024 FFF7FEFF 		bl	USBD_GetString
 218              	.L11:
 293:USB_DEVICE/App/usbd_desc.c ****   }
 294:USB_DEVICE/App/usbd_desc.c ****   return USBD_StrDesc;
 219              		.loc 1 294 10
ARM GAS  /tmp/cc2xzun7.s 			page 10


 220 0028 024B     		ldr	r3, .L13
 295:USB_DEVICE/App/usbd_desc.c **** }
 221              		.loc 1 295 1
 222 002a 1846     		mov	r0, r3
 223 002c 0837     		adds	r7, r7, #8
 224              	.LCFI15:
 225              		.cfi_def_cfa_offset 8
 226 002e BD46     		mov	sp, r7
 227              	.LCFI16:
 228              		.cfi_def_cfa_register 13
 229              		@ sp needed
 230 0030 80BD     		pop	{r7, pc}
 231              	.L14:
 232 0032 00BF     		.align	2
 233              	.L13:
 234 0034 00000000 		.word	USBD_StrDesc
 235 0038 00000000 		.word	.LC0
 236              		.cfi_endproc
 237              	.LFE222:
 239              		.section	.rodata
 240 0016 0000     		.align	2
 241              	.LC1:
 242 0018 53544D69 		.ascii	"STMicroelectronics\000"
 242      63726F65 
 242      6C656374 
 242      726F6E69 
 242      637300
 243              		.section	.text.USBD_FS_ManufacturerStrDescriptor,"ax",%progbits
 244              		.align	1
 245              		.global	USBD_FS_ManufacturerStrDescriptor
 246              		.syntax unified
 247              		.thumb
 248              		.thumb_func
 250              	USBD_FS_ManufacturerStrDescriptor:
 251              	.LFB223:
 296:USB_DEVICE/App/usbd_desc.c **** 
 297:USB_DEVICE/App/usbd_desc.c **** /**
 298:USB_DEVICE/App/usbd_desc.c ****   * @brief  Return the manufacturer string descriptor
 299:USB_DEVICE/App/usbd_desc.c ****   * @param  speed : Current device speed
 300:USB_DEVICE/App/usbd_desc.c ****   * @param  length : Pointer to data length variable
 301:USB_DEVICE/App/usbd_desc.c ****   * @retval Pointer to descriptor buffer
 302:USB_DEVICE/App/usbd_desc.c ****   */
 303:USB_DEVICE/App/usbd_desc.c **** uint8_t * USBD_FS_ManufacturerStrDescriptor(USBD_SpeedTypeDef speed, uint16_t *length)
 304:USB_DEVICE/App/usbd_desc.c **** {
 252              		.loc 1 304 1
 253              		.cfi_startproc
 254              		@ args = 0, pretend = 0, frame = 8
 255              		@ frame_needed = 1, uses_anonymous_args = 0
 256 0000 80B5     		push	{r7, lr}
 257              	.LCFI17:
 258              		.cfi_def_cfa_offset 8
 259              		.cfi_offset 7, -8
 260              		.cfi_offset 14, -4
 261 0002 82B0     		sub	sp, sp, #8
 262              	.LCFI18:
 263              		.cfi_def_cfa_offset 16
 264 0004 00AF     		add	r7, sp, #0
ARM GAS  /tmp/cc2xzun7.s 			page 11


 265              	.LCFI19:
 266              		.cfi_def_cfa_register 7
 267 0006 0346     		mov	r3, r0
 268 0008 3960     		str	r1, [r7]
 269 000a FB71     		strb	r3, [r7, #7]
 305:USB_DEVICE/App/usbd_desc.c ****   UNUSED(speed);
 306:USB_DEVICE/App/usbd_desc.c ****   USBD_GetString((uint8_t *)USBD_MANUFACTURER_STRING, USBD_StrDesc, length);
 270              		.loc 1 306 3
 271 000c 3A68     		ldr	r2, [r7]
 272 000e 0449     		ldr	r1, .L17
 273 0010 0448     		ldr	r0, .L17+4
 274 0012 FFF7FEFF 		bl	USBD_GetString
 307:USB_DEVICE/App/usbd_desc.c ****   return USBD_StrDesc;
 275              		.loc 1 307 10
 276 0016 024B     		ldr	r3, .L17
 308:USB_DEVICE/App/usbd_desc.c **** }
 277              		.loc 1 308 1
 278 0018 1846     		mov	r0, r3
 279 001a 0837     		adds	r7, r7, #8
 280              	.LCFI20:
 281              		.cfi_def_cfa_offset 8
 282 001c BD46     		mov	sp, r7
 283              	.LCFI21:
 284              		.cfi_def_cfa_register 13
 285              		@ sp needed
 286 001e 80BD     		pop	{r7, pc}
 287              	.L18:
 288              		.align	2
 289              	.L17:
 290 0020 00000000 		.word	USBD_StrDesc
 291 0024 18000000 		.word	.LC1
 292              		.cfi_endproc
 293              	.LFE223:
 295              		.section	.text.USBD_FS_SerialStrDescriptor,"ax",%progbits
 296              		.align	1
 297              		.global	USBD_FS_SerialStrDescriptor
 298              		.syntax unified
 299              		.thumb
 300              		.thumb_func
 302              	USBD_FS_SerialStrDescriptor:
 303              	.LFB224:
 309:USB_DEVICE/App/usbd_desc.c **** 
 310:USB_DEVICE/App/usbd_desc.c **** /**
 311:USB_DEVICE/App/usbd_desc.c ****   * @brief  Return the serial number string descriptor
 312:USB_DEVICE/App/usbd_desc.c ****   * @param  speed : Current device speed
 313:USB_DEVICE/App/usbd_desc.c ****   * @param  length : Pointer to data length variable
 314:USB_DEVICE/App/usbd_desc.c ****   * @retval Pointer to descriptor buffer
 315:USB_DEVICE/App/usbd_desc.c ****   */
 316:USB_DEVICE/App/usbd_desc.c **** uint8_t * USBD_FS_SerialStrDescriptor(USBD_SpeedTypeDef speed, uint16_t *length)
 317:USB_DEVICE/App/usbd_desc.c **** {
 304              		.loc 1 317 1
 305              		.cfi_startproc
 306              		@ args = 0, pretend = 0, frame = 8
 307              		@ frame_needed = 1, uses_anonymous_args = 0
 308 0000 80B5     		push	{r7, lr}
 309              	.LCFI22:
 310              		.cfi_def_cfa_offset 8
ARM GAS  /tmp/cc2xzun7.s 			page 12


 311              		.cfi_offset 7, -8
 312              		.cfi_offset 14, -4
 313 0002 82B0     		sub	sp, sp, #8
 314              	.LCFI23:
 315              		.cfi_def_cfa_offset 16
 316 0004 00AF     		add	r7, sp, #0
 317              	.LCFI24:
 318              		.cfi_def_cfa_register 7
 319 0006 0346     		mov	r3, r0
 320 0008 3960     		str	r1, [r7]
 321 000a FB71     		strb	r3, [r7, #7]
 318:USB_DEVICE/App/usbd_desc.c ****   UNUSED(speed);
 319:USB_DEVICE/App/usbd_desc.c ****   *length = USB_SIZ_STRING_SERIAL;
 322              		.loc 1 319 11
 323 000c 3B68     		ldr	r3, [r7]
 324 000e 1A22     		movs	r2, #26
 325 0010 1A80     		strh	r2, [r3]	@ movhi
 320:USB_DEVICE/App/usbd_desc.c **** 
 321:USB_DEVICE/App/usbd_desc.c ****   /* Update the serial number string descriptor with the data from the unique
 322:USB_DEVICE/App/usbd_desc.c ****    * ID */
 323:USB_DEVICE/App/usbd_desc.c ****   Get_SerialNum();
 326              		.loc 1 323 3
 327 0012 FFF7FEFF 		bl	Get_SerialNum
 324:USB_DEVICE/App/usbd_desc.c ****   /* USER CODE BEGIN USBD_FS_SerialStrDescriptor */
 325:USB_DEVICE/App/usbd_desc.c **** 
 326:USB_DEVICE/App/usbd_desc.c ****   /* USER CODE END USBD_FS_SerialStrDescriptor */
 327:USB_DEVICE/App/usbd_desc.c ****   return (uint8_t *) USBD_StringSerial;
 328              		.loc 1 327 10
 329 0016 024B     		ldr	r3, .L21
 328:USB_DEVICE/App/usbd_desc.c **** }
 330              		.loc 1 328 1
 331 0018 1846     		mov	r0, r3
 332 001a 0837     		adds	r7, r7, #8
 333              	.LCFI25:
 334              		.cfi_def_cfa_offset 8
 335 001c BD46     		mov	sp, r7
 336              	.LCFI26:
 337              		.cfi_def_cfa_register 13
 338              		@ sp needed
 339 001e 80BD     		pop	{r7, pc}
 340              	.L22:
 341              		.align	2
 342              	.L21:
 343 0020 00000000 		.word	USBD_StringSerial
 344              		.cfi_endproc
 345              	.LFE224:
 347              		.section	.rodata
 348 002b 00       		.align	2
 349              	.LC2:
 350 002c 43444320 		.ascii	"CDC Config\000"
 350      436F6E66 
 350      696700
 351              		.section	.text.USBD_FS_ConfigStrDescriptor,"ax",%progbits
 352              		.align	1
 353              		.global	USBD_FS_ConfigStrDescriptor
 354              		.syntax unified
 355              		.thumb
ARM GAS  /tmp/cc2xzun7.s 			page 13


 356              		.thumb_func
 358              	USBD_FS_ConfigStrDescriptor:
 359              	.LFB225:
 329:USB_DEVICE/App/usbd_desc.c **** 
 330:USB_DEVICE/App/usbd_desc.c **** /**
 331:USB_DEVICE/App/usbd_desc.c ****   * @brief  Return the configuration string descriptor
 332:USB_DEVICE/App/usbd_desc.c ****   * @param  speed : Current device speed
 333:USB_DEVICE/App/usbd_desc.c ****   * @param  length : Pointer to data length variable
 334:USB_DEVICE/App/usbd_desc.c ****   * @retval Pointer to descriptor buffer
 335:USB_DEVICE/App/usbd_desc.c ****   */
 336:USB_DEVICE/App/usbd_desc.c **** uint8_t * USBD_FS_ConfigStrDescriptor(USBD_SpeedTypeDef speed, uint16_t *length)
 337:USB_DEVICE/App/usbd_desc.c **** {
 360              		.loc 1 337 1
 361              		.cfi_startproc
 362              		@ args = 0, pretend = 0, frame = 8
 363              		@ frame_needed = 1, uses_anonymous_args = 0
 364 0000 80B5     		push	{r7, lr}
 365              	.LCFI27:
 366              		.cfi_def_cfa_offset 8
 367              		.cfi_offset 7, -8
 368              		.cfi_offset 14, -4
 369 0002 82B0     		sub	sp, sp, #8
 370              	.LCFI28:
 371              		.cfi_def_cfa_offset 16
 372 0004 00AF     		add	r7, sp, #0
 373              	.LCFI29:
 374              		.cfi_def_cfa_register 7
 375 0006 0346     		mov	r3, r0
 376 0008 3960     		str	r1, [r7]
 377 000a FB71     		strb	r3, [r7, #7]
 338:USB_DEVICE/App/usbd_desc.c ****   if(speed == USBD_SPEED_HIGH)
 378              		.loc 1 338 5
 379 000c FB79     		ldrb	r3, [r7, #7]	@ zero_extendqisi2
 380 000e 002B     		cmp	r3, #0
 381 0010 05D1     		bne	.L24
 339:USB_DEVICE/App/usbd_desc.c ****   {
 340:USB_DEVICE/App/usbd_desc.c ****     USBD_GetString((uint8_t *)USBD_CONFIGURATION_STRING_FS, USBD_StrDesc, length);
 382              		.loc 1 340 5
 383 0012 3A68     		ldr	r2, [r7]
 384 0014 0749     		ldr	r1, .L27
 385 0016 0848     		ldr	r0, .L27+4
 386 0018 FFF7FEFF 		bl	USBD_GetString
 387 001c 04E0     		b	.L25
 388              	.L24:
 341:USB_DEVICE/App/usbd_desc.c ****   }
 342:USB_DEVICE/App/usbd_desc.c ****   else
 343:USB_DEVICE/App/usbd_desc.c ****   {
 344:USB_DEVICE/App/usbd_desc.c ****     USBD_GetString((uint8_t *)USBD_CONFIGURATION_STRING_FS, USBD_StrDesc, length);
 389              		.loc 1 344 5
 390 001e 3A68     		ldr	r2, [r7]
 391 0020 0449     		ldr	r1, .L27
 392 0022 0548     		ldr	r0, .L27+4
 393 0024 FFF7FEFF 		bl	USBD_GetString
 394              	.L25:
 345:USB_DEVICE/App/usbd_desc.c ****   }
 346:USB_DEVICE/App/usbd_desc.c ****   return USBD_StrDesc;
 395              		.loc 1 346 10
ARM GAS  /tmp/cc2xzun7.s 			page 14


 396 0028 024B     		ldr	r3, .L27
 347:USB_DEVICE/App/usbd_desc.c **** }
 397              		.loc 1 347 1
 398 002a 1846     		mov	r0, r3
 399 002c 0837     		adds	r7, r7, #8
 400              	.LCFI30:
 401              		.cfi_def_cfa_offset 8
 402 002e BD46     		mov	sp, r7
 403              	.LCFI31:
 404              		.cfi_def_cfa_register 13
 405              		@ sp needed
 406 0030 80BD     		pop	{r7, pc}
 407              	.L28:
 408 0032 00BF     		.align	2
 409              	.L27:
 410 0034 00000000 		.word	USBD_StrDesc
 411 0038 2C000000 		.word	.LC2
 412              		.cfi_endproc
 413              	.LFE225:
 415              		.section	.rodata
 416 0037 00       		.align	2
 417              	.LC3:
 418 0038 43444320 		.ascii	"CDC Interface\000"
 418      496E7465 
 418      72666163 
 418      6500
 419              		.section	.text.USBD_FS_InterfaceStrDescriptor,"ax",%progbits
 420              		.align	1
 421              		.global	USBD_FS_InterfaceStrDescriptor
 422              		.syntax unified
 423              		.thumb
 424              		.thumb_func
 426              	USBD_FS_InterfaceStrDescriptor:
 427              	.LFB226:
 348:USB_DEVICE/App/usbd_desc.c **** 
 349:USB_DEVICE/App/usbd_desc.c **** /**
 350:USB_DEVICE/App/usbd_desc.c ****   * @brief  Return the interface string descriptor
 351:USB_DEVICE/App/usbd_desc.c ****   * @param  speed : Current device speed
 352:USB_DEVICE/App/usbd_desc.c ****   * @param  length : Pointer to data length variable
 353:USB_DEVICE/App/usbd_desc.c ****   * @retval Pointer to descriptor buffer
 354:USB_DEVICE/App/usbd_desc.c ****   */
 355:USB_DEVICE/App/usbd_desc.c **** uint8_t * USBD_FS_InterfaceStrDescriptor(USBD_SpeedTypeDef speed, uint16_t *length)
 356:USB_DEVICE/App/usbd_desc.c **** {
 428              		.loc 1 356 1
 429              		.cfi_startproc
 430              		@ args = 0, pretend = 0, frame = 8
 431              		@ frame_needed = 1, uses_anonymous_args = 0
 432 0000 80B5     		push	{r7, lr}
 433              	.LCFI32:
 434              		.cfi_def_cfa_offset 8
 435              		.cfi_offset 7, -8
 436              		.cfi_offset 14, -4
 437 0002 82B0     		sub	sp, sp, #8
 438              	.LCFI33:
 439              		.cfi_def_cfa_offset 16
 440 0004 00AF     		add	r7, sp, #0
 441              	.LCFI34:
ARM GAS  /tmp/cc2xzun7.s 			page 15


 442              		.cfi_def_cfa_register 7
 443 0006 0346     		mov	r3, r0
 444 0008 3960     		str	r1, [r7]
 445 000a FB71     		strb	r3, [r7, #7]
 357:USB_DEVICE/App/usbd_desc.c ****   if(speed == 0)
 446              		.loc 1 357 5
 447 000c FB79     		ldrb	r3, [r7, #7]	@ zero_extendqisi2
 448 000e 002B     		cmp	r3, #0
 449 0010 05D1     		bne	.L30
 358:USB_DEVICE/App/usbd_desc.c ****   {
 359:USB_DEVICE/App/usbd_desc.c ****     USBD_GetString((uint8_t *)USBD_INTERFACE_STRING_FS, USBD_StrDesc, length);
 450              		.loc 1 359 5
 451 0012 3A68     		ldr	r2, [r7]
 452 0014 0749     		ldr	r1, .L33
 453 0016 0848     		ldr	r0, .L33+4
 454 0018 FFF7FEFF 		bl	USBD_GetString
 455 001c 04E0     		b	.L31
 456              	.L30:
 360:USB_DEVICE/App/usbd_desc.c ****   }
 361:USB_DEVICE/App/usbd_desc.c ****   else
 362:USB_DEVICE/App/usbd_desc.c ****   {
 363:USB_DEVICE/App/usbd_desc.c ****     USBD_GetString((uint8_t *)USBD_INTERFACE_STRING_FS, USBD_StrDesc, length);
 457              		.loc 1 363 5
 458 001e 3A68     		ldr	r2, [r7]
 459 0020 0449     		ldr	r1, .L33
 460 0022 0548     		ldr	r0, .L33+4
 461 0024 FFF7FEFF 		bl	USBD_GetString
 462              	.L31:
 364:USB_DEVICE/App/usbd_desc.c ****   }
 365:USB_DEVICE/App/usbd_desc.c ****   return USBD_StrDesc;
 463              		.loc 1 365 10
 464 0028 024B     		ldr	r3, .L33
 366:USB_DEVICE/App/usbd_desc.c **** }
 465              		.loc 1 366 1
 466 002a 1846     		mov	r0, r3
 467 002c 0837     		adds	r7, r7, #8
 468              	.LCFI35:
 469              		.cfi_def_cfa_offset 8
 470 002e BD46     		mov	sp, r7
 471              	.LCFI36:
 472              		.cfi_def_cfa_register 13
 473              		@ sp needed
 474 0030 80BD     		pop	{r7, pc}
 475              	.L34:
 476 0032 00BF     		.align	2
 477              	.L33:
 478 0034 00000000 		.word	USBD_StrDesc
 479 0038 38000000 		.word	.LC3
 480              		.cfi_endproc
 481              	.LFE226:
 483              		.section	.text.Get_SerialNum,"ax",%progbits
 484              		.align	1
 485              		.syntax unified
 486              		.thumb
 487              		.thumb_func
 489              	Get_SerialNum:
 490              	.LFB227:
ARM GAS  /tmp/cc2xzun7.s 			page 16


 367:USB_DEVICE/App/usbd_desc.c **** 
 368:USB_DEVICE/App/usbd_desc.c **** #if (USBD_LPM_ENABLED == 1)
 369:USB_DEVICE/App/usbd_desc.c **** /**
 370:USB_DEVICE/App/usbd_desc.c ****   * @brief  Return the BOS descriptor
 371:USB_DEVICE/App/usbd_desc.c ****   * @param  speed : Current device speed
 372:USB_DEVICE/App/usbd_desc.c ****   * @param  length : Pointer to data length variable
 373:USB_DEVICE/App/usbd_desc.c ****   * @retval Pointer to descriptor buffer
 374:USB_DEVICE/App/usbd_desc.c ****   */
 375:USB_DEVICE/App/usbd_desc.c **** uint8_t * USBD_FS_USR_BOSDescriptor(USBD_SpeedTypeDef speed, uint16_t *length)
 376:USB_DEVICE/App/usbd_desc.c **** {
 377:USB_DEVICE/App/usbd_desc.c ****   UNUSED(speed);
 378:USB_DEVICE/App/usbd_desc.c ****   *length = sizeof(USBD_FS_BOSDesc);
 379:USB_DEVICE/App/usbd_desc.c ****   return (uint8_t*)USBD_FS_BOSDesc;
 380:USB_DEVICE/App/usbd_desc.c **** }
 381:USB_DEVICE/App/usbd_desc.c **** #endif /* (USBD_LPM_ENABLED == 1) */
 382:USB_DEVICE/App/usbd_desc.c **** 
 383:USB_DEVICE/App/usbd_desc.c **** /**
 384:USB_DEVICE/App/usbd_desc.c ****   * @brief  Create the serial number string descriptor
 385:USB_DEVICE/App/usbd_desc.c ****   * @param  None
 386:USB_DEVICE/App/usbd_desc.c ****   * @retval None
 387:USB_DEVICE/App/usbd_desc.c ****   */
 388:USB_DEVICE/App/usbd_desc.c **** static void Get_SerialNum(void)
 389:USB_DEVICE/App/usbd_desc.c **** {
 491              		.loc 1 389 1
 492              		.cfi_startproc
 493              		@ args = 0, pretend = 0, frame = 16
 494              		@ frame_needed = 1, uses_anonymous_args = 0
 495 0000 80B5     		push	{r7, lr}
 496              	.LCFI37:
 497              		.cfi_def_cfa_offset 8
 498              		.cfi_offset 7, -8
 499              		.cfi_offset 14, -4
 500 0002 84B0     		sub	sp, sp, #16
 501              	.LCFI38:
 502              		.cfi_def_cfa_offset 24
 503 0004 00AF     		add	r7, sp, #0
 504              	.LCFI39:
 505              		.cfi_def_cfa_register 7
 390:USB_DEVICE/App/usbd_desc.c ****   uint32_t deviceserial0;
 391:USB_DEVICE/App/usbd_desc.c ****   uint32_t deviceserial1;
 392:USB_DEVICE/App/usbd_desc.c ****   uint32_t deviceserial2;
 393:USB_DEVICE/App/usbd_desc.c **** 
 394:USB_DEVICE/App/usbd_desc.c ****   deviceserial0 = *(uint32_t *) DEVICE_ID1;
 506              		.loc 1 394 19
 507 0006 0F4B     		ldr	r3, .L38
 508              		.loc 1 394 17
 509 0008 1B68     		ldr	r3, [r3]
 510 000a FB60     		str	r3, [r7, #12]
 395:USB_DEVICE/App/usbd_desc.c ****   deviceserial1 = *(uint32_t *) DEVICE_ID2;
 511              		.loc 1 395 19
 512 000c 0E4B     		ldr	r3, .L38+4
 513              		.loc 1 395 17
 514 000e 1B68     		ldr	r3, [r3]
 515 0010 BB60     		str	r3, [r7, #8]
 396:USB_DEVICE/App/usbd_desc.c ****   deviceserial2 = *(uint32_t *) DEVICE_ID3;
 516              		.loc 1 396 19
 517 0012 0E4B     		ldr	r3, .L38+8
ARM GAS  /tmp/cc2xzun7.s 			page 17


 518              		.loc 1 396 17
 519 0014 1B68     		ldr	r3, [r3]
 520 0016 7B60     		str	r3, [r7, #4]
 397:USB_DEVICE/App/usbd_desc.c **** 
 398:USB_DEVICE/App/usbd_desc.c ****   deviceserial0 += deviceserial2;
 521              		.loc 1 398 17
 522 0018 FA68     		ldr	r2, [r7, #12]
 523 001a 7B68     		ldr	r3, [r7, #4]
 524 001c 1344     		add	r3, r3, r2
 525 001e FB60     		str	r3, [r7, #12]
 399:USB_DEVICE/App/usbd_desc.c **** 
 400:USB_DEVICE/App/usbd_desc.c ****   if (deviceserial0 != 0)
 526              		.loc 1 400 6
 527 0020 FB68     		ldr	r3, [r7, #12]
 528 0022 002B     		cmp	r3, #0
 529 0024 09D0     		beq	.L37
 401:USB_DEVICE/App/usbd_desc.c ****   {
 402:USB_DEVICE/App/usbd_desc.c ****     IntToUnicode(deviceserial0, &USBD_StringSerial[2], 8);
 530              		.loc 1 402 5
 531 0026 0822     		movs	r2, #8
 532 0028 0949     		ldr	r1, .L38+12
 533 002a F868     		ldr	r0, [r7, #12]
 534 002c FFF7FEFF 		bl	IntToUnicode
 403:USB_DEVICE/App/usbd_desc.c ****     IntToUnicode(deviceserial1, &USBD_StringSerial[18], 4);
 535              		.loc 1 403 5
 536 0030 0422     		movs	r2, #4
 537 0032 0849     		ldr	r1, .L38+16
 538 0034 B868     		ldr	r0, [r7, #8]
 539 0036 FFF7FEFF 		bl	IntToUnicode
 540              	.L37:
 404:USB_DEVICE/App/usbd_desc.c ****   }
 405:USB_DEVICE/App/usbd_desc.c **** }
 541              		.loc 1 405 1
 542 003a 00BF     		nop
 543 003c 1037     		adds	r7, r7, #16
 544              	.LCFI40:
 545              		.cfi_def_cfa_offset 8
 546 003e BD46     		mov	sp, r7
 547              	.LCFI41:
 548              		.cfi_def_cfa_register 13
 549              		@ sp needed
 550 0040 80BD     		pop	{r7, pc}
 551              	.L39:
 552 0042 00BF     		.align	2
 553              	.L38:
 554 0044 107AFF1F 		.word	536836624
 555 0048 147AFF1F 		.word	536836628
 556 004c 187AFF1F 		.word	536836632
 557 0050 02000000 		.word	USBD_StringSerial+2
 558 0054 12000000 		.word	USBD_StringSerial+18
 559              		.cfi_endproc
 560              	.LFE227:
 562              		.section	.text.IntToUnicode,"ax",%progbits
 563              		.align	1
 564              		.syntax unified
 565              		.thumb
 566              		.thumb_func
ARM GAS  /tmp/cc2xzun7.s 			page 18


 568              	IntToUnicode:
 569              	.LFB228:
 406:USB_DEVICE/App/usbd_desc.c **** 
 407:USB_DEVICE/App/usbd_desc.c **** /**
 408:USB_DEVICE/App/usbd_desc.c ****   * @brief  Convert Hex 32Bits value into char
 409:USB_DEVICE/App/usbd_desc.c ****   * @param  value: value to convert
 410:USB_DEVICE/App/usbd_desc.c ****   * @param  pbuf: pointer to the buffer
 411:USB_DEVICE/App/usbd_desc.c ****   * @param  len: buffer length
 412:USB_DEVICE/App/usbd_desc.c ****   * @retval None
 413:USB_DEVICE/App/usbd_desc.c ****   */
 414:USB_DEVICE/App/usbd_desc.c **** static void IntToUnicode(uint32_t value, uint8_t * pbuf, uint8_t len)
 415:USB_DEVICE/App/usbd_desc.c **** {
 570              		.loc 1 415 1
 571              		.cfi_startproc
 572              		@ args = 0, pretend = 0, frame = 24
 573              		@ frame_needed = 1, uses_anonymous_args = 0
 574              		@ link register save eliminated.
 575 0000 80B4     		push	{r7}
 576              	.LCFI42:
 577              		.cfi_def_cfa_offset 4
 578              		.cfi_offset 7, -4
 579 0002 87B0     		sub	sp, sp, #28
 580              	.LCFI43:
 581              		.cfi_def_cfa_offset 32
 582 0004 00AF     		add	r7, sp, #0
 583              	.LCFI44:
 584              		.cfi_def_cfa_register 7
 585 0006 F860     		str	r0, [r7, #12]
 586 0008 B960     		str	r1, [r7, #8]
 587 000a 1346     		mov	r3, r2
 588 000c FB71     		strb	r3, [r7, #7]
 416:USB_DEVICE/App/usbd_desc.c ****   uint8_t idx = 0;
 589              		.loc 1 416 11
 590 000e 0023     		movs	r3, #0
 591 0010 FB75     		strb	r3, [r7, #23]
 417:USB_DEVICE/App/usbd_desc.c **** 
 418:USB_DEVICE/App/usbd_desc.c ****   for (idx = 0; idx < len; idx++)
 592              		.loc 1 418 12
 593 0012 0023     		movs	r3, #0
 594 0014 FB75     		strb	r3, [r7, #23]
 595              		.loc 1 418 3
 596 0016 27E0     		b	.L41
 597              	.L44:
 419:USB_DEVICE/App/usbd_desc.c ****   {
 420:USB_DEVICE/App/usbd_desc.c ****     if (((value >> 28)) < 0xA)
 598              		.loc 1 420 17
 599 0018 FB68     		ldr	r3, [r7, #12]
 600 001a 1B0F     		lsrs	r3, r3, #28
 601              		.loc 1 420 8
 602 001c 092B     		cmp	r3, #9
 603 001e 0BD8     		bhi	.L42
 421:USB_DEVICE/App/usbd_desc.c ****     {
 422:USB_DEVICE/App/usbd_desc.c ****       pbuf[2 * idx] = (value >> 28) + '0';
 604              		.loc 1 422 30
 605 0020 FB68     		ldr	r3, [r7, #12]
 606 0022 1B0F     		lsrs	r3, r3, #28
 607              		.loc 1 422 37
ARM GAS  /tmp/cc2xzun7.s 			page 19


 608 0024 DAB2     		uxtb	r2, r3
 609              		.loc 1 422 14
 610 0026 FB7D     		ldrb	r3, [r7, #23]	@ zero_extendqisi2
 611 0028 5B00     		lsls	r3, r3, #1
 612 002a 1946     		mov	r1, r3
 613              		.loc 1 422 11
 614 002c BB68     		ldr	r3, [r7, #8]
 615 002e 0B44     		add	r3, r3, r1
 616              		.loc 1 422 37
 617 0030 3032     		adds	r2, r2, #48
 618 0032 D2B2     		uxtb	r2, r2
 619              		.loc 1 422 21
 620 0034 1A70     		strb	r2, [r3]
 621 0036 0AE0     		b	.L43
 622              	.L42:
 423:USB_DEVICE/App/usbd_desc.c ****     }
 424:USB_DEVICE/App/usbd_desc.c ****     else
 425:USB_DEVICE/App/usbd_desc.c ****     {
 426:USB_DEVICE/App/usbd_desc.c ****       pbuf[2 * idx] = (value >> 28) + 'A' - 10;
 623              		.loc 1 426 30
 624 0038 FB68     		ldr	r3, [r7, #12]
 625 003a 1B0F     		lsrs	r3, r3, #28
 626              		.loc 1 426 43
 627 003c DAB2     		uxtb	r2, r3
 628              		.loc 1 426 14
 629 003e FB7D     		ldrb	r3, [r7, #23]	@ zero_extendqisi2
 630 0040 5B00     		lsls	r3, r3, #1
 631 0042 1946     		mov	r1, r3
 632              		.loc 1 426 11
 633 0044 BB68     		ldr	r3, [r7, #8]
 634 0046 0B44     		add	r3, r3, r1
 635              		.loc 1 426 43
 636 0048 3732     		adds	r2, r2, #55
 637 004a D2B2     		uxtb	r2, r2
 638              		.loc 1 426 21
 639 004c 1A70     		strb	r2, [r3]
 640              	.L43:
 427:USB_DEVICE/App/usbd_desc.c ****     }
 428:USB_DEVICE/App/usbd_desc.c **** 
 429:USB_DEVICE/App/usbd_desc.c ****     value = value << 4;
 641              		.loc 1 429 11 discriminator 2
 642 004e FB68     		ldr	r3, [r7, #12]
 643 0050 1B01     		lsls	r3, r3, #4
 644 0052 FB60     		str	r3, [r7, #12]
 430:USB_DEVICE/App/usbd_desc.c **** 
 431:USB_DEVICE/App/usbd_desc.c ****     pbuf[2 * idx + 1] = 0;
 645              		.loc 1 431 12 discriminator 2
 646 0054 FB7D     		ldrb	r3, [r7, #23]	@ zero_extendqisi2
 647 0056 5B00     		lsls	r3, r3, #1
 648              		.loc 1 431 9 discriminator 2
 649 0058 0133     		adds	r3, r3, #1
 650 005a BA68     		ldr	r2, [r7, #8]
 651 005c 1344     		add	r3, r3, r2
 652              		.loc 1 431 23 discriminator 2
 653 005e 0022     		movs	r2, #0
 654 0060 1A70     		strb	r2, [r3]
 418:USB_DEVICE/App/usbd_desc.c ****   {
ARM GAS  /tmp/cc2xzun7.s 			page 20


 655              		.loc 1 418 31 discriminator 2
 656 0062 FB7D     		ldrb	r3, [r7, #23]	@ zero_extendqisi2
 657 0064 0133     		adds	r3, r3, #1
 658 0066 FB75     		strb	r3, [r7, #23]
 659              	.L41:
 418:USB_DEVICE/App/usbd_desc.c ****   {
 660              		.loc 1 418 21 discriminator 1
 661 0068 FA7D     		ldrb	r2, [r7, #23]	@ zero_extendqisi2
 662 006a FB79     		ldrb	r3, [r7, #7]	@ zero_extendqisi2
 663 006c 9A42     		cmp	r2, r3
 664 006e D3D3     		bcc	.L44
 432:USB_DEVICE/App/usbd_desc.c ****   }
 433:USB_DEVICE/App/usbd_desc.c **** }
 665              		.loc 1 433 1
 666 0070 00BF     		nop
 667 0072 00BF     		nop
 668 0074 1C37     		adds	r7, r7, #28
 669              	.LCFI45:
 670              		.cfi_def_cfa_offset 4
 671 0076 BD46     		mov	sp, r7
 672              	.LCFI46:
 673              		.cfi_def_cfa_register 13
 674              		@ sp needed
 675 0078 5DF8047B 		ldr	r7, [sp], #4
 676              	.LCFI47:
 677              		.cfi_restore 7
 678              		.cfi_def_cfa_offset 0
 679 007c 7047     		bx	lr
 680              		.cfi_endproc
 681              	.LFE228:
 683              		.text
 684              	.Letext0:
 685              		.file 2 "/opt/arm-gnu-toolchain-12.2.rel1-x86_64-arm-none-eabi/arm-none-eabi/include/machine/_defa
 686              		.file 3 "/opt/arm-gnu-toolchain-12.2.rel1-x86_64-arm-none-eabi/arm-none-eabi/include/sys/_stdint.h
 687              		.file 4 "Middlewares/ST/STM32_USB_Device_Library/Core/Inc/usbd_def.h"
 688              		.file 5 "USB_DEVICE/App/usbd_desc.h"
 689              		.file 6 "Middlewares/ST/STM32_USB_Device_Library/Core/Inc/usbd_ctlreq.h"
ARM GAS  /tmp/cc2xzun7.s 			page 21


DEFINED SYMBOLS
                            *ABS*:0000000000000000 usbd_desc.c
     /tmp/cc2xzun7.s:25     .data.FS_Desc:0000000000000000 FS_Desc
     /tmp/cc2xzun7.s:22     .data.FS_Desc:0000000000000000 $d
     /tmp/cc2xzun7.s:70     .text.USBD_FS_DeviceDescriptor:0000000000000000 USBD_FS_DeviceDescriptor
     /tmp/cc2xzun7.s:124    .text.USBD_FS_LangIDStrDescriptor:0000000000000000 USBD_FS_LangIDStrDescriptor
     /tmp/cc2xzun7.s:250    .text.USBD_FS_ManufacturerStrDescriptor:0000000000000000 USBD_FS_ManufacturerStrDescriptor
     /tmp/cc2xzun7.s:182    .text.USBD_FS_ProductStrDescriptor:0000000000000000 USBD_FS_ProductStrDescriptor
     /tmp/cc2xzun7.s:302    .text.USBD_FS_SerialStrDescriptor:0000000000000000 USBD_FS_SerialStrDescriptor
     /tmp/cc2xzun7.s:358    .text.USBD_FS_ConfigStrDescriptor:0000000000000000 USBD_FS_ConfigStrDescriptor
     /tmp/cc2xzun7.s:426    .text.USBD_FS_InterfaceStrDescriptor:0000000000000000 USBD_FS_InterfaceStrDescriptor
     /tmp/cc2xzun7.s:38     .data.USBD_FS_DeviceDesc:0000000000000000 USBD_FS_DeviceDesc
     /tmp/cc2xzun7.s:35     .data.USBD_FS_DeviceDesc:0000000000000000 $d
     /tmp/cc2xzun7.s:46     .data.USBD_LangIDDesc:0000000000000000 USBD_LangIDDesc
     /tmp/cc2xzun7.s:43     .data.USBD_LangIDDesc:0000000000000000 $d
     /tmp/cc2xzun7.s:53     .bss.USBD_StrDesc:0000000000000000 USBD_StrDesc
     /tmp/cc2xzun7.s:50     .bss.USBD_StrDesc:0000000000000000 $d
     /tmp/cc2xzun7.s:60     .data.USBD_StringSerial:0000000000000000 USBD_StringSerial
     /tmp/cc2xzun7.s:57     .data.USBD_StringSerial:0000000000000000 $d
     /tmp/cc2xzun7.s:64     .text.USBD_FS_DeviceDescriptor:0000000000000000 $t
     /tmp/cc2xzun7.s:113    .text.USBD_FS_DeviceDescriptor:0000000000000020 $d
     /tmp/cc2xzun7.s:118    .text.USBD_FS_LangIDStrDescriptor:0000000000000000 $t
     /tmp/cc2xzun7.s:167    .text.USBD_FS_LangIDStrDescriptor:0000000000000020 $d
     /tmp/cc2xzun7.s:172    .rodata:0000000000000000 $d
     /tmp/cc2xzun7.s:176    .text.USBD_FS_ProductStrDescriptor:0000000000000000 $t
     /tmp/cc2xzun7.s:234    .text.USBD_FS_ProductStrDescriptor:0000000000000034 $d
     /tmp/cc2xzun7.s:244    .text.USBD_FS_ManufacturerStrDescriptor:0000000000000000 $t
     /tmp/cc2xzun7.s:290    .text.USBD_FS_ManufacturerStrDescriptor:0000000000000020 $d
     /tmp/cc2xzun7.s:296    .text.USBD_FS_SerialStrDescriptor:0000000000000000 $t
     /tmp/cc2xzun7.s:489    .text.Get_SerialNum:0000000000000000 Get_SerialNum
     /tmp/cc2xzun7.s:343    .text.USBD_FS_SerialStrDescriptor:0000000000000020 $d
     /tmp/cc2xzun7.s:352    .text.USBD_FS_ConfigStrDescriptor:0000000000000000 $t
     /tmp/cc2xzun7.s:410    .text.USBD_FS_ConfigStrDescriptor:0000000000000034 $d
     /tmp/cc2xzun7.s:420    .text.USBD_FS_InterfaceStrDescriptor:0000000000000000 $t
     /tmp/cc2xzun7.s:478    .text.USBD_FS_InterfaceStrDescriptor:0000000000000034 $d
     /tmp/cc2xzun7.s:484    .text.Get_SerialNum:0000000000000000 $t
     /tmp/cc2xzun7.s:568    .text.IntToUnicode:0000000000000000 IntToUnicode
     /tmp/cc2xzun7.s:554    .text.Get_SerialNum:0000000000000044 $d
     /tmp/cc2xzun7.s:563    .text.IntToUnicode:0000000000000000 $t

UNDEFINED SYMBOLS
USBD_GetString
