ARM GAS  /tmp/ccYHHv1X.s 			page 1


   1              		.cpu cortex-m4
   2              		.arch armv7e-m
   3              		.fpu fpv4-sp-d16
   4              		.eabi_attribute 27, 1
   5              		.eabi_attribute 28, 1
   6              		.eabi_attribute 20, 1
   7              		.eabi_attribute 21, 1
   8              		.eabi_attribute 23, 3
   9              		.eabi_attribute 24, 1
  10              		.eabi_attribute 25, 1
  11              		.eabi_attribute 26, 1
  12              		.eabi_attribute 30, 6
  13              		.eabi_attribute 34, 1
  14              		.eabi_attribute 18, 4
  15              		.file	"usbd_cdc_if.c"
  16              		.text
  17              	.Ltext0:
  18              		.cfi_sections	.debug_frame
  19              		.file 1 "USB_DEVICE/App/usbd_cdc_if.c"
  20              		.global	UserRxBufferFS
  21              		.section	.bss.UserRxBufferFS,"aw",%nobits
  22              		.align	2
  25              	UserRxBufferFS:
  26 0000 00000000 		.space	2048
  26      00000000 
  26      00000000 
  26      00000000 
  26      00000000 
  27              		.global	UserTxBufferFS
  28              		.section	.bss.UserTxBufferFS,"aw",%nobits
  29              		.align	2
  32              	UserTxBufferFS:
  33 0000 00000000 		.space	2048
  33      00000000 
  33      00000000 
  33      00000000 
  33      00000000 
  34              		.global	USBD_Interface_fops_FS
  35              		.section	.data.USBD_Interface_fops_FS,"aw"
  36              		.align	2
  39              	USBD_Interface_fops_FS:
  40 0000 00000000 		.word	CDC_Init_FS
  41 0004 00000000 		.word	CDC_DeInit_FS
  42 0008 00000000 		.word	CDC_Control_FS
  43 000c 00000000 		.word	CDC_Receive_FS
  44 0010 00000000 		.word	CDC_TransmitCplt_FS
  45              		.section	.text.CDC_Init_FS,"ax",%progbits
  46              		.align	1
  47              		.syntax unified
  48              		.thumb
  49              		.thumb_func
  51              	CDC_Init_FS:
  52              	.LFB220:
   1:USB_DEVICE/App/usbd_cdc_if.c **** /* USER CODE BEGIN Header */
   2:USB_DEVICE/App/usbd_cdc_if.c **** /**
   3:USB_DEVICE/App/usbd_cdc_if.c ****   ******************************************************************************
   4:USB_DEVICE/App/usbd_cdc_if.c ****   * @file           : usbd_cdc_if.c
ARM GAS  /tmp/ccYHHv1X.s 			page 2


   5:USB_DEVICE/App/usbd_cdc_if.c ****   * @version        : v1.0_Cube
   6:USB_DEVICE/App/usbd_cdc_if.c ****   * @brief          : Usb device for Virtual Com Port.
   7:USB_DEVICE/App/usbd_cdc_if.c ****   ******************************************************************************
   8:USB_DEVICE/App/usbd_cdc_if.c ****   * @attention
   9:USB_DEVICE/App/usbd_cdc_if.c ****   *
  10:USB_DEVICE/App/usbd_cdc_if.c ****   * Copyright (c) 2022 STMicroelectronics.
  11:USB_DEVICE/App/usbd_cdc_if.c ****   * All rights reserved.
  12:USB_DEVICE/App/usbd_cdc_if.c ****   *
  13:USB_DEVICE/App/usbd_cdc_if.c ****   * This software is licensed under terms that can be found in the LICENSE file
  14:USB_DEVICE/App/usbd_cdc_if.c ****   * in the root directory of this software component.
  15:USB_DEVICE/App/usbd_cdc_if.c ****   * If no LICENSE file comes with this software, it is provided AS-IS.
  16:USB_DEVICE/App/usbd_cdc_if.c ****   *
  17:USB_DEVICE/App/usbd_cdc_if.c ****   ******************************************************************************
  18:USB_DEVICE/App/usbd_cdc_if.c ****   */
  19:USB_DEVICE/App/usbd_cdc_if.c **** /* USER CODE END Header */
  20:USB_DEVICE/App/usbd_cdc_if.c **** 
  21:USB_DEVICE/App/usbd_cdc_if.c **** /* Includes ------------------------------------------------------------------*/
  22:USB_DEVICE/App/usbd_cdc_if.c **** #include "usbd_cdc_if.h"
  23:USB_DEVICE/App/usbd_cdc_if.c **** 
  24:USB_DEVICE/App/usbd_cdc_if.c **** /* USER CODE BEGIN INCLUDE */
  25:USB_DEVICE/App/usbd_cdc_if.c **** 
  26:USB_DEVICE/App/usbd_cdc_if.c **** /* USER CODE END INCLUDE */
  27:USB_DEVICE/App/usbd_cdc_if.c **** 
  28:USB_DEVICE/App/usbd_cdc_if.c **** /* Private typedef -----------------------------------------------------------*/
  29:USB_DEVICE/App/usbd_cdc_if.c **** /* Private define ------------------------------------------------------------*/
  30:USB_DEVICE/App/usbd_cdc_if.c **** /* Private macro -------------------------------------------------------------*/
  31:USB_DEVICE/App/usbd_cdc_if.c **** 
  32:USB_DEVICE/App/usbd_cdc_if.c **** /* USER CODE BEGIN PV */
  33:USB_DEVICE/App/usbd_cdc_if.c **** /* Private variables ---------------------------------------------------------*/
  34:USB_DEVICE/App/usbd_cdc_if.c **** 
  35:USB_DEVICE/App/usbd_cdc_if.c **** /* USER CODE END PV */
  36:USB_DEVICE/App/usbd_cdc_if.c **** 
  37:USB_DEVICE/App/usbd_cdc_if.c **** /** @addtogroup STM32_USB_OTG_DEVICE_LIBRARY
  38:USB_DEVICE/App/usbd_cdc_if.c ****   * @brief Usb device library.
  39:USB_DEVICE/App/usbd_cdc_if.c ****   * @{
  40:USB_DEVICE/App/usbd_cdc_if.c ****   */
  41:USB_DEVICE/App/usbd_cdc_if.c **** 
  42:USB_DEVICE/App/usbd_cdc_if.c **** /** @addtogroup USBD_CDC_IF
  43:USB_DEVICE/App/usbd_cdc_if.c ****   * @{
  44:USB_DEVICE/App/usbd_cdc_if.c ****   */
  45:USB_DEVICE/App/usbd_cdc_if.c **** 
  46:USB_DEVICE/App/usbd_cdc_if.c **** /** @defgroup USBD_CDC_IF_Private_TypesDefinitions USBD_CDC_IF_Private_TypesDefinitions
  47:USB_DEVICE/App/usbd_cdc_if.c ****   * @brief Private types.
  48:USB_DEVICE/App/usbd_cdc_if.c ****   * @{
  49:USB_DEVICE/App/usbd_cdc_if.c ****   */
  50:USB_DEVICE/App/usbd_cdc_if.c **** 
  51:USB_DEVICE/App/usbd_cdc_if.c **** /* USER CODE BEGIN PRIVATE_TYPES */
  52:USB_DEVICE/App/usbd_cdc_if.c **** 
  53:USB_DEVICE/App/usbd_cdc_if.c **** /* USER CODE END PRIVATE_TYPES */
  54:USB_DEVICE/App/usbd_cdc_if.c **** 
  55:USB_DEVICE/App/usbd_cdc_if.c **** /**
  56:USB_DEVICE/App/usbd_cdc_if.c ****   * @}
  57:USB_DEVICE/App/usbd_cdc_if.c ****   */
  58:USB_DEVICE/App/usbd_cdc_if.c **** 
  59:USB_DEVICE/App/usbd_cdc_if.c **** /** @defgroup USBD_CDC_IF_Private_Defines USBD_CDC_IF_Private_Defines
  60:USB_DEVICE/App/usbd_cdc_if.c ****   * @brief Private defines.
  61:USB_DEVICE/App/usbd_cdc_if.c ****   * @{
ARM GAS  /tmp/ccYHHv1X.s 			page 3


  62:USB_DEVICE/App/usbd_cdc_if.c ****   */
  63:USB_DEVICE/App/usbd_cdc_if.c **** 
  64:USB_DEVICE/App/usbd_cdc_if.c **** /* USER CODE BEGIN PRIVATE_DEFINES */
  65:USB_DEVICE/App/usbd_cdc_if.c **** /* USER CODE END PRIVATE_DEFINES */
  66:USB_DEVICE/App/usbd_cdc_if.c **** 
  67:USB_DEVICE/App/usbd_cdc_if.c **** /**
  68:USB_DEVICE/App/usbd_cdc_if.c ****   * @}
  69:USB_DEVICE/App/usbd_cdc_if.c ****   */
  70:USB_DEVICE/App/usbd_cdc_if.c **** 
  71:USB_DEVICE/App/usbd_cdc_if.c **** /** @defgroup USBD_CDC_IF_Private_Macros USBD_CDC_IF_Private_Macros
  72:USB_DEVICE/App/usbd_cdc_if.c ****   * @brief Private macros.
  73:USB_DEVICE/App/usbd_cdc_if.c ****   * @{
  74:USB_DEVICE/App/usbd_cdc_if.c ****   */
  75:USB_DEVICE/App/usbd_cdc_if.c **** 
  76:USB_DEVICE/App/usbd_cdc_if.c **** /* USER CODE BEGIN PRIVATE_MACRO */
  77:USB_DEVICE/App/usbd_cdc_if.c **** 
  78:USB_DEVICE/App/usbd_cdc_if.c **** /* USER CODE END PRIVATE_MACRO */
  79:USB_DEVICE/App/usbd_cdc_if.c **** 
  80:USB_DEVICE/App/usbd_cdc_if.c **** /**
  81:USB_DEVICE/App/usbd_cdc_if.c ****   * @}
  82:USB_DEVICE/App/usbd_cdc_if.c ****   */
  83:USB_DEVICE/App/usbd_cdc_if.c **** 
  84:USB_DEVICE/App/usbd_cdc_if.c **** /** @defgroup USBD_CDC_IF_Private_Variables USBD_CDC_IF_Private_Variables
  85:USB_DEVICE/App/usbd_cdc_if.c ****   * @brief Private variables.
  86:USB_DEVICE/App/usbd_cdc_if.c ****   * @{
  87:USB_DEVICE/App/usbd_cdc_if.c ****   */
  88:USB_DEVICE/App/usbd_cdc_if.c **** /* Create buffer for reception and transmission           */
  89:USB_DEVICE/App/usbd_cdc_if.c **** /* It's up to user to redefine and/or remove those define */
  90:USB_DEVICE/App/usbd_cdc_if.c **** /** Received data over USB are stored in this buffer      */
  91:USB_DEVICE/App/usbd_cdc_if.c **** uint8_t UserRxBufferFS[APP_RX_DATA_SIZE];
  92:USB_DEVICE/App/usbd_cdc_if.c **** 
  93:USB_DEVICE/App/usbd_cdc_if.c **** /** Data to send over USB CDC are stored in this buffer   */
  94:USB_DEVICE/App/usbd_cdc_if.c **** uint8_t UserTxBufferFS[APP_TX_DATA_SIZE];
  95:USB_DEVICE/App/usbd_cdc_if.c **** 
  96:USB_DEVICE/App/usbd_cdc_if.c **** /* USER CODE BEGIN PRIVATE_VARIABLES */
  97:USB_DEVICE/App/usbd_cdc_if.c **** 
  98:USB_DEVICE/App/usbd_cdc_if.c **** /* USER CODE END PRIVATE_VARIABLES */
  99:USB_DEVICE/App/usbd_cdc_if.c **** 
 100:USB_DEVICE/App/usbd_cdc_if.c **** /**
 101:USB_DEVICE/App/usbd_cdc_if.c ****   * @}
 102:USB_DEVICE/App/usbd_cdc_if.c ****   */
 103:USB_DEVICE/App/usbd_cdc_if.c **** 
 104:USB_DEVICE/App/usbd_cdc_if.c **** /** @defgroup USBD_CDC_IF_Exported_Variables USBD_CDC_IF_Exported_Variables
 105:USB_DEVICE/App/usbd_cdc_if.c ****   * @brief Public variables.
 106:USB_DEVICE/App/usbd_cdc_if.c ****   * @{
 107:USB_DEVICE/App/usbd_cdc_if.c ****   */
 108:USB_DEVICE/App/usbd_cdc_if.c **** 
 109:USB_DEVICE/App/usbd_cdc_if.c **** extern USBD_HandleTypeDef hUsbDeviceFS;
 110:USB_DEVICE/App/usbd_cdc_if.c **** 
 111:USB_DEVICE/App/usbd_cdc_if.c **** /* USER CODE BEGIN EXPORTED_VARIABLES */
 112:USB_DEVICE/App/usbd_cdc_if.c **** 
 113:USB_DEVICE/App/usbd_cdc_if.c **** /* USER CODE END EXPORTED_VARIABLES */
 114:USB_DEVICE/App/usbd_cdc_if.c **** 
 115:USB_DEVICE/App/usbd_cdc_if.c **** /**
 116:USB_DEVICE/App/usbd_cdc_if.c ****   * @}
 117:USB_DEVICE/App/usbd_cdc_if.c ****   */
 118:USB_DEVICE/App/usbd_cdc_if.c **** 
ARM GAS  /tmp/ccYHHv1X.s 			page 4


 119:USB_DEVICE/App/usbd_cdc_if.c **** /** @defgroup USBD_CDC_IF_Private_FunctionPrototypes USBD_CDC_IF_Private_FunctionPrototypes
 120:USB_DEVICE/App/usbd_cdc_if.c ****   * @brief Private functions declaration.
 121:USB_DEVICE/App/usbd_cdc_if.c ****   * @{
 122:USB_DEVICE/App/usbd_cdc_if.c ****   */
 123:USB_DEVICE/App/usbd_cdc_if.c **** 
 124:USB_DEVICE/App/usbd_cdc_if.c **** static int8_t CDC_Init_FS(void);
 125:USB_DEVICE/App/usbd_cdc_if.c **** static int8_t CDC_DeInit_FS(void);
 126:USB_DEVICE/App/usbd_cdc_if.c **** static int8_t CDC_Control_FS(uint8_t cmd, uint8_t* pbuf, uint16_t length);
 127:USB_DEVICE/App/usbd_cdc_if.c **** static int8_t CDC_Receive_FS(uint8_t* pbuf, uint32_t *Len);
 128:USB_DEVICE/App/usbd_cdc_if.c **** static int8_t CDC_TransmitCplt_FS(uint8_t *pbuf, uint32_t *Len, uint8_t epnum);
 129:USB_DEVICE/App/usbd_cdc_if.c **** 
 130:USB_DEVICE/App/usbd_cdc_if.c **** /* USER CODE BEGIN PRIVATE_FUNCTIONS_DECLARATION */
 131:USB_DEVICE/App/usbd_cdc_if.c **** 
 132:USB_DEVICE/App/usbd_cdc_if.c **** /* USER CODE END PRIVATE_FUNCTIONS_DECLARATION */
 133:USB_DEVICE/App/usbd_cdc_if.c **** 
 134:USB_DEVICE/App/usbd_cdc_if.c **** /**
 135:USB_DEVICE/App/usbd_cdc_if.c ****   * @}
 136:USB_DEVICE/App/usbd_cdc_if.c ****   */
 137:USB_DEVICE/App/usbd_cdc_if.c **** 
 138:USB_DEVICE/App/usbd_cdc_if.c **** USBD_CDC_ItfTypeDef USBD_Interface_fops_FS =
 139:USB_DEVICE/App/usbd_cdc_if.c **** {
 140:USB_DEVICE/App/usbd_cdc_if.c ****   CDC_Init_FS,
 141:USB_DEVICE/App/usbd_cdc_if.c ****   CDC_DeInit_FS,
 142:USB_DEVICE/App/usbd_cdc_if.c ****   CDC_Control_FS,
 143:USB_DEVICE/App/usbd_cdc_if.c ****   CDC_Receive_FS,
 144:USB_DEVICE/App/usbd_cdc_if.c ****   CDC_TransmitCplt_FS
 145:USB_DEVICE/App/usbd_cdc_if.c **** };
 146:USB_DEVICE/App/usbd_cdc_if.c **** 
 147:USB_DEVICE/App/usbd_cdc_if.c **** /* Private functions ---------------------------------------------------------*/
 148:USB_DEVICE/App/usbd_cdc_if.c **** /**
 149:USB_DEVICE/App/usbd_cdc_if.c ****   * @brief  Initializes the CDC media low layer over the FS USB IP
 150:USB_DEVICE/App/usbd_cdc_if.c ****   * @retval USBD_OK if all operations are OK else USBD_FAIL
 151:USB_DEVICE/App/usbd_cdc_if.c ****   */
 152:USB_DEVICE/App/usbd_cdc_if.c **** static int8_t CDC_Init_FS(void)
 153:USB_DEVICE/App/usbd_cdc_if.c **** {
  53              		.loc 1 153 1
  54              		.cfi_startproc
  55              		@ args = 0, pretend = 0, frame = 0
  56              		@ frame_needed = 1, uses_anonymous_args = 0
  57 0000 80B5     		push	{r7, lr}
  58              	.LCFI0:
  59              		.cfi_def_cfa_offset 8
  60              		.cfi_offset 7, -8
  61              		.cfi_offset 14, -4
  62 0002 00AF     		add	r7, sp, #0
  63              	.LCFI1:
  64              		.cfi_def_cfa_register 7
 154:USB_DEVICE/App/usbd_cdc_if.c ****   /* USER CODE BEGIN 3 */
 155:USB_DEVICE/App/usbd_cdc_if.c ****   /* Set Application Buffers */
 156:USB_DEVICE/App/usbd_cdc_if.c ****   USBD_CDC_SetTxBuffer(&hUsbDeviceFS, UserTxBufferFS, 0);
  65              		.loc 1 156 3
  66 0004 0022     		movs	r2, #0
  67 0006 0549     		ldr	r1, .L3
  68 0008 0548     		ldr	r0, .L3+4
  69 000a FFF7FEFF 		bl	USBD_CDC_SetTxBuffer
 157:USB_DEVICE/App/usbd_cdc_if.c ****   USBD_CDC_SetRxBuffer(&hUsbDeviceFS, UserRxBufferFS);
  70              		.loc 1 157 3
ARM GAS  /tmp/ccYHHv1X.s 			page 5


  71 000e 0549     		ldr	r1, .L3+8
  72 0010 0348     		ldr	r0, .L3+4
  73 0012 FFF7FEFF 		bl	USBD_CDC_SetRxBuffer
 158:USB_DEVICE/App/usbd_cdc_if.c ****   return (USBD_OK);
  74              		.loc 1 158 10
  75 0016 0023     		movs	r3, #0
 159:USB_DEVICE/App/usbd_cdc_if.c ****   /* USER CODE END 3 */
 160:USB_DEVICE/App/usbd_cdc_if.c **** }
  76              		.loc 1 160 1
  77 0018 1846     		mov	r0, r3
  78 001a 80BD     		pop	{r7, pc}
  79              	.L4:
  80              		.align	2
  81              	.L3:
  82 001c 00000000 		.word	UserTxBufferFS
  83 0020 00000000 		.word	hUsbDeviceFS
  84 0024 00000000 		.word	UserRxBufferFS
  85              		.cfi_endproc
  86              	.LFE220:
  88              		.section	.text.CDC_DeInit_FS,"ax",%progbits
  89              		.align	1
  90              		.syntax unified
  91              		.thumb
  92              		.thumb_func
  94              	CDC_DeInit_FS:
  95              	.LFB221:
 161:USB_DEVICE/App/usbd_cdc_if.c **** 
 162:USB_DEVICE/App/usbd_cdc_if.c **** /**
 163:USB_DEVICE/App/usbd_cdc_if.c ****   * @brief  DeInitializes the CDC media low layer
 164:USB_DEVICE/App/usbd_cdc_if.c ****   * @retval USBD_OK if all operations are OK else USBD_FAIL
 165:USB_DEVICE/App/usbd_cdc_if.c ****   */
 166:USB_DEVICE/App/usbd_cdc_if.c **** static int8_t CDC_DeInit_FS(void)
 167:USB_DEVICE/App/usbd_cdc_if.c **** {
  96              		.loc 1 167 1
  97              		.cfi_startproc
  98              		@ args = 0, pretend = 0, frame = 0
  99              		@ frame_needed = 1, uses_anonymous_args = 0
 100              		@ link register save eliminated.
 101 0000 80B4     		push	{r7}
 102              	.LCFI2:
 103              		.cfi_def_cfa_offset 4
 104              		.cfi_offset 7, -4
 105 0002 00AF     		add	r7, sp, #0
 106              	.LCFI3:
 107              		.cfi_def_cfa_register 7
 168:USB_DEVICE/App/usbd_cdc_if.c ****   /* USER CODE BEGIN 4 */
 169:USB_DEVICE/App/usbd_cdc_if.c ****   return (USBD_OK);
 108              		.loc 1 169 10
 109 0004 0023     		movs	r3, #0
 170:USB_DEVICE/App/usbd_cdc_if.c ****   /* USER CODE END 4 */
 171:USB_DEVICE/App/usbd_cdc_if.c **** }
 110              		.loc 1 171 1
 111 0006 1846     		mov	r0, r3
 112 0008 BD46     		mov	sp, r7
 113              	.LCFI4:
 114              		.cfi_def_cfa_register 13
 115              		@ sp needed
ARM GAS  /tmp/ccYHHv1X.s 			page 6


 116 000a 5DF8047B 		ldr	r7, [sp], #4
 117              	.LCFI5:
 118              		.cfi_restore 7
 119              		.cfi_def_cfa_offset 0
 120 000e 7047     		bx	lr
 121              		.cfi_endproc
 122              	.LFE221:
 124              		.section	.text.CDC_Control_FS,"ax",%progbits
 125              		.align	1
 126              		.syntax unified
 127              		.thumb
 128              		.thumb_func
 130              	CDC_Control_FS:
 131              	.LFB222:
 172:USB_DEVICE/App/usbd_cdc_if.c **** 
 173:USB_DEVICE/App/usbd_cdc_if.c **** /**
 174:USB_DEVICE/App/usbd_cdc_if.c ****   * @brief  Manage the CDC class requests
 175:USB_DEVICE/App/usbd_cdc_if.c ****   * @param  cmd: Command code
 176:USB_DEVICE/App/usbd_cdc_if.c ****   * @param  pbuf: Buffer containing command data (request parameters)
 177:USB_DEVICE/App/usbd_cdc_if.c ****   * @param  length: Number of data to be sent (in bytes)
 178:USB_DEVICE/App/usbd_cdc_if.c ****   * @retval Result of the operation: USBD_OK if all operations are OK else USBD_FAIL
 179:USB_DEVICE/App/usbd_cdc_if.c ****   */
 180:USB_DEVICE/App/usbd_cdc_if.c **** static int8_t CDC_Control_FS(uint8_t cmd, uint8_t* pbuf, uint16_t length)
 181:USB_DEVICE/App/usbd_cdc_if.c **** {
 132              		.loc 1 181 1
 133              		.cfi_startproc
 134              		@ args = 0, pretend = 0, frame = 8
 135              		@ frame_needed = 1, uses_anonymous_args = 0
 136              		@ link register save eliminated.
 137 0000 80B4     		push	{r7}
 138              	.LCFI6:
 139              		.cfi_def_cfa_offset 4
 140              		.cfi_offset 7, -4
 141 0002 83B0     		sub	sp, sp, #12
 142              	.LCFI7:
 143              		.cfi_def_cfa_offset 16
 144 0004 00AF     		add	r7, sp, #0
 145              	.LCFI8:
 146              		.cfi_def_cfa_register 7
 147 0006 0346     		mov	r3, r0
 148 0008 3960     		str	r1, [r7]
 149 000a FB71     		strb	r3, [r7, #7]
 150 000c 1346     		mov	r3, r2	@ movhi
 151 000e BB80     		strh	r3, [r7, #4]	@ movhi
 182:USB_DEVICE/App/usbd_cdc_if.c ****   /* USER CODE BEGIN 5 */
 183:USB_DEVICE/App/usbd_cdc_if.c ****   switch(cmd)
 152              		.loc 1 183 3
 153 0010 FB79     		ldrb	r3, [r7, #7]	@ zero_extendqisi2
 154 0012 232B     		cmp	r3, #35
 155 0014 4AD8     		bhi	.L21
 156 0016 01A2     		adr	r2, .L10
 157 0018 52F823F0 		ldr	pc, [r2, r3, lsl #2]
 158              		.p2align 2
 159              	.L10:
 160 001c AD000000 		.word	.L21+1
 161 0020 AD000000 		.word	.L21+1
 162 0024 AD000000 		.word	.L21+1
ARM GAS  /tmp/ccYHHv1X.s 			page 7


 163 0028 AD000000 		.word	.L21+1
 164 002c AD000000 		.word	.L21+1
 165 0030 AD000000 		.word	.L21+1
 166 0034 AD000000 		.word	.L21+1
 167 0038 AD000000 		.word	.L21+1
 168 003c AD000000 		.word	.L21+1
 169 0040 AD000000 		.word	.L21+1
 170 0044 AD000000 		.word	.L21+1
 171 0048 AD000000 		.word	.L21+1
 172 004c AD000000 		.word	.L21+1
 173 0050 AD000000 		.word	.L21+1
 174 0054 AD000000 		.word	.L21+1
 175 0058 AD000000 		.word	.L21+1
 176 005c AD000000 		.word	.L21+1
 177 0060 AD000000 		.word	.L21+1
 178 0064 AD000000 		.word	.L21+1
 179 0068 AD000000 		.word	.L21+1
 180 006c AD000000 		.word	.L21+1
 181 0070 AD000000 		.word	.L21+1
 182 0074 AD000000 		.word	.L21+1
 183 0078 AD000000 		.word	.L21+1
 184 007c AD000000 		.word	.L21+1
 185 0080 AD000000 		.word	.L21+1
 186 0084 AD000000 		.word	.L21+1
 187 0088 AD000000 		.word	.L21+1
 188 008c AD000000 		.word	.L21+1
 189 0090 AD000000 		.word	.L21+1
 190 0094 AD000000 		.word	.L21+1
 191 0098 AD000000 		.word	.L21+1
 192 009c AD000000 		.word	.L21+1
 193 00a0 AD000000 		.word	.L21+1
 194 00a4 AD000000 		.word	.L21+1
 195 00a8 AD000000 		.word	.L21+1
 196              		.p2align 1
 197              	.L21:
 184:USB_DEVICE/App/usbd_cdc_if.c ****   {
 185:USB_DEVICE/App/usbd_cdc_if.c ****     case CDC_SEND_ENCAPSULATED_COMMAND:
 186:USB_DEVICE/App/usbd_cdc_if.c **** 
 187:USB_DEVICE/App/usbd_cdc_if.c ****     break;
 188:USB_DEVICE/App/usbd_cdc_if.c **** 
 189:USB_DEVICE/App/usbd_cdc_if.c ****     case CDC_GET_ENCAPSULATED_RESPONSE:
 190:USB_DEVICE/App/usbd_cdc_if.c **** 
 191:USB_DEVICE/App/usbd_cdc_if.c ****     break;
 192:USB_DEVICE/App/usbd_cdc_if.c **** 
 193:USB_DEVICE/App/usbd_cdc_if.c ****     case CDC_SET_COMM_FEATURE:
 194:USB_DEVICE/App/usbd_cdc_if.c **** 
 195:USB_DEVICE/App/usbd_cdc_if.c ****     break;
 196:USB_DEVICE/App/usbd_cdc_if.c **** 
 197:USB_DEVICE/App/usbd_cdc_if.c ****     case CDC_GET_COMM_FEATURE:
 198:USB_DEVICE/App/usbd_cdc_if.c **** 
 199:USB_DEVICE/App/usbd_cdc_if.c ****     break;
 200:USB_DEVICE/App/usbd_cdc_if.c **** 
 201:USB_DEVICE/App/usbd_cdc_if.c ****     case CDC_CLEAR_COMM_FEATURE:
 202:USB_DEVICE/App/usbd_cdc_if.c **** 
 203:USB_DEVICE/App/usbd_cdc_if.c ****     break;
 204:USB_DEVICE/App/usbd_cdc_if.c **** 
 205:USB_DEVICE/App/usbd_cdc_if.c ****   /*******************************************************************************/
ARM GAS  /tmp/ccYHHv1X.s 			page 8


 206:USB_DEVICE/App/usbd_cdc_if.c ****   /* Line Coding Structure                                                       */
 207:USB_DEVICE/App/usbd_cdc_if.c ****   /*-----------------------------------------------------------------------------*/
 208:USB_DEVICE/App/usbd_cdc_if.c ****   /* Offset | Field       | Size | Value  | Description                          */
 209:USB_DEVICE/App/usbd_cdc_if.c ****   /* 0      | dwDTERate   |   4  | Number |Data terminal rate, in bits per second*/
 210:USB_DEVICE/App/usbd_cdc_if.c ****   /* 4      | bCharFormat |   1  | Number | Stop bits                            */
 211:USB_DEVICE/App/usbd_cdc_if.c ****   /*                                        0 - 1 Stop bit                       */
 212:USB_DEVICE/App/usbd_cdc_if.c ****   /*                                        1 - 1.5 Stop bits                    */
 213:USB_DEVICE/App/usbd_cdc_if.c ****   /*                                        2 - 2 Stop bits                      */
 214:USB_DEVICE/App/usbd_cdc_if.c ****   /* 5      | bParityType |  1   | Number | Parity                               */
 215:USB_DEVICE/App/usbd_cdc_if.c ****   /*                                        0 - None                             */
 216:USB_DEVICE/App/usbd_cdc_if.c ****   /*                                        1 - Odd                              */
 217:USB_DEVICE/App/usbd_cdc_if.c ****   /*                                        2 - Even                             */
 218:USB_DEVICE/App/usbd_cdc_if.c ****   /*                                        3 - Mark                             */
 219:USB_DEVICE/App/usbd_cdc_if.c ****   /*                                        4 - Space                            */
 220:USB_DEVICE/App/usbd_cdc_if.c ****   /* 6      | bDataBits  |   1   | Number Data bits (5, 6, 7, 8 or 16).          */
 221:USB_DEVICE/App/usbd_cdc_if.c ****   /*******************************************************************************/
 222:USB_DEVICE/App/usbd_cdc_if.c ****     case CDC_SET_LINE_CODING:
 223:USB_DEVICE/App/usbd_cdc_if.c **** 
 224:USB_DEVICE/App/usbd_cdc_if.c ****     break;
 225:USB_DEVICE/App/usbd_cdc_if.c **** 
 226:USB_DEVICE/App/usbd_cdc_if.c ****     case CDC_GET_LINE_CODING:
 227:USB_DEVICE/App/usbd_cdc_if.c **** 
 228:USB_DEVICE/App/usbd_cdc_if.c ****     break;
 229:USB_DEVICE/App/usbd_cdc_if.c **** 
 230:USB_DEVICE/App/usbd_cdc_if.c ****     case CDC_SET_CONTROL_LINE_STATE:
 231:USB_DEVICE/App/usbd_cdc_if.c **** 
 232:USB_DEVICE/App/usbd_cdc_if.c ****     break;
 233:USB_DEVICE/App/usbd_cdc_if.c **** 
 234:USB_DEVICE/App/usbd_cdc_if.c ****     case CDC_SEND_BREAK:
 235:USB_DEVICE/App/usbd_cdc_if.c **** 
 236:USB_DEVICE/App/usbd_cdc_if.c ****     break;
 237:USB_DEVICE/App/usbd_cdc_if.c **** 
 238:USB_DEVICE/App/usbd_cdc_if.c ****   default:
 239:USB_DEVICE/App/usbd_cdc_if.c ****     break;
 198              		.loc 1 239 5
 199 00ac 00BF     		nop
 240:USB_DEVICE/App/usbd_cdc_if.c ****   }
 241:USB_DEVICE/App/usbd_cdc_if.c **** 
 242:USB_DEVICE/App/usbd_cdc_if.c ****   return (USBD_OK);
 200              		.loc 1 242 10
 201 00ae 0023     		movs	r3, #0
 243:USB_DEVICE/App/usbd_cdc_if.c ****   /* USER CODE END 5 */
 244:USB_DEVICE/App/usbd_cdc_if.c **** }
 202              		.loc 1 244 1
 203 00b0 1846     		mov	r0, r3
 204 00b2 0C37     		adds	r7, r7, #12
 205              	.LCFI9:
 206              		.cfi_def_cfa_offset 4
 207 00b4 BD46     		mov	sp, r7
 208              	.LCFI10:
 209              		.cfi_def_cfa_register 13
 210              		@ sp needed
 211 00b6 5DF8047B 		ldr	r7, [sp], #4
 212              	.LCFI11:
 213              		.cfi_restore 7
 214              		.cfi_def_cfa_offset 0
 215 00ba 7047     		bx	lr
ARM GAS  /tmp/ccYHHv1X.s 			page 9


 216              		.cfi_endproc
 217              	.LFE222:
 219              		.section	.text.CDC_Receive_FS,"ax",%progbits
 220              		.align	1
 221              		.syntax unified
 222              		.thumb
 223              		.thumb_func
 225              	CDC_Receive_FS:
 226              	.LFB223:
 245:USB_DEVICE/App/usbd_cdc_if.c **** 
 246:USB_DEVICE/App/usbd_cdc_if.c **** /**
 247:USB_DEVICE/App/usbd_cdc_if.c ****   * @brief  Data received over USB OUT endpoint are sent over CDC interface
 248:USB_DEVICE/App/usbd_cdc_if.c ****   *         through this function.
 249:USB_DEVICE/App/usbd_cdc_if.c ****   *
 250:USB_DEVICE/App/usbd_cdc_if.c ****   *         @note
 251:USB_DEVICE/App/usbd_cdc_if.c ****   *         This function will issue a NAK packet on any OUT packet received on
 252:USB_DEVICE/App/usbd_cdc_if.c ****   *         USB endpoint until exiting this function. If you exit this function
 253:USB_DEVICE/App/usbd_cdc_if.c ****   *         before transfer is complete on CDC interface (ie. using DMA controller)
 254:USB_DEVICE/App/usbd_cdc_if.c ****   *         it will result in receiving more data while previous ones are still
 255:USB_DEVICE/App/usbd_cdc_if.c ****   *         not sent.
 256:USB_DEVICE/App/usbd_cdc_if.c ****   *
 257:USB_DEVICE/App/usbd_cdc_if.c ****   * @param  Buf: Buffer of data to be received
 258:USB_DEVICE/App/usbd_cdc_if.c ****   * @param  Len: Number of data received (in bytes)
 259:USB_DEVICE/App/usbd_cdc_if.c ****   * @retval Result of the operation: USBD_OK if all operations are OK else USBD_FAIL
 260:USB_DEVICE/App/usbd_cdc_if.c ****   */
 261:USB_DEVICE/App/usbd_cdc_if.c **** static int8_t CDC_Receive_FS(uint8_t* Buf, uint32_t *Len)
 262:USB_DEVICE/App/usbd_cdc_if.c **** {
 227              		.loc 1 262 1
 228              		.cfi_startproc
 229              		@ args = 0, pretend = 0, frame = 8
 230              		@ frame_needed = 1, uses_anonymous_args = 0
 231 0000 80B5     		push	{r7, lr}
 232              	.LCFI12:
 233              		.cfi_def_cfa_offset 8
 234              		.cfi_offset 7, -8
 235              		.cfi_offset 14, -4
 236 0002 82B0     		sub	sp, sp, #8
 237              	.LCFI13:
 238              		.cfi_def_cfa_offset 16
 239 0004 00AF     		add	r7, sp, #0
 240              	.LCFI14:
 241              		.cfi_def_cfa_register 7
 242 0006 7860     		str	r0, [r7, #4]
 243 0008 3960     		str	r1, [r7]
 263:USB_DEVICE/App/usbd_cdc_if.c ****   /* USER CODE BEGIN 6 */
 264:USB_DEVICE/App/usbd_cdc_if.c ****   USBD_CDC_SetRxBuffer(&hUsbDeviceFS, &Buf[0]);
 244              		.loc 1 264 3
 245 000a 7968     		ldr	r1, [r7, #4]
 246 000c 0548     		ldr	r0, .L24
 247 000e FFF7FEFF 		bl	USBD_CDC_SetRxBuffer
 265:USB_DEVICE/App/usbd_cdc_if.c ****   USBD_CDC_ReceivePacket(&hUsbDeviceFS);
 248              		.loc 1 265 3
 249 0012 0448     		ldr	r0, .L24
 250 0014 FFF7FEFF 		bl	USBD_CDC_ReceivePacket
 266:USB_DEVICE/App/usbd_cdc_if.c ****   return (USBD_OK);
 251              		.loc 1 266 10
 252 0018 0023     		movs	r3, #0
ARM GAS  /tmp/ccYHHv1X.s 			page 10


 267:USB_DEVICE/App/usbd_cdc_if.c ****   /* USER CODE END 6 */
 268:USB_DEVICE/App/usbd_cdc_if.c **** }
 253              		.loc 1 268 1
 254 001a 1846     		mov	r0, r3
 255 001c 0837     		adds	r7, r7, #8
 256              	.LCFI15:
 257              		.cfi_def_cfa_offset 8
 258 001e BD46     		mov	sp, r7
 259              	.LCFI16:
 260              		.cfi_def_cfa_register 13
 261              		@ sp needed
 262 0020 80BD     		pop	{r7, pc}
 263              	.L25:
 264 0022 00BF     		.align	2
 265              	.L24:
 266 0024 00000000 		.word	hUsbDeviceFS
 267              		.cfi_endproc
 268              	.LFE223:
 270              		.section	.text.CDC_Transmit_FS,"ax",%progbits
 271              		.align	1
 272              		.global	CDC_Transmit_FS
 273              		.syntax unified
 274              		.thumb
 275              		.thumb_func
 277              	CDC_Transmit_FS:
 278              	.LFB224:
 269:USB_DEVICE/App/usbd_cdc_if.c **** 
 270:USB_DEVICE/App/usbd_cdc_if.c **** /**
 271:USB_DEVICE/App/usbd_cdc_if.c ****   * @brief  CDC_Transmit_FS
 272:USB_DEVICE/App/usbd_cdc_if.c ****   *         Data to send over USB IN endpoint are sent over CDC interface
 273:USB_DEVICE/App/usbd_cdc_if.c ****   *         through this function.
 274:USB_DEVICE/App/usbd_cdc_if.c ****   *         @note
 275:USB_DEVICE/App/usbd_cdc_if.c ****   *
 276:USB_DEVICE/App/usbd_cdc_if.c ****   *
 277:USB_DEVICE/App/usbd_cdc_if.c ****   * @param  Buf: Buffer of data to be sent
 278:USB_DEVICE/App/usbd_cdc_if.c ****   * @param  Len: Number of data to be sent (in bytes)
 279:USB_DEVICE/App/usbd_cdc_if.c ****   * @retval USBD_OK if all operations are OK else USBD_FAIL or USBD_BUSY
 280:USB_DEVICE/App/usbd_cdc_if.c ****   */
 281:USB_DEVICE/App/usbd_cdc_if.c **** uint8_t CDC_Transmit_FS(uint8_t* Buf, uint16_t Len)
 282:USB_DEVICE/App/usbd_cdc_if.c **** {
 279              		.loc 1 282 1
 280              		.cfi_startproc
 281              		@ args = 0, pretend = 0, frame = 16
 282              		@ frame_needed = 1, uses_anonymous_args = 0
 283 0000 80B5     		push	{r7, lr}
 284              	.LCFI17:
 285              		.cfi_def_cfa_offset 8
 286              		.cfi_offset 7, -8
 287              		.cfi_offset 14, -4
 288 0002 84B0     		sub	sp, sp, #16
 289              	.LCFI18:
 290              		.cfi_def_cfa_offset 24
 291 0004 00AF     		add	r7, sp, #0
 292              	.LCFI19:
 293              		.cfi_def_cfa_register 7
 294 0006 7860     		str	r0, [r7, #4]
 295 0008 0B46     		mov	r3, r1
ARM GAS  /tmp/ccYHHv1X.s 			page 11


 296 000a 7B80     		strh	r3, [r7, #2]	@ movhi
 283:USB_DEVICE/App/usbd_cdc_if.c ****   uint8_t result = USBD_OK;
 297              		.loc 1 283 11
 298 000c 0023     		movs	r3, #0
 299 000e FB73     		strb	r3, [r7, #15]
 284:USB_DEVICE/App/usbd_cdc_if.c ****   /* USER CODE BEGIN 7 */
 285:USB_DEVICE/App/usbd_cdc_if.c ****   USBD_CDC_HandleTypeDef *hcdc = (USBD_CDC_HandleTypeDef*)hUsbDeviceFS.pClassData;
 300              		.loc 1 285 27
 301 0010 0D4B     		ldr	r3, .L29
 302 0012 D3F8BC32 		ldr	r3, [r3, #700]
 303 0016 BB60     		str	r3, [r7, #8]
 286:USB_DEVICE/App/usbd_cdc_if.c ****   if (hcdc->TxState != 0){
 304              		.loc 1 286 11
 305 0018 BB68     		ldr	r3, [r7, #8]
 306 001a D3F81432 		ldr	r3, [r3, #532]
 307              		.loc 1 286 6
 308 001e 002B     		cmp	r3, #0
 309 0020 01D0     		beq	.L27
 287:USB_DEVICE/App/usbd_cdc_if.c ****     return USBD_BUSY;
 310              		.loc 1 287 12
 311 0022 0123     		movs	r3, #1
 312 0024 0BE0     		b	.L28
 313              	.L27:
 288:USB_DEVICE/App/usbd_cdc_if.c ****   }
 289:USB_DEVICE/App/usbd_cdc_if.c ****   USBD_CDC_SetTxBuffer(&hUsbDeviceFS, Buf, Len);
 314              		.loc 1 289 3
 315 0026 7B88     		ldrh	r3, [r7, #2]
 316 0028 1A46     		mov	r2, r3
 317 002a 7968     		ldr	r1, [r7, #4]
 318 002c 0648     		ldr	r0, .L29
 319 002e FFF7FEFF 		bl	USBD_CDC_SetTxBuffer
 290:USB_DEVICE/App/usbd_cdc_if.c ****   result = USBD_CDC_TransmitPacket(&hUsbDeviceFS);
 320              		.loc 1 290 12
 321 0032 0548     		ldr	r0, .L29
 322 0034 FFF7FEFF 		bl	USBD_CDC_TransmitPacket
 323 0038 0346     		mov	r3, r0
 324 003a FB73     		strb	r3, [r7, #15]
 291:USB_DEVICE/App/usbd_cdc_if.c ****   /* USER CODE END 7 */
 292:USB_DEVICE/App/usbd_cdc_if.c ****   return result;
 325              		.loc 1 292 10
 326 003c FB7B     		ldrb	r3, [r7, #15]	@ zero_extendqisi2
 327              	.L28:
 293:USB_DEVICE/App/usbd_cdc_if.c **** }
 328              		.loc 1 293 1
 329 003e 1846     		mov	r0, r3
 330 0040 1037     		adds	r7, r7, #16
 331              	.LCFI20:
 332              		.cfi_def_cfa_offset 8
 333 0042 BD46     		mov	sp, r7
 334              	.LCFI21:
 335              		.cfi_def_cfa_register 13
 336              		@ sp needed
 337 0044 80BD     		pop	{r7, pc}
 338              	.L30:
 339 0046 00BF     		.align	2
 340              	.L29:
 341 0048 00000000 		.word	hUsbDeviceFS
ARM GAS  /tmp/ccYHHv1X.s 			page 12


 342              		.cfi_endproc
 343              	.LFE224:
 345              		.section	.text.CDC_TransmitCplt_FS,"ax",%progbits
 346              		.align	1
 347              		.syntax unified
 348              		.thumb
 349              		.thumb_func
 351              	CDC_TransmitCplt_FS:
 352              	.LFB225:
 294:USB_DEVICE/App/usbd_cdc_if.c **** 
 295:USB_DEVICE/App/usbd_cdc_if.c **** /**
 296:USB_DEVICE/App/usbd_cdc_if.c ****   * @brief  CDC_TransmitCplt_FS
 297:USB_DEVICE/App/usbd_cdc_if.c ****   *         Data transmitted callback
 298:USB_DEVICE/App/usbd_cdc_if.c ****   *
 299:USB_DEVICE/App/usbd_cdc_if.c ****   *         @note
 300:USB_DEVICE/App/usbd_cdc_if.c ****   *         This function is IN transfer complete callback used to inform user that
 301:USB_DEVICE/App/usbd_cdc_if.c ****   *         the submitted Data is successfully sent over USB.
 302:USB_DEVICE/App/usbd_cdc_if.c ****   *
 303:USB_DEVICE/App/usbd_cdc_if.c ****   * @param  Buf: Buffer of data to be received
 304:USB_DEVICE/App/usbd_cdc_if.c ****   * @param  Len: Number of data received (in bytes)
 305:USB_DEVICE/App/usbd_cdc_if.c ****   * @retval Result of the operation: USBD_OK if all operations are OK else USBD_FAIL
 306:USB_DEVICE/App/usbd_cdc_if.c ****   */
 307:USB_DEVICE/App/usbd_cdc_if.c **** static int8_t CDC_TransmitCplt_FS(uint8_t *Buf, uint32_t *Len, uint8_t epnum)
 308:USB_DEVICE/App/usbd_cdc_if.c **** {
 353              		.loc 1 308 1
 354              		.cfi_startproc
 355              		@ args = 0, pretend = 0, frame = 24
 356              		@ frame_needed = 1, uses_anonymous_args = 0
 357              		@ link register save eliminated.
 358 0000 80B4     		push	{r7}
 359              	.LCFI22:
 360              		.cfi_def_cfa_offset 4
 361              		.cfi_offset 7, -4
 362 0002 87B0     		sub	sp, sp, #28
 363              	.LCFI23:
 364              		.cfi_def_cfa_offset 32
 365 0004 00AF     		add	r7, sp, #0
 366              	.LCFI24:
 367              		.cfi_def_cfa_register 7
 368 0006 F860     		str	r0, [r7, #12]
 369 0008 B960     		str	r1, [r7, #8]
 370 000a 1346     		mov	r3, r2
 371 000c FB71     		strb	r3, [r7, #7]
 309:USB_DEVICE/App/usbd_cdc_if.c ****   uint8_t result = USBD_OK;
 372              		.loc 1 309 11
 373 000e 0023     		movs	r3, #0
 374 0010 FB75     		strb	r3, [r7, #23]
 310:USB_DEVICE/App/usbd_cdc_if.c ****   /* USER CODE BEGIN 13 */
 311:USB_DEVICE/App/usbd_cdc_if.c ****   UNUSED(Buf);
 312:USB_DEVICE/App/usbd_cdc_if.c ****   UNUSED(Len);
 313:USB_DEVICE/App/usbd_cdc_if.c ****   UNUSED(epnum);
 314:USB_DEVICE/App/usbd_cdc_if.c ****   /* USER CODE END 13 */
 315:USB_DEVICE/App/usbd_cdc_if.c ****   return result;
 375              		.loc 1 315 10
 376 0012 97F91730 		ldrsb	r3, [r7, #23]
 316:USB_DEVICE/App/usbd_cdc_if.c **** }
 377              		.loc 1 316 1
ARM GAS  /tmp/ccYHHv1X.s 			page 13


 378 0016 1846     		mov	r0, r3
 379 0018 1C37     		adds	r7, r7, #28
 380              	.LCFI25:
 381              		.cfi_def_cfa_offset 4
 382 001a BD46     		mov	sp, r7
 383              	.LCFI26:
 384              		.cfi_def_cfa_register 13
 385              		@ sp needed
 386 001c 5DF8047B 		ldr	r7, [sp], #4
 387              	.LCFI27:
 388              		.cfi_restore 7
 389              		.cfi_def_cfa_offset 0
 390 0020 7047     		bx	lr
 391              		.cfi_endproc
 392              	.LFE225:
 394              		.text
 395              	.Letext0:
 396              		.file 2 "/opt/arm-gnu-toolchain-12.2.rel1-x86_64-arm-none-eabi/arm-none-eabi/include/machine/_defa
 397              		.file 3 "/opt/arm-gnu-toolchain-12.2.rel1-x86_64-arm-none-eabi/arm-none-eabi/include/sys/_stdint.h
 398              		.file 4 "Middlewares/ST/STM32_USB_Device_Library/Core/Inc/usbd_def.h"
 399              		.file 5 "Middlewares/ST/STM32_USB_Device_Library/Class/CDC/Inc/usbd_cdc.h"
 400              		.file 6 "USB_DEVICE/App/usbd_cdc_if.h"
ARM GAS  /tmp/ccYHHv1X.s 			page 14


DEFINED SYMBOLS
                            *ABS*:0000000000000000 usbd_cdc_if.c
     /tmp/ccYHHv1X.s:25     .bss.UserRxBufferFS:0000000000000000 UserRxBufferFS
     /tmp/ccYHHv1X.s:22     .bss.UserRxBufferFS:0000000000000000 $d
     /tmp/ccYHHv1X.s:32     .bss.UserTxBufferFS:0000000000000000 UserTxBufferFS
     /tmp/ccYHHv1X.s:29     .bss.UserTxBufferFS:0000000000000000 $d
     /tmp/ccYHHv1X.s:39     .data.USBD_Interface_fops_FS:0000000000000000 USBD_Interface_fops_FS
     /tmp/ccYHHv1X.s:36     .data.USBD_Interface_fops_FS:0000000000000000 $d
     /tmp/ccYHHv1X.s:51     .text.CDC_Init_FS:0000000000000000 CDC_Init_FS
     /tmp/ccYHHv1X.s:94     .text.CDC_DeInit_FS:0000000000000000 CDC_DeInit_FS
     /tmp/ccYHHv1X.s:130    .text.CDC_Control_FS:0000000000000000 CDC_Control_FS
     /tmp/ccYHHv1X.s:225    .text.CDC_Receive_FS:0000000000000000 CDC_Receive_FS
     /tmp/ccYHHv1X.s:351    .text.CDC_TransmitCplt_FS:0000000000000000 CDC_TransmitCplt_FS
     /tmp/ccYHHv1X.s:46     .text.CDC_Init_FS:0000000000000000 $t
     /tmp/ccYHHv1X.s:82     .text.CDC_Init_FS:000000000000001c $d
     /tmp/ccYHHv1X.s:89     .text.CDC_DeInit_FS:0000000000000000 $t
     /tmp/ccYHHv1X.s:125    .text.CDC_Control_FS:0000000000000000 $t
     /tmp/ccYHHv1X.s:160    .text.CDC_Control_FS:000000000000001c $d
     /tmp/ccYHHv1X.s:196    .text.CDC_Control_FS:00000000000000ac $t
     /tmp/ccYHHv1X.s:220    .text.CDC_Receive_FS:0000000000000000 $t
     /tmp/ccYHHv1X.s:266    .text.CDC_Receive_FS:0000000000000024 $d
     /tmp/ccYHHv1X.s:271    .text.CDC_Transmit_FS:0000000000000000 $t
     /tmp/ccYHHv1X.s:277    .text.CDC_Transmit_FS:0000000000000000 CDC_Transmit_FS
     /tmp/ccYHHv1X.s:341    .text.CDC_Transmit_FS:0000000000000048 $d
     /tmp/ccYHHv1X.s:346    .text.CDC_TransmitCplt_FS:0000000000000000 $t

UNDEFINED SYMBOLS
USBD_CDC_SetTxBuffer
USBD_CDC_SetRxBuffer
hUsbDeviceFS
USBD_CDC_ReceivePacket
USBD_CDC_TransmitPacket
